2020-03-23 12:37:11,229 - root - Namespace(config='/Users/sheetskristen/covid/data/tmnt/_model_dir/model.config', encoder_coherence=False, eval_freq=1, exact_epochs=False, gpu=-1, hybridize=False, init_sparsity_pen=1e-05, model_dir=None, num_final_evals=1, optimize_encoder_coherence=False, save_dir='/Users/sheetskristen/covid/data/tmnt/_experiments/', scalar_covars=False, seed=1234, sparsity_threshold=0.001, str_encoding='utf-8', topic_seed_file=None, tr_vec_file='/Users/sheetskristen/covid/data/tmnt/vector_files/covid_train.2k.vec', trace_file=None, tst_vec_file=None, use_labels_as_covars=False, val_vec_file='/Users/sheetskristen/covid/data/tmnt/vector_files/covid_val.2k.vec', vocab_file='/Users/sheetskristen/covid/data/tmnt/vector_files/covid.2k.vocab')
2020-03-23 12:37:11,230 - root - Loading data via pre-computed vocabulary and sparse vector format document representation
2020-03-23 12:37:27,725 - root - Evaluating with Budget 27 against Config: {'batch_size': 100, 'embedding_source': 'glove:glove.42B.300d', 'enc_hidden_dim': 400, 'fixed_embedding': False, 'latent_distribution': 'vmf', 'lr': 3.7019970990795127e-06, 'n_latent': 20, 'optimizer': 'adam', 'kappa': 82.600547331476, 'training_epochs': 27, 'embedding_size': 300, 'num_enc_layers': 1}
2020-03-23 12:37:31,980 - root - Loading pre-trained token embedding vectors from /Users/sheetskristen/.mxnet/embedding/glove/glove.42B.300d.npz
2020-03-23 12:38:12,853 - root - Term cells is OOV
2020-03-23 12:38:13,133 - root - Term pedv is OOV
2020-03-23 12:38:13,165 - root - Term zikv is OOV
2020-03-23 12:38:13,369 - root - Term hcov is OOV
2020-03-23 12:38:13,480 - root - Term µl is OOV
2020-03-23 12:38:13,533 - root - Term µm is OOV
2020-03-23 12:38:13,629 - root - Term µg is OOV
2020-03-23 12:38:13,673 - root - Term κb is OOV
2020-03-23 12:38:13,719 - root - Term covid is OOV
2020-03-23 12:38:13,891 - root - Term 229e is OOV
2020-03-23 12:38:13,960 - root - Term nl63 is OOV
2020-03-23 12:38:14,036 - root - Term 1β is OOV
2020-03-23 12:38:14,048 - root - Term 37uc is OOV
2020-03-23 12:38:14,070 - root - >> 13 Words did not appear in embedding source glove:glove.42B.300d
2020-03-23 12:38:14,862 - root - Total validation/test instances = 64900, batch_size = 100, last_batch = 0, num batches = 649
2020-03-23 12:39:12,315 - root - Epoch 0: Loss = 395.7577038298328
2020-03-23 12:39:12,315 - root - [Rec loss = 379.8118] [KL loss =  15.9459] [Entropy loss =   0.0000] [Coh. loss =   0.0000] [Red. loss =   0.0000]
2020-03-23 12:39:18,590 - root - TEST/VALIDATION Perplexity = 1734.8751194565602 [ Rec Loss = 23494160.690429688 + KL loss = 1033296.1962890625 / Total test words = 3288440.0]
2020-03-23 12:39:21,473 - root - Test Coherence: 0.06537253685161715
2020-03-23 12:39:21,474 - root - Test Redundancy at 5: 0.0003999999999999963
2020-03-23 12:39:21,474 - root - Topic 0: ['cd8', 'antiviral', 'production', 'attenuated', 'dc', 'peripheral', 'upregulated', 'pkr', 'manner', 'negative']
2020-03-23 12:39:21,474 - root - Topic 1: ['world', 'prevalence', 'statistical', 'veterinary', 'community', 'variance', 'understand', 'intensive', 'article', 'prediction']
2020-03-23 12:39:21,474 - root - Topic 2: ['higher', 'suggests', 'led', 'bacteria', 'intermediate', 'passage', 'classes', 'gp', 'areas', 'ncbi']
2020-03-23 12:39:21,475 - root - Topic 3: ['disease', 'recent', 'hospital', 'reports', 'strategies', 'tissues', 'reviewed', 'newly', 'preparedness', 'project']
2020-03-23 12:39:21,475 - root - Topic 4: ['rabbit', 'goat', 'κb', 'kinetics', 'avian', 'vaccination', 'blot', '1c', 'exposure', 'pfu']
2020-03-23 12:39:21,475 - root - Topic 5: ['individuals', 'implementation', 'emerging', 'hospitalized', 'burden', 'evaluate', 'community', 'west', 'cough', 'states']
2020-03-23 12:39:21,475 - root - Topic 6: ['review', 'number', 'access', 'sources', 'positive', 'variables', 'states', 'comprehensive', 'initial', 'parameters']
2020-03-23 12:39:21,475 - root - Topic 7: ['procedure', 'content', 'months', 'cleaved', 'flow', 'progression', 'ns1', 'outcome', 'sites', 'release']
2020-03-23 12:39:21,475 - root - Topic 8: ['plate', 'mock', 'ph', 'cell', 'subsequently', '4b', 'standard', 'injected', 'abundance', 'separate']
2020-03-23 12:39:21,476 - root - Topic 9: ['specific', 'performed', 'beads', 'detect', 'represented', 'similarity', 'sequences', 'gene', 'coupled', 'sequencing']
2020-03-23 12:39:21,476 - root - Topic 10: ['cell', 'extracellular', 'apoptosis', 'short', 'tumor', 'establish', 'dr', 'identification', 'increase', 'properties']
2020-03-23 12:39:21,476 - root - Topic 11: ['performed', 'phosphorylation', 'enzyme', 'dilutions', 'regulated', 'presence', 'epithelial', 'channel', 'transfected', 'molecule']
2020-03-23 12:39:21,476 - root - Topic 12: ['sites', 'conformation', 'gene', 'figure', 'e2', '4a', 'construct', 'component', 'genomic', 'inhibitors']
2020-03-23 12:39:21,476 - root - Topic 13: ['proteins', 'interaction', 'structure', 'peptides', 'reference', 'potential', 'pathogenic', 'inhibitory', 'entire', 'proposed']
2020-03-23 12:39:21,476 - root - Topic 14: ['identify', 'pressure', 'factors', 'attention', 'trial', 'providing', 'genome', 'including', 'strains', 'symptoms']
2020-03-23 12:39:21,476 - root - Topic 15: ['sample', 'subjected', 'program', 'ml', 'participants', 'performed', 'extraction', 'temperature', 'versus', 'statistical']
2020-03-23 12:39:21,477 - root - Topic 16: ['education', 'state', 'states', 'areas', 'treatments', 'place', 'young', 'paper', 'united', 'growth']
2020-03-23 12:39:21,477 - root - Topic 17: ['enveloped', 'detection', 'al', 'north', 'transmission', 'swab', 'morbidity', 'diverse', 'acids', 'characterized']
2020-03-23 12:39:21,477 - root - Topic 18: ['influenza', 'supernatants', 'simple', 'difficult', 'µl', 'late', 'community', 'series', 'transmission', 'animal']
2020-03-23 12:39:21,478 - root - Topic 19: ['training', 'shown', 'type', 'results', 'aim', 'basic', 'online', 'observed', 'experience', 'incidence']
2020-03-23 12:40:18,903 - root - Epoch 1: Loss = 395.64192607505095
2020-03-23 12:40:18,903 - root - [Rec loss = 379.6960] [KL loss =  15.9459] [Entropy loss =   0.0000] [Coh. loss =   0.0000] [Red. loss =   0.0000]
2020-03-23 12:40:25,312 - root - TEST/VALIDATION Perplexity = 1731.0864398018837 [ Rec Loss = 23486971.4296875 + KL loss = 1033296.1962890625 / Total test words = 3288440.0]
2020-03-23 12:40:28,487 - root - Test Coherence: 0.09999896351043777
2020-03-23 12:40:28,487 - root - Test Redundancy at 5: 0.006400000000000012
2020-03-23 12:40:28,488 - root - Topic 0: ['antiviral', 'cd8', 'production', 'virus', 'response', 'infection', 'vivo', 'damage', 'attenuated', 'upregulated']
2020-03-23 12:40:28,488 - root - Topic 1: ['statistical', 'world', 'community', 'variance', 'prevalence', 'veterinary', 'understand', 'article', 'system', 'collection']
2020-03-23 12:40:28,488 - root - Topic 2: ['higher', 'suggests', 'bats', 'regions', 'intermediate', 'bacteria', 'led', 'passage', 'ncbi', 'fragments']
2020-03-23 12:40:28,488 - root - Topic 3: ['disease', 'hospital', 'recent', 'strategies', 'reports', 'research', 'outcomes', 'africa', 'health', 'preparedness']
2020-03-23 12:40:28,488 - root - Topic 4: ['goat', 'rabbit', 'blot', 'pfu', 'ph', 'vero', 'transfected', 'milk', 'kinetics', 'glycoprotein']
2020-03-23 12:40:28,488 - root - Topic 5: ['individuals', 'hospitalized', 'community', 'severity', 'implementation', 'burden', 'cough', 'emerging', 'states', 'group']
2020-03-23 12:40:28,488 - root - Topic 6: ['review', 'number', 'access', 'sources', 'icu', 'positive', 'states', 'statistical', 'variables', 'received']
2020-03-23 12:40:28,489 - root - Topic 7: ['flow', 'anti', 'treated', 'content', 'procedure', 'progression', 'release', 'cleaved', 'months', 'monoclonal']
2020-03-23 12:40:28,489 - root - Topic 8: ['cell', 'plate', 'ph', 'mock', 'min', 'subsequently', 'nacl', 'cultures', 'injected', '4b']
2020-03-23 12:40:28,489 - root - Topic 9: ['gene', 'sequences', 'performed', 'sequencing', 'similarity', 'constructed', 'detect', 'specific', 'library', 'represented']
2020-03-23 12:40:28,489 - root - Topic 10: ['cell', 'protein', 'extracellular', 'apoptosis', 'tumor', 'peptide', 'vaccine', 'properties', 'short', 'translational']
2020-03-23 12:40:28,489 - root - Topic 11: ['phosphorylation', 'transfected', 'epithelial', 'performed', 'regulated', 'presence', 'enzyme', 'molecule', 'dilutions', 'cytometry']
2020-03-23 12:40:28,489 - root - Topic 12: ['figure', 'sites', 'gene', 'conformation', 'sequence', 'construct', 'genomic', '4a', 'e2', 'nt']
2020-03-23 12:40:28,490 - root - Topic 13: ['proteins', 'interaction', 'structure', 'peptides', 'potential', 'inhibitory', 'plays', 'initiation', 'proposed', 'pathogenic']
2020-03-23 12:40:28,490 - root - Topic 14: ['symptoms', 'identify', 'strains', 'pressure', 'rate', 'laboratory', 'factors', 'upper', 'likelihood', 'trial']
2020-03-23 12:40:28,490 - root - Topic 15: ['sample', 'ml', 'performed', 'min', 'temperature', 'subjected', 'statistical', 'extraction', 'program', 'participants']
2020-03-23 12:40:28,490 - root - Topic 16: ['areas', 'state', 'states', 'education', 'treatments', 'place', 'united', 'study', 'variables', 'paper']
2020-03-23 12:40:28,490 - root - Topic 17: ['al', 'detection', 'enveloped', 'viruses', 'transmission', 'morbidity', 'north', 'diverse', 'east', 'swab']
2020-03-23 12:40:28,490 - root - Topic 18: ['influenza', 'transmission', 'animal', 'samples', 'µl', 'number', 'immunization', 'simple', 'periods', 'difficult']
2020-03-23 12:40:28,490 - root - Topic 19: ['training', 'results', 'data', 'shown', 'basic', 'method', 'incidence', 'type', 'surveillance', 'larger']
2020-03-23 12:41:26,945 - root - Epoch 2: Loss = 395.5284313417585
2020-03-23 12:41:26,946 - root - [Rec loss = 379.5825] [KL loss =  15.9459] [Entropy loss =   0.0000] [Coh. loss =   0.0000] [Red. loss =   0.0000]
2020-03-23 12:41:33,513 - root - TEST/VALIDATION Perplexity = 1727.4358719322004 [ Rec Loss = 23480029.344726562 + KL loss = 1033296.1962890625 / Total test words = 3288440.0]
2020-03-23 12:41:36,599 - root - Test Coherence: 0.12212823352229622
2020-03-23 12:41:36,599 - root - Test Redundancy at 5: 0.012099999999999998
2020-03-23 12:41:36,599 - root - Topic 0: ['antiviral', 'production', 'infection', 'response', 'virus', 'cd8', 'vivo', 'mice', 'damage', 'inflammation']
2020-03-23 12:41:36,600 - root - Topic 1: ['statistical', 'world', 'community', 'system', 'collection', 'variance', 'understand', 'veterinary', 'policy', 'development']
2020-03-23 12:41:36,600 - root - Topic 2: ['higher', 'bats', 'suggests', 'regions', 'cov', 'intermediate', 'bacteria', 'substitution', 'nucleic', 'virus']
2020-03-23 12:41:36,600 - root - Topic 3: ['disease', 'hospital', 'recent', 'health', 'research', 'strategies', 'outcomes', 'reports', 'surveillance', 'diseases']
2020-03-23 12:41:36,600 - root - Topic 4: ['goat', 'rabbit', 'ph', 'blot', 'transfected', 'vero', 'min', 'pfu', 'milk', 'igg']
2020-03-23 12:41:36,600 - root - Topic 5: ['individuals', 'hospitalized', 'group', 'severity', 'community', 'cough', 'outbreak', 'burden', 'animals', 'implementation']
2020-03-23 12:41:36,601 - root - Topic 6: ['review', 'number', 'access', 'icu', 'received', 'statistical', 'sources', 'states', 'emergency', 'positive']
2020-03-23 12:41:36,601 - root - Topic 7: ['anti', 'treated', 'flow', 'monoclonal', 'measured', 'content', 'procedure', 'inflammatory', 'release', 'progression']
2020-03-23 12:41:36,601 - root - Topic 8: ['cell', 'ph', 'min', 'plate', 'mock', 'nacl', 'cultures', 'subsequently', 'previously', 'diluted']
2020-03-23 12:41:36,601 - root - Topic 9: ['gene', 'sequences', 'performed', 'sequencing', 'constructed', 'similarity', 'library', 'detect', 'template', 'nucleic']
2020-03-23 12:41:36,601 - root - Topic 10: ['cell', 'protein', 'vaccine', 'apoptosis', 'extracellular', 'tumor', 'peptide', 'innate', 'properties', 'enhance']
2020-03-23 12:41:36,601 - root - Topic 11: ['transfected', 'cells', 'cell', 'phosphorylation', 'epithelial', 'regulated', 'presence', 'cytometry', 'molecule', 'inhibit']
2020-03-23 12:41:36,602 - root - Topic 12: ['figure', 'sites', 'gene', 'sequence', 'protein', 'conformation', 'genome', 'nt', 'genomic', 'construct']
2020-03-23 12:41:36,602 - root - Topic 13: ['proteins', 'interaction', 'structure', 'peptides', 'plays', 'inhibitory', 'initiation', 'proposed', 'response', 'potential']
2020-03-23 12:41:36,602 - root - Topic 14: ['symptoms', 'rate', 'strains', 'laboratory', 'time', 'case', 'identify', 'pressure', 'testing', 'upper']
2020-03-23 12:41:36,602 - root - Topic 15: ['ml', 'performed', 'sample', 'min', 'temperature', 'statistical', 'subjected', 'extraction', 'final', 'method']
2020-03-23 12:41:36,602 - root - Topic 16: ['study', 'areas', 'state', 'states', 'education', 'treatments', 'days', 'variables', 'considered', 'united']
2020-03-23 12:41:36,602 - root - Topic 17: ['viruses', 'al', 'detection', 'transmission', 'enveloped', 'morbidity', 'recently', 'east', 'strains', 'north']
2020-03-23 12:41:36,603 - root - Topic 18: ['influenza', 'animal', 'transmission', 'samples', 'number', 'periods', 'immunization', 'case', 'µl', 'probability']
2020-03-23 12:41:36,603 - root - Topic 19: ['data', 'method', 'training', 'results', 'incidence', 'basic', 'larger', 'shown', 'surveillance', 'final']
2020-03-23 12:42:34,858 - root - Epoch 3: Loss = 395.3822701550343
2020-03-23 12:42:34,858 - root - [Rec loss = 379.4363] [KL loss =  15.9459] [Entropy loss =   0.0000] [Coh. loss =   0.0000] [Red. loss =   0.0000]
2020-03-23 12:42:41,112 - root - TEST/VALIDATION Perplexity = 1723.8827434971192 [ Rec Loss = 23473258.452148438 + KL loss = 1033296.1962890625 / Total test words = 3288440.0]
2020-03-23 12:42:44,115 - root - Test Coherence: 0.1397347939995917
2020-03-23 12:42:44,115 - root - Test Redundancy at 5: 0.01690000000000003
2020-03-23 12:42:44,115 - root - Topic 0: ['infection', 'antiviral', 'production', 'response', 'virus', 'mice', 'cd8', 'vivo', 'inflammation', 'damage']
2020-03-23 12:42:44,116 - root - Topic 1: ['statistical', 'community', 'world', 'information', 'system', 'collection', 'development', 'policy', 'variance', 'understand']
2020-03-23 12:42:44,116 - root - Topic 2: ['bats', 'higher', 'cov', 'suggests', 'virus', 'regions', 'substitution', 'intermediate', 'nucleic', 'selection']
2020-03-23 12:42:44,116 - root - Topic 3: ['disease', 'health', 'recent', 'hospital', 'diseases', 'research', 'strategies', 'outcomes', 'surveillance', 'reports']
2020-03-23 12:42:44,116 - root - Topic 4: ['goat', 'rabbit', 'min', 'ph', 'transfected', 'blot', 'diluted', 'incubated', 'pbs', 'vero']
2020-03-23 12:42:44,117 - root - Topic 5: ['individuals', 'group', 'hospitalized', 'severity', 'community', 'outbreak', 'cough', 'groups', 'included', 'contact']
2020-03-23 12:42:44,117 - root - Topic 6: ['review', 'number', 'access', 'icu', 'received', 'years', 'emergency', 'states', 'statistical', 'burden']
2020-03-23 12:42:44,117 - root - Topic 7: ['anti', 'treated', 'flow', 'monoclonal', 'mouse', 'measured', 'inflammatory', 'incubated', 'briefly', 'cells']
2020-03-23 12:42:44,117 - root - Topic 8: ['cell', 'min', 'ph', 'plate', 'mock', 'nacl', 'previously', 'cultures', 'diluted', 'subsequently']
2020-03-23 12:42:44,117 - root - Topic 9: ['gene', 'sequences', 'performed', 'sequencing', 'constructed', 'library', 'similarity', 'template', 'software', 'cloned']
2020-03-23 12:42:44,117 - root - Topic 10: ['cell', 'protein', 'vaccine', 'apoptosis', 'tumor', 'peptide', 'extracellular', 'innate', 'properties', 'enhance']
2020-03-23 12:42:44,117 - root - Topic 11: ['cells', 'cell', 'transfected', 'phosphorylation', 'epithelial', 'regulated', 'presence', 'inhibit', 'cytometry', 'knockdown']
2020-03-23 12:42:44,118 - root - Topic 12: ['figure', 'sites', 'sequence', 'protein', 'gene', 'conformation', 'genome', 'conserved', 'region', 'shown']
2020-03-23 12:42:44,118 - root - Topic 13: ['proteins', 'interaction', 'structure', 'peptides', 'binding', 'plays', 'rna', 'initiation', 'inhibitory', 'proposed']
2020-03-23 12:42:44,118 - root - Topic 14: ['symptoms', 'rate', 'time', 'laboratory', 'case', 'strains', 'collected', 'testing', 'previous', 'upper']
2020-03-23 12:42:44,118 - root - Topic 15: ['ml', 'performed', 'sample', 'min', 'temperature', 'statistical', 'extraction', 'subjected', 'final', 'method']
2020-03-23 12:42:44,118 - root - Topic 16: ['study', 'areas', 'days', 'treatment', 'state', 'states', 'education', 'considered', 'treatments', 'variables']
2020-03-23 12:42:44,118 - root - Topic 17: ['viruses', 'al', 'transmission', 'detection', 'enveloped', 'strains', 'recently', 'east', 'morbidity', 'viral']
2020-03-23 12:42:44,119 - root - Topic 18: ['influenza', 'animal', 'samples', 'transmission', 'number', 'time', 'case', 'periods', 'immunization', 'probability']
2020-03-23 12:42:44,119 - root - Topic 19: ['data', 'method', 'results', 'incidence', 'basic', 'training', 'larger', 'surveillance', 'set', 'final']
2020-03-23 12:43:42,408 - root - Epoch 4: Loss = 395.27891229969435
2020-03-23 12:43:42,408 - root - [Rec loss = 379.3330] [KL loss =  15.9459] [Entropy loss =   0.0000] [Coh. loss =   0.0000] [Red. loss =   0.0000]
2020-03-23 12:43:48,850 - root - TEST/VALIDATION Perplexity = 1718.9649608724433 [ Rec Loss = 23463863.994140625 + KL loss = 1033296.1962890625 / Total test words = 3288440.0]
2020-03-23 12:43:51,953 - root - Test Coherence: 0.1457407636532656
2020-03-23 12:43:51,953 - root - Test Redundancy at 5: 0.01690000000000003
2020-03-23 12:43:51,954 - root - Topic 0: ['infection', 'response', 'antiviral', 'production', 'virus', 'mice', 'cd8', 'vivo', 'ifn', 'inflammation']
2020-03-23 12:43:51,954 - root - Topic 1: ['statistical', 'information', 'community', 'world', 'system', 'collection', 'development', 'policy', 'variance', 'knowledge']
2020-03-23 12:43:51,954 - root - Topic 2: ['bats', 'cov', 'virus', 'higher', 'regions', 'suggests', 'substitution', 'nucleic', 'selection', 'intermediate']
2020-03-23 12:43:51,955 - root - Topic 3: ['disease', 'health', 'diseases', 'recent', 'hospital', 'research', 'surveillance', 'strategies', 'outcomes', 'risk']
2020-03-23 12:43:51,955 - root - Topic 4: ['goat', 'rabbit', 'min', 'incubated', 'ph', 'pbs', 'diluted', 'ml', 'transfected', 'igg']
2020-03-23 12:43:51,955 - root - Topic 5: ['individuals', 'group', 'groups', 'severity', 'hospitalized', 'outbreak', 'community', 'time', 'cough', 'included']
2020-03-23 12:43:51,955 - root - Topic 6: ['review', 'number', 'years', 'access', 'icu', 'received', 'emergency', 'burden', 'states', 'statistical']
2020-03-23 12:43:51,955 - root - Topic 7: ['anti', 'treated', 'flow', 'monoclonal', 'cells', 'mouse', 'incubated', 'inflammatory', 'measured', 'briefly']
2020-03-23 12:43:51,956 - root - Topic 8: ['cell', 'min', 'ph', 'plate', 'mock', 'cells', 'previously', 'nacl', 'cultures', 'diluted']
2020-03-23 12:43:51,956 - root - Topic 9: ['gene', 'sequences', 'performed', 'sequencing', 'constructed', 'library', 'software', 'similarity', 'template', 'cloned']
2020-03-23 12:43:51,956 - root - Topic 10: ['cell', 'protein', 'vaccine', 'peptide', 'tumor', 'innate', 'apoptosis', 'extracellular', 'enhance', 'properties']
2020-03-23 12:43:51,956 - root - Topic 11: ['cells', 'cell', 'transfected', 'phosphorylation', 'epithelial', 'regulated', 'inhibit', 'cytometry', 'fig', 'ifn']
2020-03-23 12:43:51,956 - root - Topic 12: ['figure', 'protein', 'sequence', 'sites', 'gene', 'conformation', 'region', 'conserved', 'genome', 'shown']
2020-03-23 12:43:51,957 - root - Topic 13: ['proteins', 'interaction', 'structure', 'binding', 'peptides', 'plays', 'rna', 'initiation', 'inhibitory', 'proposed']
2020-03-23 12:43:51,957 - root - Topic 14: ['symptoms', 'time', 'rate', 'laboratory', 'case', 'strains', 'collected', 'testing', 'detected', 'previous']
2020-03-23 12:43:51,957 - root - Topic 15: ['performed', 'ml', 'sample', 'min', 'temperature', 'statistical', 'final', 'extraction', 'subjected', 'method']
2020-03-23 12:43:51,957 - root - Topic 16: ['study', 'treatment', 'days', 'areas', 'state', 'education', 'states', 'considered', 'staff', 'treatments']
2020-03-23 12:43:51,958 - root - Topic 17: ['viruses', 'al', 'transmission', 'detection', 'strains', 'viral', 'recently', 'enveloped', 'east', 'morbidity']
2020-03-23 12:43:51,958 - root - Topic 18: ['influenza', 'animal', 'samples', 'transmission', 'time', 'number', 'case', 'periods', 'immunization', 'probability']
2020-03-23 12:43:51,958 - root - Topic 19: ['data', 'method', 'incidence', 'results', 'number', 'basic', 'larger', 'training', 'set', 'maximum']
2020-03-23 12:44:49,797 - root - Epoch 5: Loss = 395.14989610590726
2020-03-23 12:44:49,797 - root - [Rec loss = 379.2040] [KL loss =  15.9459] [Entropy loss =   0.0000] [Coh. loss =   0.0000] [Red. loss =   0.0000]
2020-03-23 12:44:56,251 - root - TEST/VALIDATION Perplexity = 1716.15308250453 [ Rec Loss = 23458480.368164062 + KL loss = 1033296.1962890625 / Total test words = 3288440.0]
2020-03-23 12:44:59,334 - root - Test Coherence: 0.15047234313184435
2020-03-23 12:44:59,334 - root - Test Redundancy at 5: 0.01690000000000003
2020-03-23 12:44:59,335 - root - Topic 0: ['infection', 'response', 'production', 'antiviral', 'mice', 'virus', 'cd8', 'vivo', 'ifn', 'inflammation']
2020-03-23 12:44:59,335 - root - Topic 1: ['statistical', 'information', 'community', 'world', 'system', 'development', 'collection', 'policy', 'knowledge', 'data']
2020-03-23 12:44:59,335 - root - Topic 2: ['virus', 'cov', 'bats', 'regions', 'higher', 'suggests', 'substitution', 'nucleic', 'genetic', 'selection']
2020-03-23 12:44:59,335 - root - Topic 3: ['disease', 'health', 'diseases', 'recent', 'research', 'risk', 'surveillance', 'hospital', 'strategies', 'outcomes']
2020-03-23 12:44:59,335 - root - Topic 4: ['goat', 'min', 'incubated', 'rabbit', 'ml', 'pbs', 'ph', 'diluted', 'transfected', 'igg']
2020-03-23 12:44:59,336 - root - Topic 5: ['individuals', 'group', 'groups', 'outbreak', 'severity', 'time', 'hospitalized', 'age', 'community', 'cough']
2020-03-23 12:44:59,336 - root - Topic 6: ['review', 'number', 'years', 'access', 'icu', 'received', 'emergency', 'burden', 'states', 'statistical']
2020-03-23 12:44:59,336 - root - Topic 7: ['anti', 'cells', 'treated', 'flow', 'mouse', 'monoclonal', 'incubated', 'inflammatory', 'measured', 'briefly']
2020-03-23 12:44:59,336 - root - Topic 8: ['cell', 'min', 'ph', 'cells', 'plate', 'mock', 'previously', 'nacl', 'grown', 'cultures']
2020-03-23 12:44:59,336 - root - Topic 9: ['sequences', 'gene', 'performed', 'sequencing', 'constructed', 'software', 'genes', 'library', 'template', 'cloned']
2020-03-23 12:44:59,336 - root - Topic 10: ['cell', 'protein', 'vaccine', 'innate', 'peptide', 'tumor', 'apoptosis', 'antigen', 'antigens', 'enhance']
2020-03-23 12:44:59,337 - root - Topic 11: ['cells', 'cell', 'transfected', 'phosphorylation', 'epithelial', 'regulated', 'inhibit', 'ifn', 'fig', 'cytometry']
2020-03-23 12:44:59,337 - root - Topic 12: ['figure', 'protein', 'sequence', 'sites', 'gene', 'region', 'conserved', 'conformation', 'genome', 'shown']
2020-03-23 12:44:59,337 - root - Topic 13: ['proteins', 'interaction', 'structure', 'binding', 'rna', 'peptides', 'plays', 'initiation', 'nuclear', 'inhibitory']
2020-03-23 12:44:59,337 - root - Topic 14: ['symptoms', 'time', 'rate', 'laboratory', 'collected', 'case', 'detected', 'strains', 'testing', 'study']
2020-03-23 12:44:59,337 - root - Topic 15: ['performed', 'ml', 'sample', 'min', 'temperature', 'statistical', 'final', 'extraction', 'method', 'subjected']
2020-03-23 12:44:59,338 - root - Topic 16: ['study', 'treatment', 'days', 'areas', 'state', 'education', 'staff', 'considered', 'states', 'treatments']
2020-03-23 12:44:59,338 - root - Topic 17: ['viruses', 'al', 'transmission', 'viral', 'detection', 'strains', 'recently', 'east', 'enveloped', 'morbidity']
2020-03-23 12:44:59,338 - root - Topic 18: ['influenza', 'animal', 'samples', 'transmission', 'time', 'number', 'case', 'periods', 'days', 'immunization']
2020-03-23 12:44:59,338 - root - Topic 19: ['data', 'method', 'number', 'incidence', 'set', 'results', 'model', 'basic', 'larger', 'case']
2020-03-23 12:45:55,213 - root - Epoch 6: Loss = 395.06935994089247
2020-03-23 12:45:55,213 - root - [Rec loss = 379.1234] [KL loss =  15.9459] [Entropy loss =   0.0000] [Coh. loss =   0.0000] [Red. loss =   0.0000]
2020-03-23 12:46:01,554 - root - TEST/VALIDATION Perplexity = 1712.114320766737 [ Rec Loss = 23450732.295898438 + KL loss = 1033296.1962890625 / Total test words = 3288440.0]
2020-03-23 12:46:04,558 - root - Test Coherence: 0.15848932499533233
2020-03-23 12:46:04,559 - root - Test Redundancy at 5: 0.022500000000000006
2020-03-23 12:46:04,559 - root - Topic 0: ['infection', 'response', 'mice', 'production', 'antiviral', 'virus', 'ifn', 'vivo', 'cd8', 'inflammation']
2020-03-23 12:46:04,559 - root - Topic 1: ['statistical', 'information', 'community', 'world', 'system', 'data', 'development', 'policy', 'collection', 'knowledge']
2020-03-23 12:46:04,560 - root - Topic 2: ['virus', 'cov', 'bats', 'regions', 'suggests', 'substitution', 'higher', 'genetic', 'binding', 'selection']
2020-03-23 12:46:04,560 - root - Topic 3: ['disease', 'health', 'diseases', 'recent', 'risk', 'research', 'surveillance', 'strategies', 'infection', 'africa']
2020-03-23 12:46:04,560 - root - Topic 4: ['incubated', 'min', 'goat', 'ml', 'pbs', 'rabbit', 'ph', 'diluted', 'room', 'igg']
2020-03-23 12:46:04,560 - root - Topic 5: ['individuals', 'group', 'groups', 'time', 'age', 'outbreak', 'severity', 'hospitalized', 'case', 'contact']
2020-03-23 12:46:04,560 - root - Topic 6: ['review', 'number', 'years', 'access', 'icu', 'emergency', 'received', 'burden', 'states', 'care']
2020-03-23 12:46:04,561 - root - Topic 7: ['anti', 'cells', 'treated', 'incubated', 'mouse', 'flow', 'monoclonal', 'inflammatory', 'measured', 'briefly']
2020-03-23 12:46:04,561 - root - Topic 8: ['cell', 'cells', 'min', 'ph', 'plate', 'mock', 'previously', 'nacl', 'mm', 'grown']
2020-03-23 12:46:04,561 - root - Topic 9: ['sequences', 'gene', 'sequencing', 'performed', 'genes', 'constructed', 'software', 'kit', 'library', 'cloned']
2020-03-23 12:46:04,561 - root - Topic 10: ['cell', 'protein', 'vaccine', 'innate', 'antigen', 'peptide', 'tumor', 'antigens', 'apoptosis', 'protection']
2020-03-23 12:46:04,561 - root - Topic 11: ['cells', 'cell', 'transfected', 'phosphorylation', 'epithelial', 'regulated', 'ifn', 'inhibit', 'fig', 'cytometry']
2020-03-23 12:46:04,561 - root - Topic 12: ['protein', 'figure', 'sequence', 'sites', 'region', 'gene', 'conserved', 'conformation', 'genome', 'shown']
2020-03-23 12:46:04,561 - root - Topic 13: ['proteins', 'interaction', 'binding', 'structure', 'rna', 'plays', 'peptides', 'initiation', 'nuclear', 'mechanism']
2020-03-23 12:46:04,562 - root - Topic 14: ['symptoms', 'time', 'rate', 'collected', 'study', 'laboratory', 'detected', 'testing', 'strains', 'case']
2020-03-23 12:46:04,562 - root - Topic 15: ['performed', 'ml', 'sample', 'min', 'temperature', 'statistical', 'final', 'extraction', 'method', 'prepared']
2020-03-23 12:46:04,562 - root - Topic 16: ['study', 'treatment', 'days', 'hospital', 'staff', 'areas', 'children', 'education', 'group', 'severe']
2020-03-23 12:46:04,562 - root - Topic 17: ['viruses', 'al', 'transmission', 'viral', 'strains', 'detection', 'recently', 'human', 'east', 'enveloped']
2020-03-23 12:46:04,562 - root - Topic 18: ['influenza', 'animal', 'samples', 'time', 'transmission', 'number', 'days', 'case', 'periods', 'study']
2020-03-23 12:46:04,562 - root - Topic 19: ['data', 'number', 'method', 'model', 'set', 'incidence', 'case', 'results', 'basic', 'larger']
2020-03-23 12:47:01,696 - root - Epoch 7: Loss = 394.9315329389936
2020-03-23 12:47:01,697 - root - [Rec loss = 378.9856] [KL loss =  15.9459] [Entropy loss =   0.0000] [Coh. loss =   0.0000] [Red. loss =   0.0000]
2020-03-23 12:47:07,909 - root - TEST/VALIDATION Perplexity = 1708.5043656523667 [ Rec Loss = 23443791.373046875 + KL loss = 1033296.1962890625 / Total test words = 3288440.0]
2020-03-23 12:47:10,476 - root - Test Coherence: 0.16594436925531914
2020-03-23 12:47:10,476 - root - Test Redundancy at 5: 0.028899999999999974
2020-03-23 12:47:10,476 - root - Topic 0: ['infection', 'response', 'mice', 'production', 'antiviral', 'virus', 'ifn', 'vivo', 'cd8', 'inflammation']
2020-03-23 12:47:10,476 - root - Topic 1: ['statistical', 'information', 'data', 'community', 'world', 'system', 'development', 'policy', 'knowledge', 'collection']
2020-03-23 12:47:10,476 - root - Topic 2: ['virus', 'cov', 'bats', 'regions', 'genetic', 'suggests', 'binding', 'substitution', 'selection', 'nucleic']
2020-03-23 12:47:10,477 - root - Topic 3: ['disease', 'health', 'diseases', 'risk', 'recent', 'infection', 'research', 'surveillance', 'strategies', 'epidemic']
2020-03-23 12:47:10,477 - root - Topic 4: ['incubated', 'min', 'ml', 'goat', 'pbs', 'ph', 'diluted', 'rabbit', 'room', 'igg']
2020-03-23 12:47:10,477 - root - Topic 5: ['individuals', 'group', 'groups', 'age', 'time', 'outbreak', 'case', 'severity', 'years', 'hospitalized']
2020-03-23 12:47:10,477 - root - Topic 6: ['review', 'number', 'years', 'icu', 'emergency', 'access', 'care', 'received', 'burden', 'states']
2020-03-23 12:47:10,477 - root - Topic 7: ['anti', 'cells', 'treated', 'incubated', 'mouse', 'flow', 'monoclonal', 'inflammatory', 'measured', 'briefly']
2020-03-23 12:47:10,477 - root - Topic 8: ['cell', 'cells', 'min', 'ph', 'plate', 'previously', 'mock', 'mm', 'grown', 'nacl']
2020-03-23 12:47:10,477 - root - Topic 9: ['sequences', 'gene', 'sequencing', 'performed', 'genes', 'kit', 'software', 'constructed', 'library', 'cloned']
2020-03-23 12:47:10,477 - root - Topic 10: ['cell', 'vaccine', 'protein', 'antigen', 'innate', 'peptide', 'antigens', 'immune', 'tumor', 'protection']
2020-03-23 12:47:10,477 - root - Topic 11: ['cells', 'cell', 'transfected', 'phosphorylation', 'epithelial', 'regulated', 'ifn', 'fig', 'inhibit', 'signaling']
2020-03-23 12:47:10,477 - root - Topic 12: ['protein', 'sequence', 'figure', 'sites', 'region', 'conserved', 'gene', 'conformation', 'genome', 'domain']
2020-03-23 12:47:10,477 - root - Topic 13: ['proteins', 'interaction', 'binding', 'structure', 'rna', 'plays', 'peptides', 'mechanism', 'mediated', 'cycle']
2020-03-23 12:47:10,478 - root - Topic 14: ['symptoms', 'time', 'study', 'collected', 'detected', 'rate', 'laboratory', 'testing', 'strains', 'negative']
2020-03-23 12:47:10,478 - root - Topic 15: ['performed', 'ml', 'min', 'sample', 'temperature', 'final', 'statistical', 'extraction', 'method', 'buffer']
2020-03-23 12:47:10,478 - root - Topic 16: ['study', 'treatment', 'days', 'hospital', 'group', 'severe', 'children', 'staff', 'health', 'considered']
2020-03-23 12:47:10,478 - root - Topic 17: ['viruses', 'al', 'transmission', 'viral', 'strains', 'human', 'detection', 'recently', 'east', 'virus']
2020-03-23 12:47:10,478 - root - Topic 18: ['influenza', 'animal', 'samples', 'time', 'transmission', 'number', 'days', 'study', 'case', 'periods']
2020-03-23 12:47:10,478 - root - Topic 19: ['data', 'number', 'model', 'method', 'set', 'case', 'incidence', 'maximum', 'larger', 'basic']
2020-03-23 12:48:08,475 - root - Epoch 8: Loss = 394.8157993918465
2020-03-23 12:48:08,476 - root - [Rec loss = 378.8699] [KL loss =  15.9459] [Entropy loss =   0.0000] [Coh. loss =   0.0000] [Red. loss =   0.0000]
2020-03-23 12:48:14,883 - root - TEST/VALIDATION Perplexity = 1705.8796354973113 [ Rec Loss = 23438735.544921875 + KL loss = 1033296.1962890625 / Total test words = 3288440.0]
2020-03-23 12:48:17,949 - root - Test Coherence: 0.16899242040924278
2020-03-23 12:48:17,949 - root - Test Redundancy at 5: 0.03240000000000002
2020-03-23 12:48:17,949 - root - Topic 0: ['infection', 'response', 'mice', 'production', 'virus', 'antiviral', 'ifn', 'vivo', 'cd8', 'inflammation']
2020-03-23 12:48:17,950 - root - Topic 1: ['statistical', 'information', 'data', 'community', 'world', 'system', 'development', 'policy', 'knowledge', 'health']
2020-03-23 12:48:17,950 - root - Topic 2: ['virus', 'cov', 'bats', 'regions', 'genetic', 'binding', 'sequence', 'substitution', 'suggests', 'selection']
2020-03-23 12:48:17,950 - root - Topic 3: ['disease', 'health', 'diseases', 'risk', 'recent', 'infection', 'surveillance', 'research', 'epidemic', 'strategies']
2020-03-23 12:48:17,950 - root - Topic 4: ['incubated', 'min', 'ml', 'pbs', 'goat', 'ph', 'diluted', 'rabbit', 'room', 'cells']
2020-03-23 12:48:17,950 - root - Topic 5: ['individuals', 'group', 'groups', 'age', 'time', 'outbreak', 'case', 'years', 'severity', 'contact']
2020-03-23 12:48:17,951 - root - Topic 6: ['review', 'number', 'years', 'care', 'emergency', 'icu', 'access', 'received', 'burden', 'hospital']
2020-03-23 12:48:17,951 - root - Topic 7: ['anti', 'cells', 'treated', 'incubated', 'mouse', 'monoclonal', 'flow', 'inflammatory', 'expression', 'measured']
2020-03-23 12:48:17,951 - root - Topic 8: ['cell', 'cells', 'min', 'ph', 'plate', 'previously', 'mm', 'mock', 'grown', 'nacl']
2020-03-23 12:48:17,951 - root - Topic 9: ['sequences', 'gene', 'sequencing', 'performed', 'genes', 'kit', 'software', 'constructed', 'library', 'cloned']
2020-03-23 12:48:17,951 - root - Topic 10: ['cell', 'vaccine', 'protein', 'antigen', 'innate', 'immune', 'antigens', 'peptide', 'protection', 'tumor']
2020-03-23 12:48:17,952 - root - Topic 11: ['cells', 'cell', 'transfected', 'phosphorylation', 'epithelial', 'ifn', 'fig', 'regulated', 'inhibit', 'signaling']
2020-03-23 12:48:17,952 - root - Topic 12: ['protein', 'sequence', 'figure', 'sites', 'region', 'conserved', 'gene', 'domain', 'conformation', 'shown']
2020-03-23 12:48:17,952 - root - Topic 13: ['proteins', 'interaction', 'binding', 'rna', 'structure', 'plays', 'mechanism', 'peptides', 'mediated', 'host']
2020-03-23 12:48:17,952 - root - Topic 14: ['symptoms', 'study', 'time', 'collected', 'detected', 'laboratory', 'rate', 'testing', 'negative', 'strains']
2020-03-23 12:48:17,952 - root - Topic 15: ['performed', 'ml', 'min', 'sample', 'temperature', 'final', 'statistical', 'buffer', 'extraction', 'method']
2020-03-23 12:48:17,953 - root - Topic 16: ['study', 'treatment', 'days', 'hospital', 'group', 'severe', 'health', 'children', 'staff', 'admitted']
2020-03-23 12:48:17,953 - root - Topic 17: ['viruses', 'al', 'viral', 'transmission', 'strains', 'human', 'virus', 'recently', 'detection', 'east']
2020-03-23 12:48:17,953 - root - Topic 18: ['influenza', 'animal', 'samples', 'time', 'transmission', 'study', 'number', 'days', 'case', 'periods']
2020-03-23 12:48:17,953 - root - Topic 19: ['data', 'number', 'model', 'method', 'set', 'case', 'incidence', 'maximum', 'larger', 'basic']
2020-03-23 12:49:14,250 - root - Epoch 9: Loss = 394.7030314178863
2020-03-23 12:49:14,250 - root - [Rec loss = 378.7571] [KL loss =  15.9459] [Entropy loss =   0.0000] [Coh. loss =   0.0000] [Red. loss =   0.0000]
2020-03-23 12:49:21,486 - root - TEST/VALIDATION Perplexity = 1702.2303342796758 [ Rec Loss = 23431693.217773438 + KL loss = 1033296.1962890625 / Total test words = 3288440.0]
2020-03-23 12:49:24,732 - root - Test Coherence: 0.17161900312172826
2020-03-23 12:49:24,733 - root - Test Redundancy at 5: 0.03999999999999998
2020-03-23 12:49:24,733 - root - Topic 0: ['infection', 'response', 'mice', 'production', 'virus', 'antiviral', 'ifn', 'vivo', 'cd8', 'inflammation']
2020-03-23 12:49:24,733 - root - Topic 1: ['information', 'statistical', 'data', 'community', 'world', 'system', 'health', 'development', 'policy', 'knowledge']
2020-03-23 12:49:24,733 - root - Topic 2: ['virus', 'cov', 'bats', 'regions', 'sequence', 'genetic', 'binding', 'substitution', 'rna', 'suggests']
2020-03-23 12:49:24,733 - root - Topic 3: ['disease', 'health', 'diseases', 'risk', 'infection', 'recent', 'surveillance', 'research', 'epidemic', 'strategies']
2020-03-23 12:49:24,734 - root - Topic 4: ['incubated', 'min', 'ml', 'pbs', 'goat', 'ph', 'diluted', 'cells', 'rabbit', 'room']
2020-03-23 12:49:24,734 - root - Topic 5: ['individuals', 'group', 'groups', 'age', 'time', 'outbreak', 'case', 'years', 'patients', 'severity']
2020-03-23 12:49:24,734 - root - Topic 6: ['number', 'review', 'years', 'care', 'emergency', 'icu', 'hospital', 'access', 'received', 'countries']
2020-03-23 12:49:24,734 - root - Topic 7: ['cells', 'anti', 'incubated', 'treated', 'mouse', 'monoclonal', 'flow', 'inflammatory', 'expression', 'measured']
2020-03-23 12:49:24,735 - root - Topic 8: ['cell', 'cells', 'min', 'ph', 'plate', 'mm', 'previously', 'mock', 'grown', 'nacl']
2020-03-23 12:49:24,735 - root - Topic 9: ['sequences', 'gene', 'sequencing', 'performed', 'genes', 'kit', 'software', 'constructed', 'cdna', 'library']
2020-03-23 12:49:24,735 - root - Topic 10: ['cell', 'vaccine', 'protein', 'antigen', 'immune', 'innate', 'antigens', 'peptide', 'protection', 'tumor']
2020-03-23 12:49:24,735 - root - Topic 11: ['cells', 'cell', 'transfected', 'phosphorylation', 'ifn', 'epithelial', 'fig', 'induced', 'signaling', 'regulated']
2020-03-23 12:49:24,736 - root - Topic 12: ['protein', 'sequence', 'figure', 'sites', 'region', 'conserved', 'domain', 'gene', 'conformation', 'shown']
2020-03-23 12:49:24,736 - root - Topic 13: ['proteins', 'interaction', 'binding', 'rna', 'structure', 'plays', 'mechanism', 'host', 'mediated', 'viral']
2020-03-23 12:49:24,736 - root - Topic 14: ['study', 'symptoms', 'time', 'detected', 'collected', 'laboratory', 'rate', 'testing', 'negative', 'strains']
2020-03-23 12:49:24,737 - root - Topic 15: ['performed', 'ml', 'min', 'sample', 'temperature', 'final', 'buffer', 'statistical', 'extraction', 'method']
2020-03-23 12:49:24,737 - root - Topic 16: ['study', 'treatment', 'days', 'hospital', 'group', 'severe', 'health', 'children', 'admitted', 'staff']
2020-03-23 12:49:24,737 - root - Topic 17: ['viruses', 'al', 'viral', 'transmission', 'human', 'strains', 'virus', 'recently', 'detection', 'east']
2020-03-23 12:49:24,737 - root - Topic 18: ['influenza', 'animal', 'samples', 'time', 'transmission', 'study', 'days', 'number', 'committee', 'h1n1']
2020-03-23 12:49:24,737 - root - Topic 19: ['data', 'number', 'model', 'method', 'set', 'case', 'maximum', 'incidence', 'larger', 'approach']
2020-03-23 12:50:21,647 - root - Epoch 10: Loss = 394.5956627671707
2020-03-23 12:50:21,647 - root - [Rec loss = 378.6497] [KL loss =  15.9459] [Entropy loss =   0.0000] [Coh. loss =   0.0000] [Red. loss =   0.0000]
2020-03-23 12:50:27,969 - root - TEST/VALIDATION Perplexity = 1697.5506271486236 [ Rec Loss = 23422640.313476562 + KL loss = 1033296.1962890625 / Total test words = 3288440.0]
2020-03-23 12:50:30,512 - root - Test Coherence: 0.17656270660296883
2020-03-23 12:50:30,513 - root - Test Redundancy at 5: 0.05289999999999999
2020-03-23 12:50:30,513 - root - Topic 0: ['infection', 'mice', 'response', 'production', 'virus', 'antiviral', 'ifn', 'vivo', 'cd8', 'cells']
2020-03-23 12:50:30,513 - root - Topic 1: ['information', 'statistical', 'data', 'community', 'health', 'world', 'system', 'development', 'analysis', 'knowledge']
2020-03-23 12:50:30,513 - root - Topic 2: ['virus', 'cov', 'bats', 'sequence', 'regions', 'genetic', 'binding', 'rna', 'substitution', 'bat']
2020-03-23 12:50:30,513 - root - Topic 3: ['disease', 'health', 'diseases', 'risk', 'infection', 'recent', 'surveillance', 'research', 'epidemic', 'strategies']
2020-03-23 12:50:30,513 - root - Topic 4: ['incubated', 'min', 'ml', 'pbs', 'goat', 'ph', 'diluted', 'cells', 'room', 'rabbit']
2020-03-23 12:50:30,513 - root - Topic 5: ['individuals', 'group', 'age', 'groups', 'time', 'outbreak', 'case', 'patients', 'years', 'severity']
2020-03-23 12:50:30,513 - root - Topic 6: ['number', 'review', 'years', 'care', 'hospital', 'countries', 'emergency', 'icu', 'health', 'access']
2020-03-23 12:50:30,513 - root - Topic 7: ['cells', 'anti', 'incubated', 'mouse', 'treated', 'monoclonal', 'flow', 'expression', 'inflammatory', 'measured']
2020-03-23 12:50:30,514 - root - Topic 8: ['cell', 'cells', 'min', 'ph', 'plate', 'mm', 'previously', 'grown', 'mock', 'nacl']
2020-03-23 12:50:30,514 - root - Topic 9: ['sequences', 'gene', 'sequencing', 'performed', 'genes', 'kit', 'software', 'constructed', 'cdna', 'library']
2020-03-23 12:50:30,514 - root - Topic 10: ['cell', 'vaccine', 'protein', 'immune', 'antigen', 'innate', 'antigens', 'protection', 'peptide', 'induce']
2020-03-23 12:50:30,514 - root - Topic 11: ['cells', 'cell', 'transfected', 'phosphorylation', 'induced', 'signaling', 'ifn', 'fig', 'epithelial', 'inhibit']
2020-03-23 12:50:30,514 - root - Topic 12: ['protein', 'sequence', 'figure', 'sites', 'region', 'conserved', 'domain', 'gene', 'conformation', 'predicted']
2020-03-23 12:50:30,514 - root - Topic 13: ['proteins', 'interaction', 'binding', 'rna', 'structure', 'plays', 'host', 'viral', 'mechanism', 'mediated']
2020-03-23 12:50:30,514 - root - Topic 14: ['study', 'symptoms', 'detected', 'time', 'collected', 'laboratory', 'testing', 'rate', 'negative', 'infections']
2020-03-23 12:50:30,514 - root - Topic 15: ['performed', 'ml', 'min', 'sample', 'temperature', 'final', 'buffer', 'statistical', 'extraction', 'method']
2020-03-23 12:50:30,514 - root - Topic 16: ['study', 'treatment', 'days', 'hospital', 'group', 'severe', 'health', 'children', 'admitted', 'staff']
2020-03-23 12:50:30,514 - root - Topic 17: ['viruses', 'al', 'viral', 'virus', 'human', 'transmission', 'strains', 'recently', 'respiratory', 'east']
2020-03-23 12:50:30,514 - root - Topic 18: ['influenza', 'animal', 'samples', 'time', 'study', 'transmission', 'days', 'number', 'committee', 'h1n1']
2020-03-23 12:50:30,514 - root - Topic 19: ['data', 'number', 'model', 'method', 'set', 'case', 'maximum', 'values', 'approach', 'incidence']
2020-03-23 12:51:33,104 - root - Epoch 11: Loss = 394.4714699816483
2020-03-23 12:51:33,104 - root - [Rec loss = 378.5255] [KL loss =  15.9459] [Entropy loss =   0.0000] [Coh. loss =   0.0000] [Red. loss =   0.0000]
2020-03-23 12:51:40,232 - root - TEST/VALIDATION Perplexity = 1693.4989464374123 [ Rec Loss = 23414782.147460938 + KL loss = 1033296.1962890625 / Total test words = 3288440.0]
2020-03-23 12:51:44,237 - root - Test Coherence: 0.17728276381604163
2020-03-23 12:51:44,238 - root - Test Redundancy at 5: 0.0576
2020-03-23 12:51:44,238 - root - Topic 0: ['infection', 'mice', 'response', 'production', 'virus', 'antiviral', 'ifn', 'vivo', 'cells', 'cd8']
2020-03-23 12:51:44,238 - root - Topic 1: ['information', 'data', 'statistical', 'health', 'community', 'system', 'analysis', 'world', 'development', 'knowledge']
2020-03-23 12:51:44,239 - root - Topic 2: ['virus', 'cov', 'bats', 'sequence', 'regions', 'genetic', 'binding', 'rna', 'substitution', 'bat']
2020-03-23 12:51:44,239 - root - Topic 3: ['disease', 'health', 'diseases', 'risk', 'infection', 'recent', 'surveillance', 'epidemic', 'research', 'studies']
2020-03-23 12:51:44,239 - root - Topic 4: ['incubated', 'min', 'ml', 'pbs', 'cells', 'goat', 'diluted', 'ph', 'room', 'rabbit']
2020-03-23 12:51:44,239 - root - Topic 5: ['individuals', 'group', 'age', 'groups', 'time', 'case', 'outbreak', 'patients', 'years', 'contact']
2020-03-23 12:51:44,239 - root - Topic 6: ['years', 'review', 'number', 'care', 'hospital', 'health', 'countries', 'emergency', 'icu', 'case']
2020-03-23 12:51:44,239 - root - Topic 7: ['cells', 'anti', 'incubated', 'mouse', 'treated', 'monoclonal', 'flow', 'expression', 'inflammatory', 'measured']
2020-03-23 12:51:44,239 - root - Topic 8: ['cell', 'cells', 'min', 'ph', 'mm', 'plate', 'previously', 'grown', 'mock', 'experiments']
2020-03-23 12:51:44,240 - root - Topic 9: ['sequences', 'gene', 'sequencing', 'performed', 'genes', 'kit', 'software', 'cdna', 'constructed', 'library']
2020-03-23 12:51:44,240 - root - Topic 10: ['cell', 'vaccine', 'protein', 'immune', 'antigen', 'innate', 'antigens', 'protection', 'peptide', 'induce']
2020-03-23 12:51:44,240 - root - Topic 11: ['cells', 'cell', 'transfected', 'induced', 'phosphorylation', 'signaling', 'ifn', 'fig', 'inhibit', 'regulated']
2020-03-23 12:51:44,240 - root - Topic 12: ['protein', 'sequence', 'figure', 'region', 'sites', 'conserved', 'domain', 'predicted', 'conformation', 'gene']
2020-03-23 12:51:44,240 - root - Topic 13: ['proteins', 'interaction', 'binding', 'rna', 'structure', 'viral', 'host', 'plays', 'mechanism', 'mediated']
2020-03-23 12:51:44,240 - root - Topic 14: ['study', 'symptoms', 'detected', 'collected', 'time', 'laboratory', 'testing', 'negative', 'rate', 'samples']
2020-03-23 12:51:44,240 - root - Topic 15: ['performed', 'ml', 'min', 'sample', 'temperature', 'buffer', 'final', 'extraction', 'method', 'statistical']
2020-03-23 12:51:44,241 - root - Topic 16: ['study', 'treatment', 'days', 'hospital', 'group', 'severe', 'health', 'children', 'admitted', 'outcomes']
2020-03-23 12:51:44,241 - root - Topic 17: ['viruses', 'al', 'virus', 'viral', 'human', 'transmission', 'strains', 'respiratory', 'recently', 'east']
2020-03-23 12:51:44,241 - root - Topic 18: ['influenza', 'animal', 'samples', 'time', 'study', 'days', 'transmission', 'number', 'committee', 'age']
2020-03-23 12:51:44,241 - root - Topic 19: ['data', 'number', 'model', 'method', 'set', 'case', 'values', 'estimated', 'maximum', 'approach']
2020-03-23 12:52:46,913 - root - Epoch 12: Loss = 394.35644474805486
2020-03-23 12:52:46,913 - root - [Rec loss = 378.4105] [KL loss =  15.9459] [Entropy loss =   0.0000] [Coh. loss =   0.0000] [Red. loss =   0.0000]
2020-03-23 12:52:53,668 - root - TEST/VALIDATION Perplexity = 1691.417905851996 [ Rec Loss = 23410738.693359375 + KL loss = 1033296.1962890625 / Total test words = 3288440.0]
2020-03-23 12:52:57,224 - root - Test Coherence: 0.18160265921600144
2020-03-23 12:52:57,224 - root - Test Redundancy at 5: 0.0625
2020-03-23 12:52:57,225 - root - Topic 0: ['infection', 'mice', 'response', 'production', 'virus', 'antiviral', 'ifn', 'vivo', 'cells', 'cd8']
2020-03-23 12:52:57,225 - root - Topic 1: ['information', 'data', 'statistical', 'health', 'community', 'analysis', 'system', 'development', 'world', 'policy']
2020-03-23 12:52:57,225 - root - Topic 2: ['virus', 'cov', 'bats', 'sequence', 'genetic', 'regions', 'rna', 'binding', 'bat', 'mutation']
2020-03-23 12:52:57,225 - root - Topic 3: ['disease', 'diseases', 'health', 'risk', 'infection', 'recent', 'surveillance', 'epidemic', 'research', 'studies']
2020-03-23 12:52:57,225 - root - Topic 4: ['incubated', 'min', 'ml', 'pbs', 'cells', 'goat', 'diluted', 'ph', 'room', 'rabbit']
2020-03-23 12:52:57,226 - root - Topic 5: ['individuals', 'group', 'age', 'groups', 'time', 'case', 'patients', 'outbreak', 'years', 'contact']
2020-03-23 12:52:57,226 - root - Topic 6: ['years', 'review', 'number', 'care', 'health', 'hospital', 'countries', 'emergency', 'icu', 'case']
2020-03-23 12:52:57,226 - root - Topic 7: ['cells', 'anti', 'incubated', 'mouse', 'treated', 'monoclonal', 'flow', 'expression', 'inflammatory', 'measured']
2020-03-23 12:52:57,226 - root - Topic 8: ['cell', 'cells', 'min', 'ph', 'mm', 'previously', 'plate', 'grown', 'mock', 'experiments']
2020-03-23 12:52:57,226 - root - Topic 9: ['sequences', 'gene', 'sequencing', 'performed', 'genes', 'kit', 'software', 'cdna', 'constructed', 'rna']
2020-03-23 12:52:57,227 - root - Topic 10: ['cell', 'vaccine', 'protein', 'immune', 'antigen', 'innate', 'antigens', 'protection', 'induce', 'peptide']
2020-03-23 12:52:57,227 - root - Topic 11: ['cells', 'cell', 'transfected', 'induced', 'phosphorylation', 'signaling', 'ifn', 'fig', 'inhibit', 'regulated']
2020-03-23 12:52:57,227 - root - Topic 12: ['protein', 'sequence', 'figure', 'region', 'sites', 'conserved', 'domain', 'predicted', 'conformation', 'terminal']
2020-03-23 12:52:57,227 - root - Topic 13: ['proteins', 'interaction', 'binding', 'rna', 'viral', 'host', 'structure', 'mechanism', 'plays', 'mediated']
2020-03-23 12:52:57,227 - root - Topic 14: ['study', 'detected', 'symptoms', 'collected', 'time', 'laboratory', 'testing', 'negative', 'samples', 'rate']
2020-03-23 12:52:57,227 - root - Topic 15: ['performed', 'ml', 'min', 'sample', 'temperature', 'buffer', 'final', 'extraction', 'method', 'qiagen']
2020-03-23 12:52:57,228 - root - Topic 16: ['study', 'treatment', 'days', 'hospital', 'group', 'severe', 'health', 'children', 'admitted', 'patients']
2020-03-23 12:52:57,228 - root - Topic 17: ['viruses', 'al', 'virus', 'human', 'viral', 'transmission', 'strains', 'respiratory', 'recently', 'east']
2020-03-23 12:52:57,228 - root - Topic 18: ['influenza', 'animal', 'samples', 'time', 'study', 'days', 'transmission', 'committee', 'number', 'age']
2020-03-23 12:52:57,228 - root - Topic 19: ['data', 'number', 'model', 'method', 'set', 'case', 'values', 'estimated', 'maximum', 'cases']
2020-03-23 12:53:56,637 - root - Epoch 13: Loss = 394.2497025373981
2020-03-23 12:53:56,637 - root - [Rec loss = 378.3038] [KL loss =  15.9459] [Entropy loss =   0.0000] [Coh. loss =   0.0000] [Red. loss =   0.0000]
2020-03-23 12:54:03,719 - root - TEST/VALIDATION Perplexity = 1686.0830949637048 [ Rec Loss = 23400350.409179688 + KL loss = 1033296.1962890625 / Total test words = 3288440.0]
2020-03-23 12:54:07,295 - root - Test Coherence: 0.1856409818974327
2020-03-23 12:54:07,295 - root - Test Redundancy at 5: 0.0625
2020-03-23 12:54:07,295 - root - Topic 0: ['infection', 'mice', 'response', 'production', 'virus', 'ifn', 'antiviral', 'cells', 'vivo', 'inflammation']
2020-03-23 12:54:07,296 - root - Topic 1: ['information', 'data', 'statistical', 'health', 'community', 'analysis', 'system', 'development', 'world', 'knowledge']
2020-03-23 12:54:07,296 - root - Topic 2: ['virus', 'cov', 'sequence', 'bats', 'genetic', 'regions', 'rna', 'binding', 'bat', 'mutation']
2020-03-23 12:54:07,296 - root - Topic 3: ['disease', 'diseases', 'health', 'risk', 'infection', 'recent', 'surveillance', 'epidemic', 'respiratory', 'symptoms']
2020-03-23 12:54:07,296 - root - Topic 4: ['incubated', 'min', 'ml', 'pbs', 'cells', 'diluted', 'goat', 'ph', 'room', 'rabbit']
2020-03-23 12:54:07,296 - root - Topic 5: ['individuals', 'age', 'group', 'time', 'groups', 'case', 'patients', 'outbreak', 'years', 'cases']
2020-03-23 12:54:07,296 - root - Topic 6: ['years', 'care', 'review', 'number', 'health', 'hospital', 'countries', 'emergency', 'case', 'included']
2020-03-23 12:54:07,296 - root - Topic 7: ['cells', 'anti', 'incubated', 'mouse', 'treated', 'monoclonal', 'expression', 'flow', 'inflammatory', 'western']
2020-03-23 12:54:07,297 - root - Topic 8: ['cells', 'cell', 'min', 'ph', 'mm', 'previously', 'grown', 'plate', 'mock', 'incubated']
2020-03-23 12:54:07,297 - root - Topic 9: ['sequences', 'gene', 'sequencing', 'performed', 'genes', 'kit', 'software', 'cdna', 'constructed', 'rna']
2020-03-23 12:54:07,297 - root - Topic 10: ['cell', 'vaccine', 'immune', 'protein', 'antigen', 'innate', 'antigens', 'protection', 'induce', 'peptide']
2020-03-23 12:54:07,297 - root - Topic 11: ['cells', 'cell', 'transfected', 'induced', 'signaling', 'phosphorylation', 'ifn', 'fig', 'inhibit', 'inhibition']
2020-03-23 12:54:07,297 - root - Topic 12: ['protein', 'sequence', 'figure', 'region', 'sites', 'conserved', 'domain', 'terminal', 'predicted', 'binding']
2020-03-23 12:54:07,297 - root - Topic 13: ['proteins', 'interaction', 'binding', 'rna', 'viral', 'host', 'mechanism', 'structure', 'mediated', 'plays']
2020-03-23 12:54:07,298 - root - Topic 14: ['study', 'detected', 'symptoms', 'collected', 'time', 'laboratory', 'testing', 'samples', 'negative', 'infections']
2020-03-23 12:54:07,298 - root - Topic 15: ['performed', 'ml', 'min', 'sample', 'temperature', 'buffer', 'final', 'qiagen', 'extraction', 'method']
2020-03-23 12:54:07,298 - root - Topic 16: ['study', 'treatment', 'days', 'hospital', 'group', 'severe', 'patients', 'health', 'children', 'admitted']
2020-03-23 12:54:07,298 - root - Topic 17: ['viruses', 'virus', 'al', 'human', 'viral', 'transmission', 'strains', 'respiratory', 'recently', 'east']
2020-03-23 12:54:07,298 - root - Topic 18: ['influenza', 'animal', 'samples', 'study', 'time', 'days', 'transmission', 'committee', 'number', 'animals']
2020-03-23 12:54:07,298 - root - Topic 19: ['data', 'model', 'number', 'method', 'set', 'case', 'values', 'estimated', 'cases', 'maximum']
2020-03-23 12:55:06,799 - root - Epoch 14: Loss = 394.1197714069447
2020-03-23 12:55:06,799 - root - [Rec loss = 378.1738] [KL loss =  15.9459] [Entropy loss =   0.0000] [Coh. loss =   0.0000] [Red. loss =   0.0000]
2020-03-23 12:55:13,689 - root - TEST/VALIDATION Perplexity = 1681.968044211838 [ Rec Loss = 23392314.83984375 + KL loss = 1033296.1962890625 / Total test words = 3288440.0]
2020-03-23 12:55:17,169 - root - Test Coherence: 0.1866060148496295
2020-03-23 12:55:17,170 - root - Test Redundancy at 5: 0.0576
2020-03-23 12:55:17,170 - root - Topic 0: ['infection', 'mice', 'response', 'production', 'ifn', 'virus', 'antiviral', 'cells', 'vivo', 'inflammation']
2020-03-23 12:55:17,172 - root - Topic 1: ['information', 'data', 'statistical', 'health', 'community', 'analysis', 'system', 'development', 'world', 'research']
2020-03-23 12:55:17,173 - root - Topic 2: ['virus', 'cov', 'sequence', 'bats', 'genetic', 'regions', 'rna', 'binding', 'bat', 'mutation']
2020-03-23 12:55:17,174 - root - Topic 3: ['disease', 'diseases', 'health', 'risk', 'infection', 'recent', 'surveillance', 'respiratory', 'epidemic', 'symptoms']
2020-03-23 12:55:17,174 - root - Topic 4: ['incubated', 'min', 'ml', 'pbs', 'cells', 'diluted', 'ph', 'goat', 'room', 'rabbit']
2020-03-23 12:55:17,175 - root - Topic 5: ['individuals', 'age', 'group', 'time', 'groups', 'patients', 'case', 'outbreak', 'years', 'cases']
2020-03-23 12:55:17,175 - root - Topic 6: ['years', 'care', 'review', 'health', 'number', 'hospital', 'countries', 'case', 'included', 'emergency']
2020-03-23 12:55:17,175 - root - Topic 7: ['cells', 'anti', 'incubated', 'mouse', 'treated', 'expression', 'monoclonal', 'flow', 'inflammatory', 'western']
2020-03-23 12:55:17,176 - root - Topic 8: ['cells', 'cell', 'min', 'mm', 'ph', 'previously', 'grown', 'plate', 'incubated', 'mock']
2020-03-23 12:55:17,176 - root - Topic 9: ['sequences', 'gene', 'sequencing', 'performed', 'genes', 'kit', 'cdna', 'software', 'rna', 'constructed']
2020-03-23 12:55:17,176 - root - Topic 10: ['cell', 'vaccine', 'immune', 'protein', 'antigen', 'innate', 'antigens', 'protection', 'induce', 'peptide']
2020-03-23 12:55:17,176 - root - Topic 11: ['cells', 'cell', 'induced', 'transfected', 'signaling', 'phosphorylation', 'ifn', 'fig', 'inhibit', 'inhibition']
2020-03-23 12:55:17,176 - root - Topic 12: ['protein', 'sequence', 'figure', 'region', 'sites', 'conserved', 'domain', 'binding', 'terminal', 'predicted']
2020-03-23 12:55:17,176 - root - Topic 13: ['proteins', 'interaction', 'binding', 'rna', 'viral', 'host', 'mechanism', 'mediated', 'protein', 'plays']
2020-03-23 12:55:17,177 - root - Topic 14: ['study', 'detected', 'collected', 'symptoms', 'time', 'samples', 'laboratory', 'testing', 'negative', 'infections']
2020-03-23 12:55:17,177 - root - Topic 15: ['performed', 'ml', 'min', 'sample', 'temperature', 'buffer', 'final', 'qiagen', 'extraction', 'method']
2020-03-23 12:55:17,177 - root - Topic 16: ['study', 'treatment', 'days', 'hospital', 'group', 'severe', 'patients', 'health', 'admitted', 'children']
2020-03-23 12:55:17,177 - root - Topic 17: ['viruses', 'virus', 'al', 'human', 'viral', 'transmission', 'respiratory', 'strains', 'recently', 'east']
2020-03-23 12:55:17,177 - root - Topic 18: ['influenza', 'animal', 'samples', 'study', 'time', 'days', 'committee', 'transmission', 'animals', 'number']
2020-03-23 12:55:17,177 - root - Topic 19: ['data', 'model', 'number', 'method', 'set', 'case', 'values', 'estimated', 'cases', 'maximum']
2020-03-23 12:56:17,136 - root - Epoch 15: Loss = 393.9947770948152
2020-03-23 12:56:17,136 - root - [Rec loss = 378.0489] [KL loss =  15.9459] [Entropy loss =   0.0000] [Coh. loss =   0.0000] [Red. loss =   0.0000]
2020-03-23 12:56:23,710 - root - TEST/VALIDATION Perplexity = 1680.0472274818978 [ Rec Loss = 23388557.27734375 + KL loss = 1033296.1962890625 / Total test words = 3288440.0]
2020-03-23 12:56:27,164 - root - Test Coherence: 0.18738919220679645
2020-03-23 12:56:27,164 - root - Test Redundancy at 5: 0.0576
2020-03-23 12:56:27,165 - root - Topic 0: ['infection', 'mice', 'response', 'production', 'ifn', 'virus', 'antiviral', 'cells', 'vivo', 'inflammation']
2020-03-23 12:56:27,165 - root - Topic 1: ['information', 'data', 'health', 'statistical', 'community', 'analysis', 'system', 'development', 'research', 'public']
2020-03-23 12:56:27,166 - root - Topic 2: ['virus', 'cov', 'sequence', 'bats', 'genetic', 'regions', 'rna', 'binding', 'bat', 'mutation']
2020-03-23 12:56:27,166 - root - Topic 3: ['disease', 'diseases', 'health', 'risk', 'infection', 'recent', 'respiratory', 'surveillance', 'epidemic', 'symptoms']
2020-03-23 12:56:27,166 - root - Topic 4: ['incubated', 'min', 'ml', 'pbs', 'cells', 'diluted', 'ph', 'goat', 'room', 'igg']
2020-03-23 12:56:27,166 - root - Topic 5: ['individuals', 'age', 'group', 'time', 'groups', 'patients', 'case', 'outbreak', 'years', 'cases']
2020-03-23 12:56:27,167 - root - Topic 6: ['years', 'care', 'health', 'review', 'number', 'hospital', 'countries', 'included', 'case', 'diagnosis']
2020-03-23 12:56:27,167 - root - Topic 7: ['cells', 'anti', 'incubated', 'mouse', 'treated', 'expression', 'monoclonal', 'flow', 'inflammatory', 'western']
2020-03-23 12:56:27,167 - root - Topic 8: ['cells', 'cell', 'min', 'mm', 'ph', 'previously', 'grown', 'incubated', 'plate', 'experiments']
2020-03-23 12:56:27,167 - root - Topic 9: ['sequences', 'gene', 'sequencing', 'performed', 'genes', 'kit', 'cdna', 'software', 'rna', 'constructed']
2020-03-23 12:56:27,234 - root - Topic 10: ['cell', 'vaccine', 'immune', 'protein', 'antigen', 'innate', 'antigens', 'protection', 'induce', 'peptide']
2020-03-23 12:56:27,235 - root - Topic 11: ['cells', 'cell', 'induced', 'transfected', 'signaling', 'phosphorylation', 'ifn', 'fig', 'expression', 'inhibition']
2020-03-23 12:56:27,235 - root - Topic 12: ['protein', 'sequence', 'figure', 'region', 'sites', 'conserved', 'domain', 'binding', 'terminal', 'predicted']
2020-03-23 12:56:27,235 - root - Topic 13: ['proteins', 'interaction', 'binding', 'rna', 'viral', 'host', 'protein', 'mechanism', 'mediated', 'activity']
2020-03-23 12:56:27,235 - root - Topic 14: ['study', 'detected', 'collected', 'symptoms', 'samples', 'time', 'negative', 'testing', 'laboratory', 'infections']
2020-03-23 12:56:27,235 - root - Topic 15: ['performed', 'ml', 'min', 'sample', 'temperature', 'buffer', 'final', 'qiagen', 'extraction', 'method']
2020-03-23 12:56:27,235 - root - Topic 16: ['study', 'treatment', 'days', 'hospital', 'group', 'patients', 'severe', 'admitted', 'patient', 'health']
2020-03-23 12:56:27,235 - root - Topic 17: ['viruses', 'virus', 'al', 'human', 'viral', 'respiratory', 'transmission', 'strains', 'recently', 'east']
2020-03-23 12:56:27,236 - root - Topic 18: ['influenza', 'animal', 'samples', 'study', 'time', 'days', 'committee', 'transmission', 'animals', 'number']
2020-03-23 12:56:27,236 - root - Topic 19: ['data', 'model', 'number', 'method', 'set', 'case', 'values', 'estimated', 'cases', 'maximum']
2020-03-23 12:57:31,660 - root - Epoch 16: Loss = 393.89949921411863
2020-03-23 12:57:31,660 - root - [Rec loss = 377.9536] [KL loss =  15.9459] [Entropy loss =   0.0000] [Coh. loss =   0.0000] [Red. loss =   0.0000]
2020-03-23 12:57:38,349 - root - TEST/VALIDATION Perplexity = 1673.7220508106168 [ Rec Loss = 23376153.330078125 + KL loss = 1033296.1962890625 / Total test words = 3288440.0]
2020-03-23 12:57:41,870 - root - Test Coherence: 0.1928288619388957
2020-03-23 12:57:41,871 - root - Test Redundancy at 5: 0.05289999999999999
2020-03-23 12:57:41,871 - root - Topic 0: ['infection', 'mice', 'response', 'production', 'ifn', 'virus', 'antiviral', 'cells', 'vivo', 'inflammation']
2020-03-23 12:57:41,871 - root - Topic 1: ['information', 'data', 'health', 'statistical', 'community', 'analysis', 'research', 'public', 'system', 'development']
2020-03-23 12:57:41,871 - root - Topic 2: ['virus', 'cov', 'sequence', 'bats', 'genetic', 'rna', 'regions', 'binding', 'mutation', 'bat']
2020-03-23 12:57:41,871 - root - Topic 3: ['disease', 'diseases', 'health', 'risk', 'infection', 'recent', 'respiratory', 'surveillance', 'severe', 'epidemic']
2020-03-23 12:57:41,871 - root - Topic 4: ['incubated', 'min', 'ml', 'pbs', 'cells', 'diluted', 'ph', 'goat', 'room', 'purified']
2020-03-23 12:57:41,871 - root - Topic 5: ['individuals', 'age', 'group', 'time', 'patients', 'groups', 'case', 'outbreak', 'years', 'cases']
2020-03-23 12:57:41,871 - root - Topic 6: ['years', 'care', 'health', 'review', 'hospital', 'number', 'countries', 'included', 'case', 'diagnosis']
2020-03-23 12:57:41,872 - root - Topic 7: ['cells', 'anti', 'incubated', 'mouse', 'treated', 'expression', 'monoclonal', 'flow', 'western', 'igg']
2020-03-23 12:57:41,872 - root - Topic 8: ['cells', 'cell', 'min', 'mm', 'ph', 'incubated', 'grown', 'previously', 'plate', 'experiments']
2020-03-23 12:57:41,872 - root - Topic 9: ['sequences', 'gene', 'sequencing', 'performed', 'genes', 'kit', 'cdna', 'software', 'rna', 'genome']
2020-03-23 12:57:41,872 - root - Topic 10: ['cell', 'vaccine', 'immune', 'antigen', 'protein', 'innate', 'antigens', 'protection', 'induce', 'peptide']
2020-03-23 12:57:41,872 - root - Topic 11: ['cells', 'cell', 'induced', 'transfected', 'signaling', 'expression', 'phosphorylation', 'ifn', 'fig', 'inhibition']
2020-03-23 12:57:41,872 - root - Topic 12: ['protein', 'sequence', 'figure', 'region', 'sites', 'conserved', 'domain', 'binding', 'terminal', 'predicted']
2020-03-23 12:57:41,872 - root - Topic 13: ['proteins', 'interaction', 'binding', 'rna', 'viral', 'host', 'protein', 'mechanism', 'mediated', 'activity']
2020-03-23 12:57:41,872 - root - Topic 14: ['study', 'detected', 'collected', 'samples', 'symptoms', 'time', 'negative', 'testing', 'laboratory', 'detection']
2020-03-23 12:57:41,872 - root - Topic 15: ['performed', 'ml', 'min', 'sample', 'temperature', 'buffer', 'final', 'qiagen', 'extraction', 'method']
2020-03-23 12:57:41,873 - root - Topic 16: ['study', 'treatment', 'days', 'hospital', 'patients', 'group', 'severe', 'patient', 'admitted', 'children']
2020-03-23 12:57:41,873 - root - Topic 17: ['viruses', 'virus', 'human', 'al', 'respiratory', 'viral', 'transmission', 'strains', 'recently', 'east']
2020-03-23 12:57:41,873 - root - Topic 18: ['animal', 'influenza', 'samples', 'study', 'time', 'days', 'committee', 'animals', 'transmission', 'pigs']
2020-03-23 12:57:41,873 - root - Topic 19: ['data', 'model', 'number', 'set', 'method', 'case', 'values', 'estimated', 'cases', 'maximum']
2020-03-23 12:58:42,375 - root - Epoch 17: Loss = 393.7799946160615
2020-03-23 12:58:42,375 - root - [Rec loss = 377.8341] [KL loss =  15.9459] [Entropy loss =   0.0000] [Coh. loss =   0.0000] [Red. loss =   0.0000]
2020-03-23 12:58:48,774 - root - TEST/VALIDATION Perplexity = 1674.8779456621066 [ Rec Loss = 23378423.586914062 + KL loss = 1033296.1962890625 / Total test words = 3288440.0]
2020-03-23 12:58:52,105 - root - Test Coherence: 0.19376382387344054
2020-03-23 12:58:52,105 - root - Test Redundancy at 5: 0.0576
2020-03-23 12:58:52,105 - root - Topic 0: ['infection', 'mice', 'response', 'production', 'ifn', 'antiviral', 'virus', 'cells', 'vivo', 'inflammation']
2020-03-23 12:58:52,106 - root - Topic 1: ['information', 'data', 'health', 'statistical', 'community', 'analysis', 'public', 'research', 'system', 'development']
2020-03-23 12:58:52,106 - root - Topic 2: ['virus', 'sequence', 'cov', 'bats', 'genetic', 'rna', 'regions', 'binding', 'mutation', 'bat']
2020-03-23 12:58:52,106 - root - Topic 3: ['disease', 'diseases', 'health', 'risk', 'infection', 'recent', 'respiratory', 'surveillance', 'severe', 'human']
2020-03-23 12:58:52,106 - root - Topic 4: ['incubated', 'min', 'ml', 'pbs', 'cells', 'diluted', 'ph', 'goat', 'room', 'purified']
2020-03-23 12:58:52,106 - root - Topic 5: ['individuals', 'age', 'time', 'group', 'patients', 'case', 'groups', 'cases', 'outbreak', 'years']
2020-03-23 12:58:52,106 - root - Topic 6: ['health', 'care', 'years', 'hospital', 'review', 'countries', 'number', 'included', 'case', 'diagnosis']
2020-03-23 12:58:52,107 - root - Topic 7: ['cells', 'anti', 'incubated', 'mouse', 'expression', 'treated', 'monoclonal', 'flow', 'western', 'igg']
2020-03-23 12:58:52,107 - root - Topic 8: ['cells', 'cell', 'min', 'mm', 'incubated', 'grown', 'ph', 'previously', 'plate', 'experiments']
2020-03-23 12:58:52,107 - root - Topic 9: ['sequences', 'gene', 'sequencing', 'performed', 'genes', 'kit', 'cdna', 'genome', 'software', 'rna']
2020-03-23 12:58:52,107 - root - Topic 10: ['cell', 'vaccine', 'immune', 'antigen', 'protein', 'innate', 'antigens', 'protection', 'induce', 'peptide']
2020-03-23 12:58:52,107 - root - Topic 11: ['cells', 'cell', 'induced', 'transfected', 'signaling', 'expression', 'phosphorylation', 'ifn', 'fig', 'inhibition']
2020-03-23 12:58:52,107 - root - Topic 12: ['protein', 'sequence', 'figure', 'region', 'sites', 'conserved', 'domain', 'binding', 'terminal', 'predicted']
2020-03-23 12:58:52,107 - root - Topic 13: ['proteins', 'interaction', 'binding', 'viral', 'rna', 'host', 'protein', 'mechanism', 'mediated', 'activity']
2020-03-23 12:58:52,108 - root - Topic 14: ['study', 'detected', 'samples', 'collected', 'symptoms', 'time', 'negative', 'testing', 'laboratory', 'detection']
2020-03-23 12:58:52,108 - root - Topic 15: ['performed', 'ml', 'min', 'sample', 'buffer', 'temperature', 'final', 'qiagen', 'extraction', 'prepared']
2020-03-23 12:58:52,108 - root - Topic 16: ['study', 'treatment', 'days', 'hospital', 'patients', 'group', 'severe', 'patient', 'admitted', 'children']
2020-03-23 12:58:52,108 - root - Topic 17: ['viruses', 'virus', 'human', 'al', 'respiratory', 'viral', 'transmission', 'strains', 'recently', 'coronavirus']
2020-03-23 12:58:52,108 - root - Topic 18: ['animal', 'influenza', 'study', 'samples', 'time', 'days', 'committee', 'animals', 'transmission', 'pigs']
2020-03-23 12:58:52,108 - root - Topic 19: ['data', 'model', 'number', 'set', 'method', 'case', 'values', 'estimated', 'cases', 'models']
2020-03-23 12:59:47,836 - root - Epoch 18: Loss = 393.67570443480224
2020-03-23 12:59:47,838 - root - [Rec loss = 377.7298] [KL loss =  15.9459] [Entropy loss =   0.0000] [Coh. loss =   0.0000] [Red. loss =   0.0000]
2020-03-23 12:59:54,215 - root - TEST/VALIDATION Perplexity = 1669.015580078669 [ Rec Loss = 23366893.28125 + KL loss = 1033296.1962890625 / Total test words = 3288440.0]
2020-03-23 12:59:57,288 - root - Test Coherence: 0.19277631312970966
2020-03-23 12:59:57,288 - root - Test Redundancy at 5: 0.0625
2020-03-23 12:59:57,288 - root - Topic 0: ['infection', 'mice', 'response', 'production', 'ifn', 'cells', 'antiviral', 'virus', 'vivo', 'inflammation']
2020-03-23 12:59:57,288 - root - Topic 1: ['information', 'data', 'health', 'statistical', 'public', 'research', 'community', 'analysis', 'system', 'development']
2020-03-23 12:59:57,289 - root - Topic 2: ['virus', 'sequence', 'cov', 'bats', 'genetic', 'rna', 'regions', 'binding', 'mutation', 'bat']
2020-03-23 12:59:57,289 - root - Topic 3: ['disease', 'diseases', 'health', 'risk', 'infection', 'respiratory', 'recent', 'severe', 'surveillance', 'human']
2020-03-23 12:59:57,289 - root - Topic 4: ['incubated', 'min', 'ml', 'pbs', 'cells', 'diluted', 'ph', 'goat', 'room', 'assay']
2020-03-23 12:59:57,289 - root - Topic 5: ['individuals', 'age', 'time', 'patients', 'group', 'case', 'groups', 'cases', 'outbreak', 'years']
2020-03-23 12:59:57,289 - root - Topic 6: ['health', 'care', 'years', 'hospital', 'countries', 'review', 'number', 'included', 'case', 'diagnosis']
2020-03-23 12:59:57,289 - root - Topic 7: ['cells', 'anti', 'incubated', 'mouse', 'expression', 'treated', 'monoclonal', 'flow', 'western', 'igg']
2020-03-23 12:59:57,290 - root - Topic 8: ['cells', 'cell', 'min', 'mm', 'incubated', 'grown', 'previously', 'ph', 'experiments', 'fetal']
2020-03-23 12:59:57,290 - root - Topic 9: ['sequences', 'gene', 'sequencing', 'performed', 'genes', 'kit', 'genome', 'cdna', 'software', 'rna']
2020-03-23 12:59:57,290 - root - Topic 10: ['cell', 'vaccine', 'immune', 'antigen', 'protein', 'innate', 'antigens', 'induce', 'protection', 'peptide']
2020-03-23 12:59:57,290 - root - Topic 11: ['cells', 'cell', 'induced', 'transfected', 'expression', 'signaling', 'phosphorylation', 'ifn', 'inhibition', 'fig']
2020-03-23 12:59:57,290 - root - Topic 12: ['protein', 'sequence', 'figure', 'region', 'sites', 'conserved', 'domain', 'binding', 'terminal', 'predicted']
2020-03-23 12:59:57,290 - root - Topic 13: ['proteins', 'interaction', 'binding', 'viral', 'rna', 'host', 'protein', 'mechanism', 'mediated', 'activity']
2020-03-23 12:59:57,290 - root - Topic 14: ['study', 'detected', 'samples', 'collected', 'symptoms', 'negative', 'testing', 'time', 'laboratory', 'detection']
2020-03-23 12:59:57,291 - root - Topic 15: ['performed', 'ml', 'min', 'sample', 'buffer', 'temperature', 'final', 'qiagen', 'extraction', 'usa']
2020-03-23 12:59:57,291 - root - Topic 16: ['study', 'treatment', 'days', 'hospital', 'patients', 'group', 'severe', 'patient', 'admitted', 'children']
2020-03-23 12:59:57,291 - root - Topic 17: ['viruses', 'virus', 'human', 'al', 'respiratory', 'viral', 'transmission', 'strains', 'recently', 'coronavirus']
2020-03-23 12:59:57,291 - root - Topic 18: ['animal', 'influenza', 'study', 'samples', 'days', 'time', 'committee', 'animals', 'transmission', 'pigs']
2020-03-23 12:59:57,291 - root - Topic 19: ['data', 'model', 'number', 'values', 'set', 'case', 'method', 'estimated', 'cases', 'models']
2020-03-23 13:00:54,571 - root - Epoch 19: Loss = 393.5562997941946
2020-03-23 13:00:54,571 - root - [Rec loss = 377.6104] [KL loss =  15.9459] [Entropy loss =   0.0000] [Coh. loss =   0.0000] [Red. loss =   0.0000]
2020-03-23 13:01:05,461 - root - TEST/VALIDATION Perplexity = 1664.8648163682362 [ Rec Loss = 23358704.8984375 + KL loss = 1033296.1962890625 / Total test words = 3288440.0]
2020-03-23 13:01:09,480 - root - Test Coherence: 0.19449146021111863
2020-03-23 13:01:09,480 - root - Test Redundancy at 5: 0.0625
2020-03-23 13:01:09,481 - root - Topic 0: ['infection', 'mice', 'response', 'production', 'ifn', 'cells', 'antiviral', 'virus', 'vivo', 'infected']
2020-03-23 13:01:09,481 - root - Topic 1: ['data', 'information', 'health', 'statistical', 'public', 'research', 'community', 'analysis', 'development', 'system']
2020-03-23 13:01:09,481 - root - Topic 2: ['virus', 'sequence', 'cov', 'genetic', 'bats', 'rna', 'regions', 'mutation', 'binding', 'bat']
2020-03-23 13:01:09,481 - root - Topic 3: ['disease', 'diseases', 'health', 'risk', 'infection', 'respiratory', 'recent', 'severe', 'surveillance', 'human']
2020-03-23 13:01:09,481 - root - Topic 4: ['incubated', 'min', 'ml', 'pbs', 'cells', 'diluted', 'ph', 'room', 'goat', 'assay']
2020-03-23 13:01:09,481 - root - Topic 5: ['individuals', 'age', 'patients', 'time', 'case', 'group', 'cases', 'groups', 'outbreak', 'years']
2020-03-23 13:01:09,482 - root - Topic 6: ['health', 'care', 'years', 'hospital', 'countries', 'review', 'number', 'included', 'case', 'medical']
2020-03-23 13:01:09,482 - root - Topic 7: ['cells', 'anti', 'incubated', 'mouse', 'expression', 'treated', 'monoclonal', 'flow', 'western', 'igg']
2020-03-23 13:01:09,482 - root - Topic 8: ['cells', 'cell', 'min', 'mm', 'incubated', 'grown', 'previously', 'fetal', 'experiments', 'ph']
2020-03-23 13:01:09,482 - root - Topic 9: ['sequences', 'gene', 'sequencing', 'performed', 'genes', 'kit', 'genome', 'cdna', 'rna', 'software']
2020-03-23 13:01:09,482 - root - Topic 10: ['cell', 'vaccine', 'immune', 'antigen', 'protein', 'innate', 'antigens', 'induce', 'protection', 'peptide']
2020-03-23 13:01:09,483 - root - Topic 11: ['cells', 'cell', 'induced', 'expression', 'transfected', 'signaling', 'ifn', 'phosphorylation', 'inhibition', 'fig']
2020-03-23 13:01:09,483 - root - Topic 12: ['protein', 'sequence', 'figure', 'region', 'sites', 'conserved', 'domain', 'binding', 'terminal', 'predicted']
2020-03-23 13:01:09,483 - root - Topic 13: ['proteins', 'interaction', 'binding', 'viral', 'rna', 'host', 'protein', 'mechanism', 'mediated', 'activity']
2020-03-23 13:01:09,483 - root - Topic 14: ['study', 'detected', 'samples', 'collected', 'symptoms', 'negative', 'testing', 'respiratory', 'detection', 'time']
2020-03-23 13:01:09,483 - root - Topic 15: ['performed', 'ml', 'min', 'sample', 'buffer', 'temperature', 'final', 'qiagen', 'usa', 'extraction']
2020-03-23 13:01:09,483 - root - Topic 16: ['study', 'treatment', 'days', 'hospital', 'patients', 'group', 'severe', 'patient', 'admitted', 'children']
2020-03-23 13:01:09,484 - root - Topic 17: ['viruses', 'virus', 'human', 'al', 'respiratory', 'viral', 'transmission', 'strains', 'recently', 'influenza']
2020-03-23 13:01:09,484 - root - Topic 18: ['animal', 'influenza', 'study', 'samples', 'days', 'time', 'committee', 'animals', 'transmission', 'pigs']
2020-03-23 13:01:09,484 - root - Topic 19: ['data', 'model', 'number', 'values', 'set', 'case', 'method', 'estimated', 'cases', 'models']
2020-03-23 13:02:09,666 - root - Epoch 20: Loss = 393.4393152701232
2020-03-23 13:02:09,668 - root - [Rec loss = 377.4934] [KL loss =  15.9459] [Entropy loss =   0.0000] [Coh. loss =   0.0000] [Red. loss =   0.0000]
2020-03-23 13:02:15,920 - root - TEST/VALIDATION Perplexity = 1661.5566262018374 [ Rec Loss = 23352164.0625 + KL loss = 1033296.1962890625 / Total test words = 3288440.0]
2020-03-23 13:02:18,949 - root - Test Coherence: 0.19575281831204297
2020-03-23 13:02:18,949 - root - Test Redundancy at 5: 0.0625
2020-03-23 13:02:18,949 - root - Topic 0: ['infection', 'mice', 'response', 'ifn', 'production', 'cells', 'antiviral', 'virus', 'vivo', 'infected']
2020-03-23 13:02:18,949 - root - Topic 1: ['data', 'information', 'health', 'statistical', 'public', 'research', 'community', 'analysis', 'development', 'system']
2020-03-23 13:02:18,950 - root - Topic 2: ['sequence', 'virus', 'cov', 'genetic', 'bats', 'rna', 'regions', 'mutation', 'bat', 'binding']
2020-03-23 13:02:18,950 - root - Topic 3: ['disease', 'diseases', 'health', 'risk', 'infection', 'respiratory', 'recent', 'severe', 'human', 'infectious']
2020-03-23 13:02:18,950 - root - Topic 4: ['incubated', 'min', 'ml', 'pbs', 'cells', 'diluted', 'ph', 'room', 'goat', 'assay']
2020-03-23 13:02:18,950 - root - Topic 5: ['individuals', 'age', 'patients', 'time', 'case', 'cases', 'group', 'groups', 'outbreak', 'years']
2020-03-23 13:02:18,950 - root - Topic 6: ['health', 'care', 'years', 'hospital', 'countries', 'review', 'number', 'included', 'medical', 'case']
2020-03-23 13:02:18,950 - root - Topic 7: ['cells', 'anti', 'incubated', 'mouse', 'expression', 'treated', 'monoclonal', 'flow', 'western', 'igg']
2020-03-23 13:02:18,950 - root - Topic 8: ['cells', 'cell', 'incubated', 'mm', 'min', 'grown', 'previously', 'ml', 'fetal', 'experiments']
2020-03-23 13:02:18,950 - root - Topic 9: ['sequences', 'gene', 'sequencing', 'genes', 'performed', 'kit', 'genome', 'cdna', 'rna', 'software']
2020-03-23 13:02:18,950 - root - Topic 10: ['cell', 'vaccine', 'immune', 'antigen', 'protein', 'innate', 'antigens', 'induce', 'protection', 'peptide']
2020-03-23 13:02:18,951 - root - Topic 11: ['cells', 'cell', 'induced', 'expression', 'signaling', 'transfected', 'ifn', 'inhibition', 'phosphorylation', 'fig']
2020-03-23 13:02:18,951 - root - Topic 12: ['protein', 'sequence', 'figure', 'region', 'sites', 'conserved', 'binding', 'domain', 'terminal', 'predicted']
2020-03-23 13:02:18,951 - root - Topic 13: ['proteins', 'interaction', 'binding', 'viral', 'rna', 'host', 'protein', 'mechanism', 'mediated', 'activity']
2020-03-23 13:02:18,951 - root - Topic 14: ['study', 'samples', 'detected', 'collected', 'symptoms', 'respiratory', 'negative', 'detection', 'testing', 'patients']
2020-03-23 13:02:18,951 - root - Topic 15: ['performed', 'ml', 'min', 'sample', 'buffer', 'temperature', 'final', 'qiagen', 'usa', 'extraction']
2020-03-23 13:02:18,951 - root - Topic 16: ['study', 'treatment', 'days', 'hospital', 'patients', 'group', 'severe', 'patient', 'admitted', 'children']
2020-03-23 13:02:18,951 - root - Topic 17: ['viruses', 'virus', 'human', 'respiratory', 'al', 'viral', 'transmission', 'strains', 'recently', 'influenza']
2020-03-23 13:02:18,951 - root - Topic 18: ['animal', 'influenza', 'study', 'samples', 'days', 'time', 'committee', 'animals', 'pigs', 'transmission']
2020-03-23 13:02:18,951 - root - Topic 19: ['data', 'model', 'number', 'values', 'set', 'case', 'estimated', 'method', 'cases', 'models']
2020-03-23 13:02:25,323 - root - TEST/VALIDATION Perplexity = 1661.5993340762539 [ Rec Loss = 23352248.5859375 + KL loss = 1033296.1962890625 / Total test words = 3288440.0]
2020-03-23 13:02:28,392 - root - Test Coherence: 0.19575281831204297
2020-03-23 13:02:28,392 - root - Test Redundancy at 5: 0.0625
2020-03-23 13:02:28,392 - root - Topic 0: ['infection', 'mice', 'response', 'ifn', 'production', 'cells', 'antiviral', 'virus', 'vivo', 'infected']
2020-03-23 13:02:28,393 - root - Topic 1: ['data', 'information', 'health', 'statistical', 'public', 'research', 'community', 'analysis', 'development', 'system']
2020-03-23 13:02:28,393 - root - Topic 2: ['sequence', 'virus', 'cov', 'genetic', 'bats', 'rna', 'regions', 'mutation', 'bat', 'binding']
2020-03-23 13:02:28,393 - root - Topic 3: ['disease', 'diseases', 'health', 'risk', 'infection', 'respiratory', 'recent', 'severe', 'human', 'infectious']
2020-03-23 13:02:28,393 - root - Topic 4: ['incubated', 'min', 'ml', 'pbs', 'cells', 'diluted', 'ph', 'room', 'goat', 'assay']
2020-03-23 13:02:28,393 - root - Topic 5: ['individuals', 'age', 'patients', 'time', 'case', 'cases', 'group', 'groups', 'outbreak', 'years']
2020-03-23 13:02:28,393 - root - Topic 6: ['health', 'care', 'years', 'hospital', 'countries', 'review', 'number', 'included', 'medical', 'case']
2020-03-23 13:02:28,393 - root - Topic 7: ['cells', 'anti', 'incubated', 'mouse', 'expression', 'treated', 'monoclonal', 'flow', 'western', 'igg']
2020-03-23 13:02:28,394 - root - Topic 8: ['cells', 'cell', 'incubated', 'mm', 'min', 'grown', 'previously', 'ml', 'fetal', 'experiments']
2020-03-23 13:02:28,394 - root - Topic 9: ['sequences', 'gene', 'sequencing', 'genes', 'performed', 'kit', 'genome', 'cdna', 'rna', 'software']
2020-03-23 13:02:28,394 - root - Topic 10: ['cell', 'vaccine', 'immune', 'antigen', 'protein', 'innate', 'antigens', 'induce', 'protection', 'peptide']
2020-03-23 13:02:28,394 - root - Topic 11: ['cells', 'cell', 'induced', 'expression', 'signaling', 'transfected', 'ifn', 'inhibition', 'phosphorylation', 'fig']
2020-03-23 13:02:28,394 - root - Topic 12: ['protein', 'sequence', 'figure', 'region', 'sites', 'conserved', 'binding', 'domain', 'terminal', 'predicted']
2020-03-23 13:02:28,394 - root - Topic 13: ['proteins', 'interaction', 'binding', 'viral', 'rna', 'host', 'protein', 'mechanism', 'mediated', 'activity']
2020-03-23 13:02:28,394 - root - Topic 14: ['study', 'samples', 'detected', 'collected', 'symptoms', 'respiratory', 'negative', 'detection', 'testing', 'patients']
2020-03-23 13:02:28,395 - root - Topic 15: ['performed', 'ml', 'min', 'sample', 'buffer', 'temperature', 'final', 'qiagen', 'usa', 'extraction']
2020-03-23 13:02:28,395 - root - Topic 16: ['study', 'treatment', 'days', 'hospital', 'patients', 'group', 'severe', 'patient', 'admitted', 'children']
2020-03-23 13:02:28,395 - root - Topic 17: ['viruses', 'virus', 'human', 'respiratory', 'al', 'viral', 'transmission', 'strains', 'recently', 'influenza']
2020-03-23 13:02:28,395 - root - Topic 18: ['animal', 'influenza', 'study', 'samples', 'days', 'time', 'committee', 'animals', 'pigs', 'transmission']
2020-03-23 13:02:28,395 - root - Topic 19: ['data', 'model', 'number', 'values', 'set', 'case', 'estimated', 'method', 'cases', 'models']
2020-03-23 13:02:28,414 - root - ******************************************
2020-03-23 13:02:28,414 - root - Final VALIDATATION NPMI         ==> 0.19575281831204297
2020-03-23 13:02:28,414 - root - Final VALIDATATION Perplexity   ==> 1661.5993340762539
2020-03-23 13:02:28,414 - root - Final VALIDATATION Redundancy   ==> 0.0625
2020-03-23 13:02:28,414 - root - Final VALIDATATION Encoder NPMI ==> 0.0
2020-03-23 13:02:28,415 - root - Model parameters, configuration and vocabulary written to /Users/sheetskristen/covid/data/tmnt/_experiments/train_2020_3_23_12_37_11_228679/MODEL
2020-03-23 13:02:28,499 - root - Model training FINISHED. Time: 0:25:17.270607
