2020-03-23 13:56:30,762 - root - Namespace(config='/Users/sheetskristen/covid/data/tmnt/_model_dir/model_19_0_1.config', encoder_coherence=False, eval_freq=1, exact_epochs=False, gpu=-1, hybridize=False, init_sparsity_pen=1e-05, model_dir=None, num_final_evals=1, optimize_encoder_coherence=False, save_dir='/Users/sheetskristen/covid/data/tmnt/_experiments/', scalar_covars=False, seed=1234, sparsity_threshold=0.001, str_encoding='utf-8', topic_seed_file=None, tr_vec_file='/Users/sheetskristen/covid/data/tmnt/vector_files/covid_train.2k.vec', trace_file=None, tst_vec_file=None, use_labels_as_covars=False, val_vec_file='/Users/sheetskristen/covid/data/tmnt/vector_files/covid_val.2k.vec', vocab_file='/Users/sheetskristen/covid/data/tmnt/vector_files/covid.2k.vocab')
2020-03-23 13:56:30,763 - root - Loading data via pre-computed vocabulary and sparse vector format document representation
2020-03-23 13:56:49,364 - root - Evaluating with Budget 27 against Config: {'batch_size': 1000, 'embedding_source': 'glove:glove.42B.300d', 'enc_hidden_dim': 400, 'fixed_embedding': True, 'latent_distribution': 'vmf', 'lr': 0.0032067879038114914, 'n_latent': 20, 'optimizer': 'adam', 'kappa': 20.152862549403025, 'training_epochs': 27, 'embedding_size': 300, 'num_enc_layers': 1}
2020-03-23 13:56:54,194 - root - Loading pre-trained token embedding vectors from /Users/sheetskristen/.mxnet/embedding/glove/glove.42B.300d.npz
2020-03-23 13:57:43,377 - root - Term cells is OOV
2020-03-23 13:57:43,658 - root - Term pedv is OOV
2020-03-23 13:57:43,697 - root - Term zikv is OOV
2020-03-23 13:57:43,850 - root - Term hcov is OOV
2020-03-23 13:57:43,954 - root - Term µl is OOV
2020-03-23 13:57:44,033 - root - Term µm is OOV
2020-03-23 13:57:44,119 - root - Term µg is OOV
2020-03-23 13:57:44,155 - root - Term κb is OOV
2020-03-23 13:57:44,189 - root - Term covid is OOV
2020-03-23 13:57:44,365 - root - Term 229e is OOV
2020-03-23 13:57:44,429 - root - Term nl63 is OOV
2020-03-23 13:57:44,498 - root - Term 1β is OOV
2020-03-23 13:57:44,509 - root - Term 37uc is OOV
2020-03-23 13:57:44,524 - root - >> 13 Words did not appear in embedding source glove:glove.42B.300d
2020-03-23 13:57:45,403 - root - Total validation/test instances = 64900, batch_size = 1000, last_batch = 900, num batches = 65
2020-03-23 13:58:33,442 - root - Epoch 0: Loss = 378.92906412639405
2020-03-23 13:58:33,443 - root - [Rec loss = 374.0825] [KL loss =   4.8466] [Entropy loss =   0.0000] [Coh. loss =   0.0000] [Red. loss =   0.0000]
2020-03-23 13:58:39,478 - root - TEST/VALIDATION Perplexity = 1158.490152958106 [ Rec Loss = 22884983.546875 + KL loss = 314542.50830078125 / Total test words = 3288440.0]
2020-03-23 13:58:43,240 - root - Test Coherence: 0.26893675110884796
2020-03-23 13:58:43,240 - root - Test Redundancy at 5: 0.012099999999999998
2020-03-23 13:58:43,241 - root - Topic 0: ['health', 'public', 'disease', 'diseases', 'outbreak', 'social', 'prevention', 'measures', 'surveillance', 'care']
2020-03-23 13:58:43,241 - root - Topic 1: ['rna', 'genome', 'proteins', 'mutations', 'amino', 'structures', 'structural', 'sequence', 'stranded', 'sequences']
2020-03-23 13:58:43,241 - root - Topic 2: ['inflammatory', 'role', 'activation', 'innate', 'induced', 'signaling', 'production', 'immune', 'cytokines', 'il']
2020-03-23 13:58:43,241 - root - Topic 3: ['transmission', 'model', 'period', 'epidemic', 'rate', 'individuals', 'population', 'estimate', 'time', 'cases']
2020-03-23 13:58:43,242 - root - Topic 4: ['buffer', 'tris', 'mm', 'min', 'sds', 'nacl', 'overnight', 'page', 'antibody', 'ph']
2020-03-23 13:58:43,242 - root - Topic 5: ['research', 'review', 'data', 'health', 'medical', 'information', 'study', 'approved', 'national', 'literature']
2020-03-23 13:58:43,242 - root - Topic 6: ['mice', 'group', 'day', 'groups', 'days', 'weight', 'animals', 'challenge', 'body', 'signs']
2020-03-23 13:58:43,242 - root - Topic 7: ['rna', 'pcr', 'primer', 'kit', 'primers', 'extracted', 'manufacturer', 'amplified', 'dna', 'cdna']
2020-03-23 13:58:43,242 - root - Topic 8: ['statistical', 'test', 'model', 'values', 'algorithm', 'set', 'data', 'maximum', 'software', 'calculated']
2020-03-23 13:58:43,243 - root - Topic 9: ['humans', 'transmission', 'human', 'hosts', 'species', 'zoonotic', 'spread', 'bats', 'bat', 'transmitted']
2020-03-23 13:58:43,243 - root - Topic 10: ['sequences', 'genome', 'sequence', 'nucleotide', 'genomes', 'reads', 'genbank', 'phylogenetic', 'reference', 'identity']
2020-03-23 13:58:43,243 - root - Topic 11: ['pathway', 'cellular', 'proteins', 'antiviral', 'host', 'viral', 'protein', 'translation', 'involved', 'replication']
2020-03-23 13:58:43,243 - root - Topic 12: ['infection', 'levels', 'mice', 'replication', 'infected', 'increased', 'cells', 'significantly', 'macrophages', 'il']
2020-03-23 13:58:43,243 - root - Topic 13: ['incubated', 'plates', 'min', 'diluted', 'medium', 'washed', 'cells', 'pbs', 'cultured', 'added']
2020-03-23 13:58:43,243 - root - Topic 14: ['influenza', 'infections', 'respiratory', 'rsv', 'years', 'tract', 'symptoms', 'infection', 'children', 'prevalence']
2020-03-23 13:58:43,243 - root - Topic 15: ['patients', 'age', 'years', 'hospital', 'admission', 'children', 'patient', 'admitted', 'pneumonia', 'study']
2020-03-23 13:58:43,244 - root - Topic 16: ['residues', 'binding', 'structure', 'amino', 'domain', 'site', 'domains', 'hydrophobic', 'peptide', 'crystal']
2020-03-23 13:58:43,244 - root - Topic 17: ['samples', 'pcr', 'detection', 'diagnostic', 'specimens', 'positive', 'collected', 'tests', 'respiratory', 'clinical']
2020-03-23 13:58:43,244 - root - Topic 18: ['antibodies', 'vaccine', 'neutralizing', 'protection', 'antigen', 'immune', 'vaccines', 'antigens', 'responses', 'antibody']
2020-03-23 13:58:43,244 - root - Topic 19: ['cells', 'expression', 'figure', 'treated', 'transfected', 'fig', 'western', 'expressing', 'blot', 'induced']
2020-03-23 13:59:30,384 - root - Epoch 1: Loss = 369.8935745817844
2020-03-23 13:59:30,384 - root - [Rec loss = 365.0470] [KL loss =   4.8466] [Entropy loss =   0.0000] [Coh. loss =   0.0000] [Red. loss =   0.0000]
2020-03-23 13:59:36,257 - root - TEST/VALIDATION Perplexity = 1021.4998509065209 [ Rec Loss = 22471147.921875 + KL loss = 314542.50830078125 / Total test words = 3288440.0]
2020-03-23 13:59:39,004 - root - Test Coherence: 0.29786514343682724
2020-03-23 13:59:39,005 - root - Test Redundancy at 5: 0.008100000000000015
2020-03-23 13:59:39,005 - root - Topic 0: ['health', 'public', 'measures', 'prevention', 'pandemic', 'outbreak', 'diseases', 'surveillance', 'disease', 'social']
2020-03-23 13:59:39,005 - root - Topic 1: ['rna', 'genome', 'structural', 'sequence', 'stranded', 'conserved', 'mutations', 'coding', 'translation', 'replication']
2020-03-23 13:59:39,005 - root - Topic 2: ['inflammatory', 'innate', 'signaling', 'immune', 'cytokines', 'inflammation', 'il', 'activation', 'role', 'macrophages']
2020-03-23 13:59:39,005 - root - Topic 3: ['transmission', 'epidemic', 'model', 'estimates', 'period', 'estimate', 'individuals', 'probability', 'number', 'population']
2020-03-23 13:59:39,005 - root - Topic 4: ['buffer', 'tris', 'mm', 'min', 'ph', 'nacl', 'sds', 'page', 'overnight', 'incubated']
2020-03-23 13:59:39,005 - root - Topic 5: ['health', 'public', 'research', 'information', 'national', 'medical', 'care', 'review', 'data', 'approved']
2020-03-23 13:59:39,006 - root - Topic 6: ['mice', 'day', 'challenge', 'group', 'weight', 'days', 'animals', 'groups', 'dose', 'kg']
2020-03-23 13:59:39,006 - root - Topic 7: ['pcr', 'primers', 'primer', 'kit', 'amplified', 'cdna', 'amplification', 'extracted', 'reverse', 'qiagen']
2020-03-23 13:59:39,006 - root - Topic 8: ['statistical', 'test', 'software', 'values', 'set', 'algorithm', 'model', 'calculated', 'version', 'significance']
2020-03-23 13:59:39,006 - root - Topic 9: ['humans', 'species', 'hosts', 'transmission', 'bats', 'zoonotic', 'bat', 'syndrome', 'human', 'worldwide']
2020-03-23 13:59:39,006 - root - Topic 10: ['sequences', 'genome', 'nucleotide', 'reads', 'sequence', 'phylogenetic', 'genomes', 'genbank', 'identity', 'sequencing']
2020-03-23 13:59:39,006 - root - Topic 11: ['pathway', 'cellular', 'activation', 'proteins', 'membrane', 'signaling', 'antiviral', 'replication', 'mediated', 'kinase']
2020-03-23 13:59:39,006 - root - Topic 12: ['il', 'mice', 'macrophages', 'cytokines', 'levels', 'infection', 'ifn', 'cytokine', 'inflammatory', 'tnf']
2020-03-23 13:59:39,006 - root - Topic 13: ['incubated', 'plates', 'medium', 'washed', 'sigma', 'pbs', 'dmem', 'cultured', 'supplemented', 'fetal']
2020-03-23 13:59:39,006 - root - Topic 14: ['infections', 'influenza', 'respiratory', 'children', 'rsv', 'seasonal', 'tract', 'adults', 'years', 'year']
2020-03-23 13:59:39,007 - root - Topic 15: ['patients', 'age', 'admission', 'patient', 'hospital', 'years', 'children', 'admitted', 'pneumonia', 'severe']
2020-03-23 13:59:39,007 - root - Topic 16: ['residues', 'binding', 'structure', 'amino', 'peptide', 'domain', 'crystal', 'hydrophobic', 'terminal', 'structures']
2020-03-23 13:59:39,007 - root - Topic 17: ['pcr', 'samples', 'detection', 'respiratory', 'positive', 'specimens', 'diagnostic', 'sensitivity', 'negative', 'collected']
2020-03-23 13:59:39,007 - root - Topic 18: ['vaccine', 'vaccines', 'antigen', 'responses', 'protection', 'immune', 'antibodies', 'neutralizing', 'antigens', 'epitopes']
2020-03-23 13:59:39,007 - root - Topic 19: ['transfected', 'cells', 'western', 'blot', 'expression', 'expressing', 'figure', 'fig', 'mock', 'treated']
2020-03-23 14:00:26,285 - root - Epoch 2: Loss = 364.7957728856877
2020-03-23 14:00:26,285 - root - [Rec loss = 359.9492] [KL loss =   4.8466] [Entropy loss =   0.0000] [Coh. loss =   0.0000] [Red. loss =   0.0000]
2020-03-23 14:00:32,273 - root - TEST/VALIDATION Perplexity = 944.224766331362 [ Rec Loss = 22212469.265625 + KL loss = 314542.50830078125 / Total test words = 3288440.0]
2020-03-23 14:00:35,944 - root - Test Coherence: 0.31677410310785287
2020-03-23 14:00:35,944 - root - Test Redundancy at 5: 0.003599999999999993
2020-03-23 14:00:35,945 - root - Topic 0: ['health', 'public', 'pandemic', 'measures', 'prevention', 'outbreak', 'surveillance', 'social', 'interventions', 'countries']
2020-03-23 14:00:35,945 - root - Topic 1: ['rna', 'structural', 'genome', 'translation', 'stranded', 'conserved', 'reading', 'coding', 'codon', 'sequence']
2020-03-23 14:00:35,945 - root - Topic 2: ['inflammatory', 'inflammation', 'cytokines', 'innate', 'il', 'macrophages', 'activation', 'signaling', 'immune', 'cytokine']
2020-03-23 14:00:35,945 - root - Topic 3: ['epidemic', 'estimates', 'transmission', 'estimate', 'probability', 'model', 'reproduction', 'interval', 'parameter', 'assumed']
2020-03-23 14:00:35,946 - root - Topic 4: ['buffer', 'tris', 'mm', 'nacl', 'sds', 'ph', 'overnight', 'washed', 'page', 'min']
2020-03-23 14:00:35,946 - root - Topic 5: ['health', 'public', 'research', 'national', 'medical', 'care', 'information', 'review', 'approved', 'committee']
2020-03-23 14:00:35,947 - root - Topic 6: ['mice', 'day', 'challenge', 'weight', 'animals', 'group', 'kg', 'inoculated', 'dpi', 'days']
2020-03-23 14:00:35,947 - root - Topic 7: ['primers', 'primer', 'pcr', 'kit', 'cdna', 'qiagen', 'amplified', 'amplification', 'reverse', 'manufacturer']
2020-03-23 14:00:35,948 - root - Topic 8: ['statistical', 'software', 'test', 'version', 'values', 'algorithm', 'set', 'significance', 'anova', 'calculated']
2020-03-23 14:00:35,948 - root - Topic 9: ['humans', 'zoonotic', 'hosts', 'bats', 'species', 'syndrome', 'bat', 'east', 'transmission', 'emergence']
2020-03-23 14:00:35,948 - root - Topic 10: ['sequences', 'reads', 'nucleotide', 'phylogenetic', 'genomes', 'genome', 'genbank', 'identity', 'sequence', 'ncbi']
2020-03-23 14:00:35,949 - root - Topic 11: ['pathway', 'cellular', 'signaling', 'membrane', 'kinase', 'proteins', 'replication', 'activation', 'entry', 'er']
2020-03-23 14:00:35,949 - root - Topic 12: ['il', 'mice', 'macrophages', 'cytokines', 'cytokine', 'tnf', 'cd8', 'ifn', 'inflammatory', 'wt']
2020-03-23 14:00:35,949 - root - Topic 13: ['plates', 'incubated', 'medium', 'washed', 'dmem', 'supplemented', 'seeded', 'pbs', 'sigma', 'fetal']
2020-03-23 14:00:35,949 - root - Topic 14: ['children', 'infections', 'respiratory', 'influenza', 'rsv', 'tract', 'adults', 'seasonal', 'years', 'pneumonia']
2020-03-23 14:00:35,949 - root - Topic 15: ['patients', 'admission', 'age', 'hospital', 'patient', 'admitted', 'icu', 'stay', 'years', 'children']
2020-03-23 14:00:35,949 - root - Topic 16: ['residues', 'binding', 'structure', 'crystal', 'domain', 'hydrophobic', 'residue', 'peptide', 'conformation', 'amino']
2020-03-23 14:00:35,950 - root - Topic 17: ['pcr', 'samples', 'detection', 'specimens', 'positive', 'respiratory', 'sensitivity', 'diagnostic', 'swabs', 'tests']
2020-03-23 14:00:35,950 - root - Topic 18: ['vaccine', 'vaccines', 'antigens', 'neutralizing', 'protection', 'humoral', 'antigen', 'responses', 'epitopes', 'antibodies']
2020-03-23 14:00:35,950 - root - Topic 19: ['transfected', 'western', 'blot', 'expressing', 'mock', 'transfection', 'cells', 'expression', 'treated', 'figure']
2020-03-23 14:01:23,342 - root - Epoch 3: Loss = 361.4457624302974
2020-03-23 14:01:23,343 - root - [Rec loss = 356.5992] [KL loss =   4.8466] [Entropy loss =   0.0000] [Coh. loss =   0.0000] [Red. loss =   0.0000]
2020-03-23 14:01:28,911 - root - TEST/VALIDATION Perplexity = 900.9697650755598 [ Rec Loss = 22058265.96875 + KL loss = 314542.50830078125 / Total test words = 3288440.0]
2020-03-23 14:01:32,265 - root - Test Coherence: 0.32442623654267333
2020-03-23 14:01:32,265 - root - Test Redundancy at 5: 0.003599999999999993
2020-03-23 14:01:32,265 - root - Topic 0: ['public', 'health', 'pandemic', 'prevention', 'measures', 'surveillance', 'interventions', 'countries', 'social', 'outbreak']
2020-03-23 14:01:32,265 - root - Topic 1: ['rna', 'translation', 'structural', 'reading', 'genome', 'codon', 'stranded', 'conserved', 'coding', 'rnas']
2020-03-23 14:01:32,266 - root - Topic 2: ['inflammatory', 'inflammation', 'cytokines', 'il', 'macrophages', 'innate', 'signaling', 'activation', 'cytokine', 'immune']
2020-03-23 14:01:32,266 - root - Topic 3: ['epidemic', 'estimates', 'reproduction', 'estimate', 'probability', 'interval', 'parameter', 'assumed', 'transmission', 'model']
2020-03-23 14:01:32,266 - root - Topic 4: ['tris', 'buffer', 'mm', 'sds', 'nacl', 'overnight', 'ph', 'washed', 'page', 'goat']
2020-03-23 14:01:32,266 - root - Topic 5: ['health', 'public', 'research', 'national', 'approved', 'committee', 'care', 'review', 'medical', 'policy']
2020-03-23 14:01:32,266 - root - Topic 6: ['mice', 'day', 'kg', 'challenge', 'weight', 'dpi', 'inoculated', 'animals', 'group', 'immunized']
2020-03-23 14:01:32,266 - root - Topic 7: ['primers', 'primer', 'cdna', 'kit', 'qiagen', 'amplified', 'pcr', 'reverse', 'amplification', 'manufacturer']
2020-03-23 14:01:32,266 - root - Topic 8: ['statistical', 'software', 'test', 'algorithm', 'anova', 'version', 'values', 'significance', 'set', 'student']
2020-03-23 14:01:32,267 - root - Topic 9: ['humans', 'bats', 'zoonotic', 'hosts', 'species', 'bat', 'east', 'syndrome', 'reservoir', 'emergence']
2020-03-23 14:01:32,267 - root - Topic 10: ['sequences', 'reads', 'phylogenetic', 'nucleotide', 'genbank', 'genomes', 'identity', 'ncbi', 'genome', 'alignment']
2020-03-23 14:01:32,267 - root - Topic 11: ['pathway', 'signaling', 'membrane', 'kinase', 'cellular', 'er', 'degradation', 'pathways', 'replication', 'regulate']
2020-03-23 14:01:32,267 - root - Topic 12: ['il', 'mice', 'cytokines', 'macrophages', 'cd8', 'ifn', 'cytokine', 'tnf', 'inflammatory', 'cd4']
2020-03-23 14:01:32,267 - root - Topic 13: ['dmem', 'medium', 'plates', 'washed', 'supplemented', 'incubated', 'seeded', 'fetal', 'fbs', 'pbs']
2020-03-23 14:01:32,267 - root - Topic 14: ['children', 'respiratory', 'infections', 'tract', 'adults', 'rsv', 'pneumonia', 'influenza', 'seasonal', 'deaths']
2020-03-23 14:01:32,267 - root - Topic 15: ['patients', 'admission', 'hospital', 'icu', 'age', 'admitted', 'stay', 'patient', 'ventilation', 'years']
2020-03-23 14:01:32,267 - root - Topic 16: ['residues', 'binding', 'crystal', 'residue', 'structure', 'hydrophobic', 'conformation', 'domain', 'conformational', 'peptide']
2020-03-23 14:01:32,268 - root - Topic 17: ['pcr', 'specimens', 'samples', 'detection', 'swabs', 'positive', 'diagnostic', 'sensitivity', 'multiplex', 'respiratory']
2020-03-23 14:01:32,268 - root - Topic 18: ['vaccine', 'vaccines', 'humoral', 'neutralizing', 'antigens', 'protection', 'immunogenicity', 'epitopes', 'delivery', 'antigen']
2020-03-23 14:01:32,268 - root - Topic 19: ['transfected', 'blot', 'western', 'transfection', 'expressing', 'mock', 'gfp', 'luciferase', 'hpi', 'lysates']
2020-03-23 14:02:17,435 - root - Epoch 4: Loss = 359.25001963289964
2020-03-23 14:02:17,435 - root - [Rec loss = 354.4035] [KL loss =   4.8466] [Entropy loss =   0.0000] [Coh. loss =   0.0000] [Red. loss =   0.0000]
2020-03-23 14:02:23,073 - root - TEST/VALIDATION Perplexity = 858.7729102337217 [ Rec Loss = 21900528.78125 + KL loss = 314542.50830078125 / Total test words = 3288440.0]
2020-03-23 14:02:26,464 - root - Test Coherence: 0.3301289053745156
2020-03-23 14:02:26,464 - root - Test Redundancy at 5: 0.0025000000000000044
2020-03-23 14:02:26,465 - root - Topic 0: ['public', 'health', 'pandemic', 'prevention', 'measures', 'interventions', 'surveillance', 'preparedness', 'social', 'countries']
2020-03-23 14:02:26,465 - root - Topic 1: ['translation', 'reading', 'codon', 'rna', 'coding', 'stranded', 'structural', 'orf', 'genome', 'utr']
2020-03-23 14:02:26,466 - root - Topic 2: ['inflammatory', 'inflammation', 'cytokines', 'il', 'signaling', 'macrophages', 'innate', 'activation', 'injury', 'cytokine']
2020-03-23 14:02:26,466 - root - Topic 3: ['reproduction', 'epidemic', 'probability', 'estimates', 'interval', 'estimate', 'parameter', 'assumed', 'contacts', 'contact']
2020-03-23 14:02:26,466 - root - Topic 4: ['tris', 'buffer', 'sds', 'nacl', 'mm', 'overnight', 'goat', 'washed', 'page', 'ph']
2020-03-23 14:02:26,467 - root - Topic 5: ['health', 'public', 'research', 'committee', 'approved', 'national', 'review', 'care', 'policy', 'medical']
2020-03-23 14:02:26,467 - root - Topic 6: ['mice', 'kg', 'weight', 'dpi', 'day', 'challenge', 'inoculated', 'animals', 'immunized', 'group']
2020-03-23 14:02:26,467 - root - Topic 7: ['primers', 'primer', 'cdna', 'qiagen', 'kit', 'reverse', 'amplified', 'cycles', 'manufacturer', 'amplification']
2020-03-23 14:02:26,467 - root - Topic 8: ['statistical', 'software', 'test', 'anova', 'algorithm', 'version', 'package', 'variables', 'student', 'significance']
2020-03-23 14:02:26,467 - root - Topic 9: ['humans', 'bats', 'zoonotic', 'hosts', 'bat', 'species', 'east', 'reservoir', 'syndrome', 'emergence']
2020-03-23 14:02:26,467 - root - Topic 10: ['reads', 'phylogenetic', 'sequences', 'genbank', 'nucleotide', 'genomes', 'identity', 'ncbi', 'tree', 'alignment']
2020-03-23 14:02:26,468 - root - Topic 11: ['pathway', 'kinase', 'signaling', 'er', 'membrane', 'degradation', 'cellular', 'pathways', 'cytoplasm', 'replication']
2020-03-23 14:02:26,468 - root - Topic 12: ['il', 'mice', 'cd8', 'ifn', 'macrophages', 'cytokines', 'tnf', 'cytokine', 'cd4', 'inflammatory']
2020-03-23 14:02:26,468 - root - Topic 13: ['dmem', 'medium', 'supplemented', 'seeded', 'plates', 'washed', 'fbs', 'fetal', 'incubated', 'pbs']
2020-03-23 14:02:26,468 - root - Topic 14: ['children', 'respiratory', 'adults', 'pneumonia', 'rsv', 'infections', 'tract', 'deaths', 'seasonal', 'young']
2020-03-23 14:02:26,468 - root - Topic 15: ['admission', 'patients', 'icu', 'admitted', 'stay', 'hospital', 'age', 'patient', 'ventilation', 'median']
2020-03-23 14:02:26,468 - root - Topic 16: ['residues', 'crystal', 'residue', 'hydrophobic', 'binding', 'conformation', 'structure', 'conformational', 'helix', 'domain']
2020-03-23 14:02:26,468 - root - Topic 17: ['specimens', 'pcr', 'samples', 'detection', 'swabs', 'diagnostic', 'multiplex', 'sensitivity', 'swab', 'positive']
2020-03-23 14:02:26,469 - root - Topic 18: ['vaccines', 'vaccine', 'humoral', 'immunogenicity', 'neutralizing', 'antigens', 'epitopes', 'protection', 'delivery', 'immunization']
2020-03-23 14:02:26,469 - root - Topic 19: ['transfected', 'blot', 'western', 'transfection', 'mock', 'expressing', 'luciferase', 'gfp', 'lysates', 'reporter']
2020-03-23 14:03:11,532 - root - Epoch 5: Loss = 357.4546377788104
2020-03-23 14:03:11,532 - root - [Rec loss = 352.6081] [KL loss =   4.8466] [Entropy loss =   0.0000] [Coh. loss =   0.0000] [Red. loss =   0.0000]
2020-03-23 14:03:17,103 - root - TEST/VALIDATION Perplexity = 836.3678476977697 [ Rec Loss = 21813595.59375 + KL loss = 314542.50830078125 / Total test words = 3288440.0]
2020-03-23 14:03:20,636 - root - Test Coherence: 0.33200110547729567
2020-03-23 14:03:20,639 - root - Test Redundancy at 5: 0.0025000000000000044
2020-03-23 14:03:20,640 - root - Topic 0: ['public', 'health', 'pandemic', 'prevention', 'preparedness', 'interventions', 'policy', 'measures', 'government', 'surveillance']
2020-03-23 14:03:20,641 - root - Topic 1: ['translation', 'reading', 'codon', 'utr', 'coding', 'orf', 'stranded', 'nt', 'codons', 'rna']
2020-03-23 14:03:20,642 - root - Topic 2: ['inflammatory', 'inflammation', 'cytokines', 'il', 'injury', 'signaling', 'macrophages', 'innate', 'activation', 'chemokines']
2020-03-23 14:03:20,643 - root - Topic 3: ['reproduction', 'epidemic', 'probability', 'estimates', 'interval', 'parameter', 'estimate', 'assumed', 'contacts', 'contact']
2020-03-23 14:03:20,644 - root - Topic 4: ['tris', 'buffer', 'sds', 'nacl', 'goat', 'overnight', 'mm', 'washed', 'page', 'rabbit']
2020-03-23 14:03:20,644 - root - Topic 5: ['health', 'committee', 'approved', 'research', 'public', 'national', 'review', 'consent', 'policy', 'university']
2020-03-23 14:03:20,644 - root - Topic 6: ['kg', 'dpi', 'weight', 'mice', 'inoculated', 'challenge', 'day', 'immunized', 'challenged', 'group']
2020-03-23 14:03:20,645 - root - Topic 7: ['primer', 'primers', 'qiagen', 'cdna', 'kit', 'amplified', 'cycles', 'reverse', 'manufacturer', 'amplification']
2020-03-23 14:03:20,645 - root - Topic 8: ['statistical', 'software', 'anova', 'test', 'algorithm', 'student', 'version', 'package', 'variables', 'significance']
2020-03-23 14:03:20,645 - root - Topic 9: ['bats', 'humans', 'zoonotic', 'hosts', 'bat', 'reservoir', 'east', 'species', 'asia', 'syndrome']
2020-03-23 14:03:20,645 - root - Topic 10: ['reads', 'phylogenetic', 'genbank', 'sequences', 'nucleotide', 'identity', 'ncbi', 'aligned', 'genomes', 'tree']
2020-03-23 14:03:20,645 - root - Topic 11: ['er', 'pathway', 'signaling', 'kinase', 'membrane', 'degradation', 'rig', 'pathways', 'cellular', 'interacts']
2020-03-23 14:03:20,645 - root - Topic 12: ['il', 'cd8', 'mice', 'ifn', 'cytokines', 'macrophages', 'tnf', 'cytokine', 'cd4', 'chemokines']
2020-03-23 14:03:20,645 - root - Topic 13: ['dmem', 'supplemented', 'fbs', 'medium', 'seeded', 'fetal', 'plates', 'washed', 'incubated', 'cultured']
2020-03-23 14:03:20,646 - root - Topic 14: ['children', 'pneumonia', 'adults', 'respiratory', 'rsv', 'tract', 'deaths', 'infections', 'young', 'seasonal']
2020-03-23 14:03:20,646 - root - Topic 15: ['admission', 'icu', 'admitted', 'patients', 'stay', 'hospital', 'ventilation', 'median', 'patient', 'age']
2020-03-23 14:03:20,646 - root - Topic 16: ['residues', 'residue', 'crystal', 'conformation', 'hydrophobic', 'conformational', 'helix', 'binding', 'structure', 'catalytic']
2020-03-23 14:03:20,646 - root - Topic 17: ['specimens', 'pcr', 'multiplex', 'swabs', 'diagnostic', 'samples', 'detection', 'sensitivity', 'swab', 'positive']
2020-03-23 14:03:20,646 - root - Topic 18: ['vaccines', 'vaccine', 'humoral', 'immunogenicity', 'neutralizing', 'antigens', 'epitopes', 'immunization', 'delivery', 'protection']
2020-03-23 14:03:20,646 - root - Topic 19: ['transfected', 'blot', 'western', 'transfection', 'luciferase', 'mock', 'gfp', 'expressing', 'lysates', 'reporter']
2020-03-23 14:04:06,058 - root - Epoch 6: Loss = 356.0519319237918
2020-03-23 14:04:06,058 - root - [Rec loss = 351.2054] [KL loss =   4.8466] [Entropy loss =   0.0000] [Coh. loss =   0.0000] [Red. loss =   0.0000]
2020-03-23 14:04:11,670 - root - TEST/VALIDATION Perplexity = 810.267530406357 [ Rec Loss = 21709338.734375 + KL loss = 314542.50830078125 / Total test words = 3288440.0]
2020-03-23 14:04:15,139 - root - Test Coherence: 0.33720911068286513
2020-03-23 14:04:15,139 - root - Test Redundancy at 5: 0.0003999999999999963
2020-03-23 14:04:15,140 - root - Topic 0: ['public', 'health', 'preparedness', 'pandemic', 'prevention', 'government', 'policy', 'interventions', 'global', 'surveillance']
2020-03-23 14:04:15,140 - root - Topic 1: ['reading', 'codon', 'translation', 'utr', 'orf', 'codons', 'coding', 'nt', 'orfs', 'rnas']
2020-03-23 14:04:15,141 - root - Topic 2: ['inflammatory', 'inflammation', 'cytokines', 'il', 'injury', 'signaling', 'macrophages', 'chemokines', 'oxidative', 'tnf']
2020-03-23 14:04:15,141 - root - Topic 3: ['reproduction', 'epidemic', 'interval', 'probability', 'estimates', 'parameter', 'assumed', 'estimate', 'contacts', 'contact']
2020-03-23 14:04:15,141 - root - Topic 4: ['tris', 'sds', 'buffer', 'nacl', 'goat', 'page', 'rabbit', 'overnight', 'conjugated', 'washed']
2020-03-23 14:04:15,141 - root - Topic 5: ['committee', 'approved', 'health', 'consent', 'research', 'national', 'review', 'public', 'university', 'informed']
2020-03-23 14:04:15,141 - root - Topic 6: ['kg', 'dpi', 'weight', 'inoculated', 'challenge', 'mice', 'challenged', 'immunized', 'day', 'vaccinated']
2020-03-23 14:04:15,142 - root - Topic 7: ['primer', 'qiagen', 'primers', 'cdna', 'kit', 'cycles', 'amplified', 'mix', 'reverse', 'amplification']
2020-03-23 14:04:15,142 - root - Topic 8: ['statistical', 'anova', 'software', 'test', 'student', 'algorithm', 'variables', 'version', 'package', 'significance']
2020-03-23 14:04:15,142 - root - Topic 9: ['bats', 'zoonotic', 'humans', 'hosts', 'bat', 'reservoir', 'east', 'domestic', 'species', 'asia']
2020-03-23 14:04:15,142 - root - Topic 10: ['phylogenetic', 'reads', 'genbank', 'sequences', 'nucleotide', 'ncbi', 'identity', 'aligned', 'tree', 'trees']
2020-03-23 14:04:15,143 - root - Topic 11: ['er', 'kinase', 'signaling', 'pathway', 'membrane', 'rig', 'degradation', 'autophagy', 'interacts', 'phosphorylation']
2020-03-23 14:04:15,143 - root - Topic 12: ['il', 'cd8', 'ifn', 'mice', 'macrophages', 'cytokines', 'tnf', 'cd4', 'cytokine', 'cns']
2020-03-23 14:04:15,143 - root - Topic 13: ['dmem', 'fbs', 'supplemented', 'seeded', 'medium', 'fetal', 'plates', 'washed', 'cultured', 'grown']
2020-03-23 14:04:15,143 - root - Topic 14: ['children', 'pneumonia', 'adults', 'rsv', 'deaths', 'respiratory', 'tract', 'hospitalized', 'young', 'seasonal']
2020-03-23 14:04:15,143 - root - Topic 15: ['admission', 'icu', 'admitted', 'stay', 'patients', 'hospital', 'ventilation', 'median', 'hospitalization', 'patient']
2020-03-23 14:04:15,143 - root - Topic 16: ['residues', 'residue', 'conformation', 'hydrophobic', 'crystal', 'helix', 'conformational', 'binding', 'catalytic', 'loop']
2020-03-23 14:04:15,144 - root - Topic 17: ['specimens', 'multiplex', 'swabs', 'pcr', 'diagnostic', 'swab', 'samples', 'sensitivity', 'detection', 'positive']
2020-03-23 14:04:15,144 - root - Topic 18: ['vaccines', 'vaccine', 'humoral', 'immunogenicity', 'neutralizing', 'epitopes', 'antigens', 'immunization', 'delivery', 'protection']
2020-03-23 14:04:15,144 - root - Topic 19: ['transfected', 'blot', 'western', 'transfection', 'luciferase', 'mock', 'gfp', 'reporter', '293t', 'expressing']
2020-03-23 14:05:01,172 - root - Epoch 7: Loss = 354.96753020446096
2020-03-23 14:05:01,173 - root - [Rec loss = 350.1210] [KL loss =   4.8466] [Entropy loss =   0.0000] [Coh. loss =   0.0000] [Red. loss =   0.0000]
2020-03-23 14:05:06,986 - root - TEST/VALIDATION Perplexity = 801.1185330577149 [ Rec Loss = 21671996.65625 + KL loss = 314542.50830078125 / Total test words = 3288440.0]
2020-03-23 14:05:10,426 - root - Test Coherence: 0.3381654733649194
2020-03-23 14:05:10,426 - root - Test Redundancy at 5: 0.0009000000000000016
2020-03-23 14:05:10,426 - root - Topic 0: ['public', 'health', 'preparedness', 'government', 'policy', 'pandemic', 'prevention', 'interventions', 'resources', 'global']
2020-03-23 14:05:10,426 - root - Topic 1: ['codon', 'reading', 'translation', 'utr', 'orf', 'codons', 'orfs', 'nt', 'frame', 'nucleotides']
2020-03-23 14:05:10,426 - root - Topic 2: ['inflammatory', 'inflammation', 'cytokines', 'il', 'injury', 'signaling', 'oxidative', 'chemokines', 'macrophages', 'differentiation']
2020-03-23 14:05:10,427 - root - Topic 3: ['reproduction', 'epidemic', 'interval', 'probability', 'parameter', 'estimates', 'estimate', 'assumed', 'contacts', 'simulated']
2020-03-23 14:05:10,427 - root - Topic 4: ['tris', 'sds', 'goat', 'buffer', 'nacl', 'rabbit', 'page', 'conjugated', 'overnight', 'washed']
2020-03-23 14:05:10,427 - root - Topic 5: ['committee', 'approved', 'consent', 'health', 'research', 'informed', 'university', 'review', 'national', 'public']
2020-03-23 14:05:10,427 - root - Topic 6: ['kg', 'dpi', 'weight', 'inoculated', 'challenged', 'challenge', 'immunized', 'vaccinated', 'mice', 'day']
2020-03-23 14:05:10,427 - root - Topic 7: ['primer', 'qiagen', 'cdna', 'primers', 'cycles', 'mix', 'kit', 'reverse', 'amplified', 'forward']
2020-03-23 14:05:10,428 - root - Topic 8: ['statistical', 'anova', 'software', 'student', 'test', 'variables', 'algorithm', 'package', 'version', 'variance']
2020-03-23 14:05:10,428 - root - Topic 9: ['bats', 'zoonotic', 'humans', 'hosts', 'reservoir', 'bat', 'east', 'domestic', 'asia', 'species']
2020-03-23 14:05:10,429 - root - Topic 10: ['phylogenetic', 'reads', 'genbank', 'sequences', 'nucleotide', 'ncbi', 'identity', 'aligned', 'tree', 'trees']
2020-03-23 14:05:10,429 - root - Topic 11: ['er', 'kinase', 'signaling', 'pathway', 'rig', 'autophagy', 'membrane', 'degradation', 'phosphorylation', 'interacts']
2020-03-23 14:05:10,430 - root - Topic 12: ['il', 'cd8', 'ifn', 'mice', 'cytokines', 'macrophages', 'tnf', 'cd4', 'cytokine', 'cns']
2020-03-23 14:05:10,431 - root - Topic 13: ['dmem', 'fbs', 'supplemented', 'fetal', 'seeded', 'medium', 'plates', 'washed', 'grown', 'cultured']
2020-03-23 14:05:10,432 - root - Topic 14: ['children', 'pneumonia', 'adults', 'rsv', 'deaths', 'hospitalized', 'respiratory', 'infants', 'tract', 'young']
2020-03-23 14:05:10,432 - root - Topic 15: ['admission', 'icu', 'admitted', 'stay', 'patients', 'ventilation', 'hospital', 'median', 'hospitalization', 'score']
2020-03-23 14:05:10,432 - root - Topic 16: ['residues', 'residue', 'hydrophobic', 'conformation', 'crystal', 'helix', 'conformational', 'catalytic', 'rbd', 'binding']
2020-03-23 14:05:10,432 - root - Topic 17: ['specimens', 'multiplex', 'swabs', 'pcr', 'diagnostic', 'swab', 'samples', 'sensitivity', 'detection', 'testing']
2020-03-23 14:05:10,433 - root - Topic 18: ['vaccines', 'vaccine', 'immunogenicity', 'humoral', 'neutralizing', 'epitopes', 'antigens', 'delivery', 'immunization', 'protection']
2020-03-23 14:05:10,433 - root - Topic 19: ['transfected', 'blot', 'transfection', 'western', 'luciferase', 'gfp', 'mock', 'blotting', 'reporter', '293t']
2020-03-23 14:05:57,516 - root - Epoch 8: Loss = 353.93088069237916
2020-03-23 14:05:57,516 - root - [Rec loss = 349.0843] [KL loss =   4.8466] [Entropy loss =   0.0000] [Coh. loss =   0.0000] [Red. loss =   0.0000]
2020-03-23 14:06:03,278 - root - TEST/VALIDATION Perplexity = 781.7463945722011 [ Rec Loss = 21591500.46875 + KL loss = 314542.50830078125 / Total test words = 3288440.0]
2020-03-23 14:06:06,755 - root - Test Coherence: 0.3373119492867482
2020-03-23 14:06:06,755 - root - Test Redundancy at 5: 0.00010000000000000018
2020-03-23 14:06:06,756 - root - Topic 0: ['public', 'preparedness', 'health', 'government', 'policy', 'pandemic', 'prevention', 'interventions', 'services', 'communication']
2020-03-23 14:06:06,756 - root - Topic 1: ['codon', 'reading', 'orf', 'translation', 'codons', 'utr', 'orfs', 'nt', 'frame', 'nucleotides']
2020-03-23 14:06:06,756 - root - Topic 2: ['inflammatory', 'inflammation', 'cytokines', 'injury', 'il', 'oxidative', 'chemokines', 'signaling', 'differentiation', 'cancer']
2020-03-23 14:06:06,756 - root - Topic 3: ['reproduction', 'interval', 'epidemic', 'parameter', 'probability', 'estimates', 'estimate', 'assumed', 'contacts', 'simulated']
2020-03-23 14:06:06,757 - root - Topic 4: ['tris', 'sds', 'goat', 'buffer', 'rabbit', 'nacl', 'page', 'conjugated', 'overnight', 'washed']
2020-03-23 14:06:06,757 - root - Topic 5: ['committee', 'approved', 'consent', 'informed', 'university', 'research', 'health', 'review', 'national', 'policy']
2020-03-23 14:06:06,757 - root - Topic 6: ['kg', 'dpi', 'weight', 'inoculated', 'challenged', 'immunized', 'challenge', 'vaccinated', 'piglets', 'mice']
2020-03-23 14:06:06,757 - root - Topic 7: ['qiagen', 'primer', 'cdna', 'primers', 'cycles', 'mix', 'kit', 'reverse', 'amplified', 'forward']
2020-03-23 14:06:06,757 - root - Topic 8: ['statistical', 'anova', 'software', 'student', 'variables', 'test', 'algorithm', 'package', 'variance', 'version']
2020-03-23 14:06:06,757 - root - Topic 9: ['bats', 'zoonotic', 'humans', 'hosts', 'reservoir', 'bat', 'east', 'domestic', 'asia', 'transmitted']
2020-03-23 14:06:06,757 - root - Topic 10: ['phylogenetic', 'reads', 'genbank', 'ncbi', 'identity', 'aligned', 'nucleotide', 'sequences', 'tree', 'trees']
2020-03-23 14:06:06,757 - root - Topic 11: ['er', 'kinase', 'signaling', 'autophagy', 'rig', 'pathway', 'membrane', 'degradation', 'interacts', 'phosphorylation']
2020-03-23 14:06:06,758 - root - Topic 12: ['cd8', 'il', 'ifn', 'mice', 'macrophages', 'cd4', 'cytokines', 'tnf', 'cytokine', 'cns']
2020-03-23 14:06:06,758 - root - Topic 13: ['dmem', 'fbs', 'supplemented', 'fetal', 'seeded', 'medium', 'plates', 'washed', 'grown', 'cultured']
2020-03-23 14:06:06,758 - root - Topic 14: ['children', 'pneumonia', 'adults', 'rsv', 'deaths', 'hospitalized', 'infants', 'young', 'tract', 'respiratory']
2020-03-23 14:06:06,758 - root - Topic 15: ['icu', 'admission', 'stay', 'admitted', 'patients', 'ventilation', 'hospital', 'median', 'hospitalization', 'score']
2020-03-23 14:06:06,758 - root - Topic 16: ['residues', 'hydrophobic', 'residue', 'conformation', 'crystal', 'helix', 'conformational', 'rbd', 'catalytic', 'loop']
2020-03-23 14:06:06,758 - root - Topic 17: ['specimens', 'multiplex', 'swabs', 'pcr', 'diagnostic', 'swab', 'sensitivity', 'samples', 'detection', 'nucleic']
2020-03-23 14:06:06,758 - root - Topic 18: ['vaccines', 'vaccine', 'immunogenicity', 'humoral', 'neutralizing', 'epitopes', 'antigens', 'immunization', 'delivery', 'protection']
2020-03-23 14:06:06,759 - root - Topic 19: ['transfected', 'luciferase', 'blot', 'transfection', 'western', 'reporter', 'flag', 'blotting', 'lysates', '293t']
2020-03-23 14:06:52,601 - root - Epoch 9: Loss = 352.96052393122676
2020-03-23 14:06:52,601 - root - [Rec loss = 348.1140] [KL loss =   4.8466] [Entropy loss =   0.0000] [Coh. loss =   0.0000] [Red. loss =   0.0000]
2020-03-23 14:06:58,329 - root - TEST/VALIDATION Perplexity = 765.3429350133 [ Rec Loss = 21521764.59375 + KL loss = 314542.50830078125 / Total test words = 3288440.0]
2020-03-23 14:07:01,801 - root - Test Coherence: 0.3365417213858794
2020-03-23 14:07:01,801 - root - Test Redundancy at 5: 0.00010000000000000018
2020-03-23 14:07:01,802 - root - Topic 0: ['preparedness', 'public', 'health', 'policy', 'government', 'pandemic', 'services', 'interventions', 'communication', 'prevention']
2020-03-23 14:07:01,802 - root - Topic 1: ['codon', 'reading', 'orf', 'codons', 'translation', 'utr', 'orfs', 'frame', 'nt', 'nucleotides']
2020-03-23 14:07:01,802 - root - Topic 2: ['inflammatory', 'inflammation', 'cytokines', 'injury', 'il', 'oxidative', 'cancer', 'chemokines', 'differentiation', 'macrophages']
2020-03-23 14:07:01,802 - root - Topic 3: ['reproduction', 'interval', 'epidemic', 'parameter', 'probability', 'estimates', 'assumed', 'estimate', 'contacts', 'simulated']
2020-03-23 14:07:01,802 - root - Topic 4: ['tris', 'sds', 'goat', 'rabbit', 'nacl', 'buffer', 'page', 'conjugated', 'overnight', 'washed']
2020-03-23 14:07:01,802 - root - Topic 5: ['committee', 'approved', 'consent', 'informed', 'university', 'research', 'review', 'national', 'health', 'accordance']
2020-03-23 14:07:01,803 - root - Topic 6: ['kg', 'dpi', 'weight', 'challenged', 'inoculated', 'immunized', 'challenge', 'vaccinated', 'piglets', 'pigs']
2020-03-23 14:07:01,803 - root - Topic 7: ['qiagen', 'primer', 'cdna', 'primers', 'mix', 'cycles', 'reverse', 'kit', 'forward', 'amplified']
2020-03-23 14:07:01,803 - root - Topic 8: ['statistical', 'anova', 'student', 'software', 'variables', 'test', 'package', 'algorithm', 'significance', 'variance']
2020-03-23 14:07:01,803 - root - Topic 9: ['bats', 'zoonotic', 'humans', 'hosts', 'reservoir', 'bat', 'east', 'domestic', 'birds', 'asia']
2020-03-23 14:07:01,803 - root - Topic 10: ['phylogenetic', 'reads', 'genbank', 'ncbi', 'identity', 'aligned', 'nucleotide', 'tree', 'trees', 'contigs']
2020-03-23 14:07:01,803 - root - Topic 11: ['er', 'kinase', 'autophagy', 'rig', 'signaling', 'pathway', 'membrane', 'κb', 'endosomal', 'interacts']
2020-03-23 14:07:01,803 - root - Topic 12: ['cd8', 'il', 'ifn', 'cd4', 'mice', 'cytokines', 'macrophages', 'tnf', 'cns', 'cytokine']
2020-03-23 14:07:01,804 - root - Topic 13: ['dmem', 'fbs', 'supplemented', 'fetal', 'seeded', 'medium', 'plates', 'washed', 'grown', 'cultured']
2020-03-23 14:07:01,804 - root - Topic 14: ['children', 'pneumonia', 'rsv', 'adults', 'deaths', 'hospitalized', 'infants', 'older', 'young', 'tract']
2020-03-23 14:07:01,804 - root - Topic 15: ['icu', 'admission', 'stay', 'admitted', 'patients', 'ventilation', 'hospital', 'median', 'intensive', 'failure']
2020-03-23 14:07:01,804 - root - Topic 16: ['residues', 'hydrophobic', 'conformation', 'crystal', 'residue', 'helix', 'rbd', 'conformational', 'catalytic', 'loop']
2020-03-23 14:07:01,804 - root - Topic 17: ['specimens', 'multiplex', 'swabs', 'pcr', 'diagnostic', 'swab', 'sensitivity', 'samples', 'detection', 'nucleic']
2020-03-23 14:07:01,804 - root - Topic 18: ['vaccines', 'vaccine', 'immunogenicity', 'humoral', 'epitopes', 'neutralizing', 'antigens', 'immunization', 'delivery', 'adjuvant']
2020-03-23 14:07:01,804 - root - Topic 19: ['transfected', 'luciferase', 'transfection', 'blot', 'western', 'flag', 'reporter', 'lysates', 'mock', 'tagged']
2020-03-23 14:07:47,804 - root - Epoch 10: Loss = 352.1600562267658
2020-03-23 14:07:47,804 - root - [Rec loss = 347.3135] [KL loss =   4.8466] [Entropy loss =   0.0000] [Coh. loss =   0.0000] [Red. loss =   0.0000]
2020-03-23 14:07:53,548 - root - TEST/VALIDATION Perplexity = 753.2755497248648 [ Rec Loss = 21469501.6875 + KL loss = 314542.50830078125 / Total test words = 3288440.0]
2020-03-23 14:07:57,024 - root - Test Coherence: 0.3360109778280972
2020-03-23 14:07:57,024 - root - Test Redundancy at 5: 0.00010000000000000018
2020-03-23 14:07:57,025 - root - Topic 0: ['preparedness', 'public', 'health', 'policy', 'government', 'pandemic', 'services', 'communication', 'interventions', 'prevention']
2020-03-23 14:07:57,025 - root - Topic 1: ['codon', 'orf', 'reading', 'codons', 'utr', 'translation', 'orfs', 'frame', 'nt', 'frameshifting']
2020-03-23 14:07:57,025 - root - Topic 2: ['inflammatory', 'inflammation', 'injury', 'cytokines', 'il', 'oxidative', 'cancer', 'chemokines', 'differentiation', 'endothelial']
2020-03-23 14:07:57,025 - root - Topic 3: ['reproduction', 'interval', 'epidemic', 'parameter', 'probability', 'estimates', 'assumed', 'contacts', 'simulated', 'estimate']
2020-03-23 14:07:57,025 - root - Topic 4: ['tris', 'goat', 'sds', 'rabbit', 'nacl', 'page', 'conjugated', 'buffer', 'overnight', 'bsa']
2020-03-23 14:07:57,025 - root - Topic 5: ['committee', 'approved', 'consent', 'informed', 'university', 'research', 'review', 'accordance', 'national', 'health']
2020-03-23 14:07:57,025 - root - Topic 6: ['kg', 'dpi', 'challenged', 'inoculated', 'weight', 'immunized', 'vaccinated', 'piglets', 'challenge', 'pigs']
2020-03-23 14:07:57,026 - root - Topic 7: ['qiagen', 'primer', 'cdna', 'primers', 'mix', 'cycles', 'reverse', 'forward', 'kit', 'amplified']
2020-03-23 14:07:57,026 - root - Topic 8: ['statistical', 'anova', 'student', 'software', 'variables', 'test', 'package', 'variance', 'significance', 'algorithm']
2020-03-23 14:07:57,026 - root - Topic 9: ['bats', 'zoonotic', 'humans', 'hosts', 'reservoir', 'bat', 'east', 'domestic', 'asia', 'birds']
2020-03-23 14:07:57,026 - root - Topic 10: ['phylogenetic', 'reads', 'genbank', 'ncbi', 'identity', 'tree', 'trees', 'aligned', 'contigs', 'nucleotide']
2020-03-23 14:07:57,026 - root - Topic 11: ['er', 'autophagy', 'rig', 'kinase', 'signaling', 'pathway', 'membrane', 'κb', 'endosomal', 'ubiquitin']
2020-03-23 14:07:57,026 - root - Topic 12: ['cd8', 'il', 'ifn', 'cd4', 'mice', 'cns', 'cytokines', 'tnf', 'macrophages', '1β']
2020-03-23 14:07:57,026 - root - Topic 13: ['dmem', 'fbs', 'supplemented', 'fetal', 'seeded', 'medium', 'plates', 'washed', 'grown', 'cultured']
2020-03-23 14:07:57,027 - root - Topic 14: ['children', 'rsv', 'adults', 'pneumonia', 'deaths', 'hospitalized', 'infants', 'older', 'young', 'aged']
2020-03-23 14:07:57,027 - root - Topic 15: ['icu', 'admission', 'stay', 'admitted', 'ventilation', 'patients', 'hospital', 'intensive', 'score', 'median']
2020-03-23 14:07:57,027 - root - Topic 16: ['residues', 'hydrophobic', 'conformation', 'crystal', 'residue', 'helix', 'rbd', 'conformational', 'catalytic', 'loop']
2020-03-23 14:07:57,027 - root - Topic 17: ['specimens', 'multiplex', 'swabs', 'pcr', 'diagnostic', 'swab', 'sensitivity', 'detection', 'samples', 'nucleic']
2020-03-23 14:07:57,027 - root - Topic 18: ['vaccines', 'vaccine', 'immunogenicity', 'humoral', 'epitopes', 'neutralizing', 'antigens', 'immunization', 'delivery', 'adjuvant']
2020-03-23 14:07:57,027 - root - Topic 19: ['transfected', 'luciferase', 'transfection', 'blot', 'western', 'flag', 'reporter', 'lysates', 'knockdown', 'blotting']
2020-03-23 14:08:42,880 - root - Epoch 11: Loss = 351.33456656598514
2020-03-23 14:08:42,880 - root - [Rec loss = 346.4880] [KL loss =   4.8466] [Entropy loss =   0.0000] [Coh. loss =   0.0000] [Red. loss =   0.0000]
2020-03-23 14:08:48,576 - root - TEST/VALIDATION Perplexity = 739.6553763960906 [ Rec Loss = 21409498.421875 + KL loss = 314542.50830078125 / Total test words = 3288440.0]
2020-03-23 14:08:52,048 - root - Test Coherence: 0.33152100975044474
2020-03-23 14:08:52,048 - root - Test Redundancy at 5: 0.00010000000000000018
2020-03-23 14:08:52,048 - root - Topic 0: ['preparedness', 'public', 'health', 'policy', 'government', 'pandemic', 'communication', 'services', 'interventions', 'resources']
2020-03-23 14:08:52,048 - root - Topic 1: ['codon', 'codons', 'orf', 'reading', 'utr', 'translation', 'orfs', 'frame', 'nt', 'frameshifting']
2020-03-23 14:08:52,049 - root - Topic 2: ['inflammatory', 'inflammation', 'injury', 'oxidative', 'il', 'cytokines', 'cancer', 'differentiation', 'chemokines', 'endothelial']
2020-03-23 14:08:52,049 - root - Topic 3: ['reproduction', 'interval', 'epidemic', 'parameter', 'probability', 'contacts', 'assumed', 'estimates', 'simulated', 'wuhan']
2020-03-23 14:08:52,049 - root - Topic 4: ['tris', 'goat', 'sds', 'rabbit', 'page', 'conjugated', 'nacl', 'buffer', 'overnight', 'bsa']
2020-03-23 14:08:52,049 - root - Topic 5: ['committee', 'approved', 'consent', 'informed', 'university', 'research', 'review', 'accordance', 'national', 'manuscript']
2020-03-23 14:08:52,049 - root - Topic 6: ['kg', 'dpi', 'challenged', 'inoculated', 'piglets', 'immunized', 'weight', 'vaccinated', 'pigs', 'challenge']
2020-03-23 14:08:52,049 - root - Topic 7: ['primer', 'qiagen', 'cdna', 'mix', 'cycles', 'primers', 'forward', 'reverse', 'kit', 'μl']
2020-03-23 14:08:52,049 - root - Topic 8: ['anova', 'statistical', 'student', 'software', 'variables', 'package', 'test', 'variance', 'significance', 'algorithm']
2020-03-23 14:08:52,050 - root - Topic 9: ['bats', 'zoonotic', 'humans', 'reservoir', 'hosts', 'bat', 'east', 'domestic', 'birds', 'covs']
2020-03-23 14:08:52,050 - root - Topic 10: ['phylogenetic', 'reads', 'genbank', 'ncbi', 'trees', 'tree', 'contigs', 'aligned', 'identity', 'nucleotide']
2020-03-23 14:08:52,050 - root - Topic 11: ['er', 'autophagy', 'rig', 'kinase', 'signaling', 'membrane', 'pathway', 'endosomal', 'κb', 'ubiquitin']
2020-03-23 14:08:52,050 - root - Topic 12: ['cd8', 'il', 'ifn', 'cd4', 'cns', 'mice', 'tnf', 'cytokines', 'macrophages', 'wt']
2020-03-23 14:08:52,050 - root - Topic 13: ['dmem', 'fbs', 'supplemented', 'fetal', 'seeded', 'medium', 'plates', 'grown', 'washed', 'cultured']
2020-03-23 14:08:52,050 - root - Topic 14: ['children', 'rsv', 'deaths', 'adults', 'pneumonia', 'hospitalized', 'infants', 'older', 'young', 'aged']
2020-03-23 14:08:52,050 - root - Topic 15: ['icu', 'admission', 'stay', 'admitted', 'ventilation', 'patients', 'hospital', 'intensive', 'score', 'failure']
2020-03-23 14:08:52,051 - root - Topic 16: ['residues', 'hydrophobic', 'rbd', 'conformation', 'crystal', 'residue', 'helix', 'conformational', 'catalytic', 'loop']
2020-03-23 14:08:52,051 - root - Topic 17: ['specimens', 'multiplex', 'swabs', 'pcr', 'diagnostic', 'swab', 'sensitivity', 'detection', 'nucleic', 'samples']
2020-03-23 14:08:52,051 - root - Topic 18: ['vaccines', 'vaccine', 'immunogenicity', 'humoral', 'epitopes', 'neutralizing', 'antigens', 'delivery', 'immunization', 'adjuvant']
2020-03-23 14:08:52,051 - root - Topic 19: ['transfected', 'luciferase', 'blot', 'transfection', 'western', 'flag', 'reporter', 'tagged', 'knockdown', 'blotting']
2020-03-23 14:09:37,881 - root - Epoch 12: Loss = 350.69970399628255
2020-03-23 14:09:37,881 - root - [Rec loss = 345.8531] [KL loss =   4.8466] [Entropy loss =   0.0000] [Coh. loss =   0.0000] [Red. loss =   0.0000]
2020-03-23 14:09:43,470 - root - TEST/VALIDATION Perplexity = 727.2338057401171 [ Rec Loss = 21353804.28125 + KL loss = 314542.50830078125 / Total test words = 3288440.0]
2020-03-23 14:09:46,877 - root - Test Coherence: 0.32936622891484524
2020-03-23 14:09:46,877 - root - Test Redundancy at 5: 0.0
2020-03-23 14:09:46,878 - root - Topic 0: ['preparedness', 'public', 'health', 'policy', 'government', 'communication', 'pandemic', 'services', 'interventions', 'emergency']
2020-03-23 14:09:46,878 - root - Topic 1: ['codon', 'codons', 'orf', 'reading', 'utr', 'orfs', 'translation', 'frame', 'frameshifting', 'nt']
2020-03-23 14:09:46,878 - root - Topic 2: ['inflammatory', 'inflammation', 'injury', 'oxidative', 'cancer', 'cytokines', 'il', 'differentiation', 'endothelial', 'chemokines']
2020-03-23 14:09:46,878 - root - Topic 3: ['reproduction', 'interval', 'parameter', 'probability', 'epidemic', 'contacts', 'assumed', 'estimates', 'wuhan', 'simulated']
2020-03-23 14:09:46,878 - root - Topic 4: ['sds', 'tris', 'goat', 'rabbit', 'page', 'conjugated', 'nacl', 'buffer', 'bsa', 'polyclonal']
2020-03-23 14:09:46,878 - root - Topic 5: ['committee', 'approved', 'consent', 'informed', 'university', 'accordance', 'review', 'research', 'manuscript', 'national']
2020-03-23 14:09:46,878 - root - Topic 6: ['kg', 'dpi', 'challenged', 'piglets', 'immunized', 'inoculated', 'vaccinated', 'weight', 'pigs', 'challenge']
2020-03-23 14:09:46,878 - root - Topic 7: ['primer', 'qiagen', 'cdna', 'cycles', 'mix', 'primers', 'forward', 'reverse', 'kit', 'μl']
2020-03-23 14:09:46,878 - root - Topic 8: ['anova', 'statistical', 'student', 'software', 'variables', 'variance', 'package', 'test', 'significance', 'statistically']
2020-03-23 14:09:46,878 - root - Topic 9: ['bats', 'zoonotic', 'reservoir', 'humans', 'hosts', 'bat', 'east', 'domestic', 'covs', 'birds']
2020-03-23 14:09:46,879 - root - Topic 10: ['phylogenetic', 'reads', 'genbank', 'ncbi', 'contigs', 'tree', 'trees', 'identity', 'aligned', 'nucleotide']
2020-03-23 14:09:46,879 - root - Topic 11: ['er', 'autophagy', 'rig', 'kinase', 'signaling', 'membrane', 'endosomal', 'κb', 'pathway', 'vesicles']
2020-03-23 14:09:46,879 - root - Topic 12: ['cd8', 'il', 'ifn', 'cd4', 'cns', 'mice', 'nk', 'tnf', 'wt', 'chemokines']
2020-03-23 14:09:46,879 - root - Topic 13: ['dmem', 'fbs', 'supplemented', 'fetal', 'seeded', 'medium', 'plates', 'grown', 'washed', '37uc']
2020-03-23 14:09:46,879 - root - Topic 14: ['children', 'rsv', 'deaths', 'adults', 'pneumonia', 'hospitalized', 'infants', 'older', 'aged', 'young']
2020-03-23 14:09:46,879 - root - Topic 15: ['icu', 'admission', 'stay', 'admitted', 'ventilation', 'patients', 'hospital', 'intensive', 'variables', 'ards']
2020-03-23 14:09:46,879 - root - Topic 16: ['residues', 'hydrophobic', 'rbd', 'conformation', 'helix', 'crystal', 'residue', 'conformational', 'catalytic', 'loop']
2020-03-23 14:09:46,879 - root - Topic 17: ['specimens', 'multiplex', 'swabs', 'diagnostic', 'sensitivity', 'swab', 'pcr', 'detection', 'nucleic', 'lamp']
2020-03-23 14:09:46,879 - root - Topic 18: ['vaccines', 'vaccine', 'immunogenicity', 'humoral', 'epitopes', 'neutralizing', 'antigens', 'delivery', 'immunization', 'adjuvant']
2020-03-23 14:09:46,879 - root - Topic 19: ['transfected', 'luciferase', 'blot', 'transfection', 'western', 'flag', 'knockdown', 'reporter', 'tagged', 'blotting']
2020-03-23 14:10:35,769 - root - Epoch 13: Loss = 349.98757702137544
2020-03-23 14:10:35,769 - root - [Rec loss = 345.1410] [KL loss =   4.8466] [Entropy loss =   0.0000] [Coh. loss =   0.0000] [Red. loss =   0.0000]
2020-03-23 14:10:41,416 - root - TEST/VALIDATION Perplexity = 715.9874321999766 [ Rec Loss = 21302552.578125 + KL loss = 314542.50830078125 / Total test words = 3288440.0]
2020-03-23 14:10:44,949 - root - Test Coherence: 0.3265560599853422
2020-03-23 14:10:44,950 - root - Test Redundancy at 5: 0.0
2020-03-23 14:10:44,950 - root - Topic 0: ['preparedness', 'public', 'policy', 'health', 'government', 'communication', 'services', 'pandemic', 'emergency', 'interventions']
2020-03-23 14:10:44,950 - root - Topic 1: ['codon', 'codons', 'orf', 'reading', 'frame', 'utr', 'orfs', 'translation', 'frameshifting', 'nt']
2020-03-23 14:10:44,950 - root - Topic 2: ['inflammatory', 'inflammation', 'oxidative', 'injury', 'cancer', 'cytokines', 'il', 'differentiation', 'endothelial', 'nf']
2020-03-23 14:10:44,950 - root - Topic 3: ['reproduction', 'interval', 'probability', 'parameter', 'epidemic', 'contacts', 'wuhan', 'simulated', 'assumed', 'estimates']
2020-03-23 14:10:44,951 - root - Topic 4: ['goat', 'sds', 'tris', 'rabbit', 'page', 'conjugated', 'nacl', 'buffer', 'polyclonal', 'overnight']
2020-03-23 14:10:44,951 - root - Topic 5: ['committee', 'approved', 'consent', 'informed', 'university', 'accordance', 'review', 'manuscript', 'research', 'national']
2020-03-23 14:10:44,951 - root - Topic 6: ['kg', 'dpi', 'piglets', 'challenged', 'immunized', 'vaccinated', 'inoculated', 'pigs', 'weight', 'challenge']
2020-03-23 14:10:44,951 - root - Topic 7: ['primer', 'qiagen', 'cdna', 'mix', 'cycles', 'primers', 'forward', 'reverse', 'μl', 'kit']
2020-03-23 14:10:44,951 - root - Topic 8: ['anova', 'statistical', 'student', 'software', 'variables', 'variance', 'significance', 'package', 'test', 'statistically']
2020-03-23 14:10:44,952 - root - Topic 9: ['bats', 'zoonotic', 'reservoir', 'bat', 'humans', 'hosts', 'east', 'domestic', 'covs', 'livestock']
2020-03-23 14:10:44,952 - root - Topic 10: ['phylogenetic', 'reads', 'genbank', 'ncbi', 'contigs', 'trees', 'identity', 'tree', 'aligned', 'nucleotide']
2020-03-23 14:10:44,952 - root - Topic 11: ['er', 'autophagy', 'rig', 'kinase', 'endosomal', 'signaling', 'membrane', 'κb', 'ubiquitin', 'vesicles']
2020-03-23 14:10:44,952 - root - Topic 12: ['cd8', 'il', 'ifn', 'cd4', 'cns', 'nk', 'mice', 'wt', '1β', 'chemokines']
2020-03-23 14:10:44,952 - root - Topic 13: ['dmem', 'fbs', 'supplemented', 'fetal', 'seeded', 'medium', 'plates', 'grown', 'washed', 'vero']
2020-03-23 14:10:44,952 - root - Topic 14: ['children', 'rsv', 'deaths', 'adults', 'pneumonia', 'hospitalized', 'infants', 'older', 'aged', 'young']
2020-03-23 14:10:44,952 - root - Topic 15: ['icu', 'admission', 'stay', 'admitted', 'ventilation', 'patients', 'hospital', 'ards', 'variables', 'cardiac']
2020-03-23 14:10:44,953 - root - Topic 16: ['residues', 'rbd', 'hydrophobic', 'conformation', 'helix', 'residue', 'crystal', 'conformational', 'catalytic', 'loop']
2020-03-23 14:10:44,953 - root - Topic 17: ['specimens', 'multiplex', 'swabs', 'diagnostic', 'sensitivity', 'swab', 'pcr', 'detection', 'nucleic', 'lamp']
2020-03-23 14:10:44,953 - root - Topic 18: ['vaccines', 'vaccine', 'immunogenicity', 'humoral', 'epitopes', 'neutralizing', 'antigens', 'delivery', 'immunization', 'adjuvant']
2020-03-23 14:10:44,953 - root - Topic 19: ['transfected', 'luciferase', 'blot', 'western', 'transfection', 'flag', 'knockdown', 'blotting', 'reporter', 'tagged']
2020-03-23 14:11:30,903 - root - Epoch 14: Loss = 349.3336490473978
2020-03-23 14:11:30,904 - root - [Rec loss = 344.4871] [KL loss =   4.8466] [Entropy loss =   0.0000] [Coh. loss =   0.0000] [Red. loss =   0.0000]
2020-03-23 14:11:36,317 - root - TEST/VALIDATION Perplexity = 710.5023438403351 [ Rec Loss = 21277263.265625 + KL loss = 314542.50830078125 / Total test words = 3288440.0]
2020-03-23 14:11:39,331 - root - Test Coherence: 0.3224349128076826
2020-03-23 14:11:39,332 - root - Test Redundancy at 5: 0.0
2020-03-23 14:11:39,332 - root - Topic 0: ['preparedness', 'public', 'policy', 'health', 'communication', 'government', 'services', 'pandemic', 'emergency', 'resources']
2020-03-23 14:11:39,332 - root - Topic 1: ['codon', 'codons', 'orf', 'reading', 'frame', 'utr', 'orfs', 'frameshifting', 'translation', 'nt']
2020-03-23 14:11:39,332 - root - Topic 2: ['inflammatory', 'inflammation', 'oxidative', 'cancer', 'injury', 'il', 'cytokines', 'differentiation', 'endothelial', 'nf']
2020-03-23 14:11:39,332 - root - Topic 3: ['reproduction', 'interval', 'probability', 'parameter', 'contacts', 'epidemic', 'assumed', 'wuhan', 'simulated', 'estimates']
2020-03-23 14:11:39,333 - root - Topic 4: ['goat', 'sds', 'rabbit', 'tris', 'page', 'conjugated', 'polyclonal', 'nacl', 'buffer', 'bsa']
2020-03-23 14:11:39,333 - root - Topic 5: ['committee', 'consent', 'approved', 'informed', 'university', 'accordance', 'manuscript', 'review', 'research', 'science']
2020-03-23 14:11:39,333 - root - Topic 6: ['kg', 'dpi', 'piglets', 'challenged', 'immunized', 'vaccinated', 'pigs', 'weight', 'inoculated', 'challenge']
2020-03-23 14:11:39,333 - root - Topic 7: ['primer', 'qiagen', 'cdna', 'mix', 'cycles', 'forward', 'primers', 'reverse', 'μl', 'kit']
2020-03-23 14:11:39,333 - root - Topic 8: ['anova', 'statistical', 'student', 'software', 'variables', 'variance', 'significance', 'package', 'test', 'statistically']
2020-03-23 14:11:39,333 - root - Topic 9: ['bats', 'zoonotic', 'reservoir', 'bat', 'hosts', 'humans', 'east', 'domestic', 'covs', 'livestock']
2020-03-23 14:11:39,333 - root - Topic 10: ['phylogenetic', 'reads', 'genbank', 'ncbi', 'contigs', 'trees', 'identity', 'tree', 'aligned', 'nucleotide']
2020-03-23 14:11:39,333 - root - Topic 11: ['er', 'rig', 'autophagy', 'kinase', 'endosomal', 'signaling', 'κb', 'membrane', 'vesicles', 'ubiquitin']
2020-03-23 14:11:39,334 - root - Topic 12: ['cd8', 'il', 'ifn', 'cd4', 'cns', 'nk', 'chemokines', 'mice', 'wt', '1β']
2020-03-23 14:11:39,334 - root - Topic 13: ['dmem', 'fbs', 'supplemented', 'fetal', 'seeded', 'medium', 'grown', 'plates', 'vero', 'washed']
2020-03-23 14:11:39,334 - root - Topic 14: ['children', 'rsv', 'deaths', 'adults', 'pneumonia', 'hospitalized', 'infants', 'aged', 'older', 'young']
2020-03-23 14:11:39,334 - root - Topic 15: ['icu', 'admission', 'stay', 'admitted', 'ventilation', 'patients', 'variables', 'cardiac', 'ards', 'therapy']
2020-03-23 14:11:39,334 - root - Topic 16: ['residues', 'rbd', 'hydrophobic', 'conformation', 'helix', 'crystal', 'residue', 'conformational', 'catalytic', 'loop']
2020-03-23 14:11:39,334 - root - Topic 17: ['specimens', 'multiplex', 'swabs', 'diagnostic', 'sensitivity', 'swab', 'pcr', 'detection', 'lamp', 'nucleic']
2020-03-23 14:11:39,334 - root - Topic 18: ['vaccines', 'vaccine', 'immunogenicity', 'humoral', 'epitopes', 'neutralizing', 'antigens', 'delivery', 'immunization', 'epitope']
2020-03-23 14:11:39,334 - root - Topic 19: ['transfected', 'luciferase', 'blot', 'western', 'transfection', 'flag', 'knockdown', 'blotting', 'phosphorylation', 'reporter']
2020-03-23 14:12:23,916 - root - Epoch 15: Loss = 348.7962032992565
2020-03-23 14:12:23,916 - root - [Rec loss = 343.9496] [KL loss =   4.8466] [Entropy loss =   0.0000] [Coh. loss =   0.0000] [Red. loss =   0.0000]
2020-03-23 14:12:29,332 - root - TEST/VALIDATION Perplexity = 698.415684637052 [ Rec Loss = 21220840.921875 + KL loss = 314542.50830078125 / Total test words = 3288440.0]
2020-03-23 14:12:32,316 - root - Test Coherence: 0.31958857916672695
2020-03-23 14:12:32,316 - root - Test Redundancy at 5: 0.0
2020-03-23 14:12:32,316 - root - Topic 0: ['preparedness', 'public', 'policy', 'health', 'communication', 'government', 'services', 'pandemic', 'emergency', 'resources']
2020-03-23 14:12:32,316 - root - Topic 1: ['codon', 'codons', 'orf', 'reading', 'frame', 'frameshifting', 'orfs', 'utr', 'translation', 'nt']
2020-03-23 14:12:32,317 - root - Topic 2: ['inflammation', 'inflammatory', 'cancer', 'oxidative', 'injury', 'il', 'cytokines', 'endothelial', 'differentiation', 'tumor']
2020-03-23 14:12:32,317 - root - Topic 3: ['reproduction', 'interval', 'parameter', 'contacts', 'probability', 'epidemic', 'assumed', 'wuhan', 'simulated', 'estimates']
2020-03-23 14:12:32,317 - root - Topic 4: ['goat', 'sds', 'rabbit', 'tris', 'page', 'conjugated', 'polyclonal', 'nacl', 'buffer', 'overnight']
2020-03-23 14:12:32,317 - root - Topic 5: ['committee', 'consent', 'approved', 'informed', 'university', 'manuscript', 'accordance', 'review', 'research', 'science']
2020-03-23 14:12:32,317 - root - Topic 6: ['kg', 'dpi', 'piglets', 'challenged', 'immunized', 'vaccinated', 'pigs', 'weight', 'inoculated', 'challenge']
2020-03-23 14:12:32,317 - root - Topic 7: ['mix', 'primer', 'cycles', 'qiagen', 'cdna', 'forward', 'primers', 'reverse', 'μl', 'kit']
2020-03-23 14:12:32,317 - root - Topic 8: ['anova', 'statistical', 'student', 'software', 'variables', 'variance', 'significance', 'package', 'test', 'statistically']
2020-03-23 14:12:32,318 - root - Topic 9: ['bats', 'zoonotic', 'reservoir', 'bat', 'hosts', 'humans', 'east', 'domestic', 'covs', 'livestock']
2020-03-23 14:12:32,318 - root - Topic 10: ['phylogenetic', 'reads', 'genbank', 'ncbi', 'contigs', 'trees', 'tree', 'identity', 'aligned', 'sequences']
2020-03-23 14:12:32,318 - root - Topic 11: ['er', 'rig', 'autophagy', 'kinase', 'κb', 'endosomal', 'signaling', 'membrane', 'vesicles', 'enveloped']
2020-03-23 14:12:32,318 - root - Topic 12: ['cd8', 'ifn', 'il', 'cd4', 'cns', 'nk', 'wt', 'mice', 'chemokines', 'ifns']
2020-03-23 14:12:32,318 - root - Topic 13: ['dmem', 'fbs', 'fetal', 'supplemented', 'medium', 'seeded', 'grown', 'plates', 'vero', '37uc']
2020-03-23 14:12:32,318 - root - Topic 14: ['children', 'rsv', 'deaths', 'adults', 'hospitalized', 'pneumonia', 'aged', 'infants', 'older', 'age']
2020-03-23 14:12:32,318 - root - Topic 15: ['icu', 'admission', 'stay', 'admitted', 'ventilation', 'patients', 'cardiac', 'variables', 'ards', 'therapy']
2020-03-23 14:12:32,318 - root - Topic 16: ['residues', 'rbd', 'hydrophobic', 'conformation', 'helix', 'residue', 'crystal', 'conformational', 'catalytic', 'ace2']
2020-03-23 14:12:32,319 - root - Topic 17: ['specimens', 'multiplex', 'swabs', 'diagnostic', 'sensitivity', 'swab', 'pcr', 'lamp', 'nucleic', 'detection']
2020-03-23 14:12:32,319 - root - Topic 18: ['vaccines', 'vaccine', 'immunogenicity', 'humoral', 'epitopes', 'neutralizing', 'antigens', 'delivery', 'epitope', 'immunization']
2020-03-23 14:12:32,319 - root - Topic 19: ['transfected', 'luciferase', 'western', 'transfection', 'blot', 'flag', 'knockdown', 'blotting', 'reporter', 'phosphorylation']
2020-03-23 14:13:20,348 - root - Epoch 16: Loss = 348.3105752788104
2020-03-23 14:13:20,349 - root - [Rec loss = 343.4640] [KL loss =   4.8466] [Entropy loss =   0.0000] [Coh. loss =   0.0000] [Red. loss =   0.0000]
2020-03-23 14:13:25,805 - root - TEST/VALIDATION Perplexity = 688.3077179102132 [ Rec Loss = 21172900.53125 + KL loss = 314542.50830078125 / Total test words = 3288440.0]
2020-03-23 14:13:28,824 - root - Test Coherence: 0.3197057277757899
2020-03-23 14:13:28,824 - root - Test Redundancy at 5: 0.0
2020-03-23 14:13:28,825 - root - Topic 0: ['preparedness', 'public', 'policy', 'health', 'communication', 'government', 'services', 'emergency', 'pandemic', 'resources']
2020-03-23 14:13:28,825 - root - Topic 1: ['codon', 'codons', 'orf', 'reading', 'frame', 'frameshifting', 'orfs', 'utr', 'translation', 'nt']
2020-03-23 14:13:28,825 - root - Topic 2: ['inflammation', 'inflammatory', 'oxidative', 'cancer', 'injury', 'differentiation', 'il', 'endothelial', 'nf', 'cytokines']
2020-03-23 14:13:28,825 - root - Topic 3: ['reproduction', 'interval', 'contacts', 'parameter', 'probability', 'epidemic', 'wuhan', 'simulated', 'assumed', 'estimates']
2020-03-23 14:13:28,825 - root - Topic 4: ['goat', 'sds', 'rabbit', 'tris', 'page', 'conjugated', 'polyclonal', 'nacl', 'buffer', 'bsa']
2020-03-23 14:13:28,825 - root - Topic 5: ['committee', 'consent', 'approved', 'informed', 'university', 'manuscript', 'accordance', 'review', 'research', 'science']
2020-03-23 14:13:28,825 - root - Topic 6: ['kg', 'dpi', 'piglets', 'challenged', 'immunized', 'vaccinated', 'pigs', 'weight', 'inoculated', 'challenge']
2020-03-23 14:13:28,825 - root - Topic 7: ['mix', 'cycles', 'cdna', 'primer', 'qiagen', 'forward', 'primers', 'reverse', 'μl', 'kit']
2020-03-23 14:13:28,826 - root - Topic 8: ['anova', 'statistical', 'student', 'variables', 'software', 'variance', 'significance', 'package', 'statistically', 'test']
2020-03-23 14:13:28,826 - root - Topic 9: ['bats', 'zoonotic', 'reservoir', 'bat', 'hosts', 'humans', 'east', 'domestic', 'covs', 'livestock']
2020-03-23 14:13:28,826 - root - Topic 10: ['phylogenetic', 'genbank', 'reads', 'contigs', 'ncbi', 'trees', 'tree', 'identity', 'aligned', 'sequences']
2020-03-23 14:13:28,826 - root - Topic 11: ['er', 'rig', 'autophagy', 'kinase', 'κb', 'endosomal', 'vesicles', 'membrane', 'enveloped', 'signaling']
2020-03-23 14:13:28,826 - root - Topic 12: ['cd8', 'ifn', 'il', 'cd4', 'cns', 'nk', 'wt', 'chemokines', 'mice', 'ifns']
2020-03-23 14:13:28,826 - root - Topic 13: ['dmem', 'fbs', 'fetal', 'supplemented', 'medium', 'seeded', 'grown', 'plates', 'vero', '37uc']
2020-03-23 14:13:28,826 - root - Topic 14: ['children', 'rsv', 'deaths', 'adults', 'hospitalized', 'pneumonia', 'aged', 'infants', 'older', 'age']
2020-03-23 14:13:28,826 - root - Topic 15: ['icu', 'admission', 'stay', 'admitted', 'ventilation', 'patients', 'cardiac', 'ards', 'kg', 'therapy']
2020-03-23 14:13:28,827 - root - Topic 16: ['rbd', 'residues', 'hydrophobic', 'helix', 'crystal', 'conformation', 'residue', 'conformational', 'catalytic', 'ace2']
2020-03-23 14:13:28,827 - root - Topic 17: ['multiplex', 'specimens', 'swabs', 'diagnostic', 'sensitivity', 'swab', 'pcr', 'lamp', 'nucleic', 'detection']
2020-03-23 14:13:28,827 - root - Topic 18: ['vaccines', 'vaccine', 'immunogenicity', 'epitopes', 'humoral', 'neutralizing', 'delivery', 'antigens', 'epitope', 'immunization']
2020-03-23 14:13:28,827 - root - Topic 19: ['transfected', 'luciferase', 'western', 'blot', 'transfection', 'flag', 'knockdown', 'blotting', 'phosphorylation', 'reporter']
2020-03-23 14:14:14,340 - root - Epoch 17: Loss = 347.75188684944237
2020-03-23 14:14:14,340 - root - [Rec loss = 342.9053] [KL loss =   4.8466] [Entropy loss =   0.0000] [Coh. loss =   0.0000] [Red. loss =   0.0000]
2020-03-23 14:14:19,787 - root - TEST/VALIDATION Perplexity = 682.5580696155567 [ Rec Loss = 21145315.796875 + KL loss = 314542.50830078125 / Total test words = 3288440.0]
2020-03-23 14:14:22,819 - root - Test Coherence: 0.317247907853816
2020-03-23 14:14:22,820 - root - Test Redundancy at 5: 0.0
2020-03-23 14:14:22,820 - root - Topic 0: ['preparedness', 'public', 'policy', 'communication', 'health', 'government', 'services', 'emergency', 'pandemic', 'resources']
2020-03-23 14:14:22,820 - root - Topic 1: ['codon', 'codons', 'orf', 'reading', 'frameshifting', 'frame', 'orfs', 'utr', 'translation', 'nt']
2020-03-23 14:14:22,821 - root - Topic 2: ['inflammation', 'inflammatory', 'oxidative', 'cancer', 'injury', 'differentiation', 'endothelial', 'il', 'nf', 'tumor']
2020-03-23 14:14:22,821 - root - Topic 3: ['reproduction', 'interval', 'contacts', 'parameter', 'probability', 'wuhan', 'epidemic', 'simulated', 'assumed', 'susceptible']
2020-03-23 14:14:22,821 - root - Topic 4: ['goat', 'sds', 'rabbit', 'tris', 'page', 'conjugated', 'polyclonal', 'buffer', 'blocked', 'nacl']
2020-03-23 14:14:22,821 - root - Topic 5: ['committee', 'consent', 'approved', 'informed', 'manuscript', 'university', 'accordance', 'review', 'research', 'science']
2020-03-23 14:14:22,821 - root - Topic 6: ['kg', 'dpi', 'piglets', 'challenged', 'immunized', 'pigs', 'vaccinated', 'weight', 'inoculated', 'challenge']
2020-03-23 14:14:22,821 - root - Topic 7: ['mix', 'cycles', 'cdna', 'qiagen', 'primer', 'forward', 'primers', 'reverse', 'μl', 'kit']
2020-03-23 14:14:22,822 - root - Topic 8: ['anova', 'statistical', 'student', 'variables', 'software', 'variance', 'significance', 'package', 'statistically', 'test']
2020-03-23 14:14:22,822 - root - Topic 9: ['bats', 'zoonotic', 'reservoir', 'bat', 'hosts', 'humans', 'east', 'domestic', 'covs', 'livestock']
2020-03-23 14:14:22,822 - root - Topic 10: ['phylogenetic', 'genbank', 'reads', 'contigs', 'ncbi', 'trees', 'identity', 'tree', 'aligned', 'sequences']
2020-03-23 14:14:22,822 - root - Topic 11: ['er', 'rig', 'autophagy', 'kinase', 'endosomal', 'κb', 'enveloped', 'vesicles', 'membrane', 'ifns']
2020-03-23 14:14:22,822 - root - Topic 12: ['cd8', 'il', 'cd4', 'ifn', 'cns', 'nk', 'wt', 'ifns', 'chemokines', 'mice']
2020-03-23 14:14:22,823 - root - Topic 13: ['dmem', 'fbs', 'fetal', 'supplemented', 'medium', 'seeded', 'grown', 'vero', 'plates', '37uc']
2020-03-23 14:14:22,823 - root - Topic 14: ['children', 'rsv', 'deaths', 'adults', 'aged', 'hospitalized', 'infants', 'pneumonia', 'older', 'age']
2020-03-23 14:14:22,823 - root - Topic 15: ['icu', 'admission', 'stay', 'admitted', 'ventilation', 'cardiac', 'ards', 'patients', 'kg', 'therapy']
2020-03-23 14:14:22,823 - root - Topic 16: ['rbd', 'residues', 'hydrophobic', 'helix', 'conformation', 'crystal', 'residue', 'catalytic', 'conformational', 'ace2']
2020-03-23 14:14:22,823 - root - Topic 17: ['multiplex', 'specimens', 'swabs', 'diagnostic', 'sensitivity', 'swab', 'pcr', 'lamp', 'nucleic', 'detection']
2020-03-23 14:14:22,823 - root - Topic 18: ['vaccines', 'vaccine', 'immunogenicity', 'epitopes', 'humoral', 'neutralizing', 'delivery', 'epitope', 'antigens', 'immunization']
2020-03-23 14:14:22,824 - root - Topic 19: ['transfected', 'luciferase', 'western', 'blot', 'transfection', 'flag', 'knockdown', 'blotting', 'phosphorylation', 'reporter']
2020-03-23 14:15:08,534 - root - Epoch 18: Loss = 347.197625348513
2020-03-23 14:15:08,535 - root - [Rec loss = 342.3511] [KL loss =   4.8466] [Entropy loss =   0.0000] [Coh. loss =   0.0000] [Red. loss =   0.0000]
2020-03-23 14:15:13,970 - root - TEST/VALIDATION Perplexity = 672.6378320691666 [ Rec Loss = 21097171.1875 + KL loss = 314542.50830078125 / Total test words = 3288440.0]
2020-03-23 14:15:16,974 - root - Test Coherence: 0.31574801048212453
2020-03-23 14:15:16,974 - root - Test Redundancy at 5: 0.0
2020-03-23 14:15:16,975 - root - Topic 0: ['preparedness', 'public', 'policy', 'communication', 'health', 'government', 'services', 'emergency', 'pandemic', 'resources']
2020-03-23 14:15:16,975 - root - Topic 1: ['codon', 'codons', 'orf', 'frameshifting', 'reading', 'frame', 'orfs', 'utr', 'translation', 'nt']
2020-03-23 14:15:16,975 - root - Topic 2: ['inflammation', 'inflammatory', 'oxidative', 'cancer', 'injury', 'endothelial', 'differentiation', 'nf', 'tumor', 'ang']
2020-03-23 14:15:16,975 - root - Topic 3: ['reproduction', 'interval', 'contacts', 'parameter', 'probability', 'wuhan', 'simulated', 'epidemic', 'assumed', 'estimates']
2020-03-23 14:15:16,975 - root - Topic 4: ['goat', 'sds', 'rabbit', 'tris', 'page', 'conjugated', 'polyclonal', 'nacl', 'buffer', 'blocked']
2020-03-23 14:15:16,975 - root - Topic 5: ['committee', 'consent', 'approved', 'informed', 'manuscript', 'university', 'accordance', 'review', 'research', 'science']
2020-03-23 14:15:16,975 - root - Topic 6: ['kg', 'dpi', 'piglets', 'challenged', 'vaccinated', 'pigs', 'immunized', 'weight', 'inoculated', 'challenge']
2020-03-23 14:15:16,976 - root - Topic 7: ['mix', 'cycles', 'qiagen', 'primer', 'cdna', 'forward', 'primers', 'reverse', 'μl', 'kit']
2020-03-23 14:15:16,976 - root - Topic 8: ['anova', 'statistical', 'student', 'variables', 'variance', 'software', 'significance', 'package', 'statistically', 'test']
2020-03-23 14:15:16,976 - root - Topic 9: ['bats', 'zoonotic', 'reservoir', 'bat', 'hosts', 'humans', 'east', 'covs', 'domestic', 'livestock']
2020-03-23 14:15:16,976 - root - Topic 10: ['phylogenetic', 'genbank', 'reads', 'contigs', 'ncbi', 'trees', 'identity', 'tree', 'aligned', 'sequences']
2020-03-23 14:15:16,976 - root - Topic 11: ['er', 'rig', 'autophagy', 'endosomal', 'κb', 'kinase', 'vesicles', 'enveloped', 'ifns', 'membrane']
2020-03-23 14:15:16,976 - root - Topic 12: ['cd8', 'ifn', 'il', 'cd4', 'cns', 'nk', 'wt', 'ifns', 'chemokines', 'mice']
2020-03-23 14:15:16,976 - root - Topic 13: ['dmem', 'fbs', 'fetal', 'supplemented', 'medium', 'seeded', 'grown', 'vero', 'bovine', '37uc']
2020-03-23 14:15:16,976 - root - Topic 14: ['children', 'rsv', 'deaths', 'adults', 'aged', 'hospitalized', 'infants', 'older', 'pneumonia', 'age']
2020-03-23 14:15:16,977 - root - Topic 15: ['icu', 'admission', 'stay', 'admitted', 'ventilation', 'cardiac', 'ards', 'kg', 'therapy', 'patients']
2020-03-23 14:15:16,977 - root - Topic 16: ['rbd', 'residues', 'hydrophobic', 'helix', 'conformation', 'crystal', 'residue', 'catalytic', 'conformational', 'ace2']
2020-03-23 14:15:16,977 - root - Topic 17: ['multiplex', 'specimens', 'diagnostic', 'swabs', 'sensitivity', 'swab', 'lamp', 'pcr', 'nucleic', 'detection']
2020-03-23 14:15:16,977 - root - Topic 18: ['vaccines', 'immunogenicity', 'vaccine', 'epitopes', 'humoral', 'neutralizing', 'epitope', 'delivery', 'antigens', 'trials']
2020-03-23 14:15:16,977 - root - Topic 19: ['transfected', 'luciferase', 'western', 'blot', 'flag', 'transfection', 'knockdown', 'blotting', 'phosphorylation', 'reporter']
2020-03-23 14:16:02,483 - root - Epoch 19: Loss = 346.7627575511152
2020-03-23 14:16:02,483 - root - [Rec loss = 341.9162] [KL loss =   4.8466] [Entropy loss =   0.0000] [Coh. loss =   0.0000] [Red. loss =   0.0000]
2020-03-23 14:16:07,922 - root - TEST/VALIDATION Perplexity = 669.4056210076683 [ Rec Loss = 21081331.234375 + KL loss = 314542.50830078125 / Total test words = 3288440.0]
2020-03-23 14:16:10,966 - root - Test Coherence: 0.3111932892359194
2020-03-23 14:16:10,966 - root - Test Redundancy at 5: 0.0
2020-03-23 14:16:10,967 - root - Topic 0: ['preparedness', 'policy', 'public', 'communication', 'health', 'government', 'services', 'emergency', 'pandemic', 'resources']
2020-03-23 14:16:10,967 - root - Topic 1: ['codon', 'codons', 'orf', 'frameshifting', 'frame', 'reading', 'orfs', 'utr', 'translation', 'nt']
2020-03-23 14:16:10,967 - root - Topic 2: ['inflammation', 'inflammatory', 'oxidative', 'cancer', 'injury', 'differentiation', 'endothelial', 'ang', 'tumor', 'nf']
2020-03-23 14:16:10,967 - root - Topic 3: ['reproduction', 'interval', 'contacts', 'parameter', 'probability', 'wuhan', 'simulated', 'assumed', 'epidemic', 'estimates']
2020-03-23 14:16:10,967 - root - Topic 4: ['goat', 'sds', 'rabbit', 'tris', 'page', 'conjugated', 'polyclonal', 'membranes', 'buffer', 'nacl']
2020-03-23 14:16:10,967 - root - Topic 5: ['consent', 'committee', 'approved', 'informed', 'manuscript', 'university', 'accordance', 'review', 'research', 'science']
2020-03-23 14:16:10,968 - root - Topic 6: ['kg', 'piglets', 'dpi', 'challenged', 'pigs', 'vaccinated', 'immunized', 'weight', 'inoculated', 'challenge']
2020-03-23 14:16:10,968 - root - Topic 7: ['mix', 'cycles', 'qiagen', 'cdna', 'primer', 'forward', 'reverse', 'μl', 'primers', 'kit']
2020-03-23 14:16:10,968 - root - Topic 8: ['anova', 'statistical', 'student', 'variables', 'variance', 'software', 'significance', 'package', 'regression', 'statistically']
2020-03-23 14:16:10,968 - root - Topic 9: ['bats', 'zoonotic', 'reservoir', 'bat', 'hosts', 'humans', 'east', 'covs', 'domestic', 'livestock']
2020-03-23 14:16:10,968 - root - Topic 10: ['phylogenetic', 'genbank', 'reads', 'contigs', 'ncbi', 'trees', 'identity', 'tree', 'aligned', 'strains']
2020-03-23 14:16:10,968 - root - Topic 11: ['er', 'rig', 'autophagy', 'endosomal', 'vesicles', 'κb', 'enveloped', 'kinase', 'ifns', 'assembly']
2020-03-23 14:16:10,968 - root - Topic 12: ['cd8', 'cd4', 'ifn', 'il', 'cns', 'nk', 'wt', 'ifns', 'chemokines', 'monocytes']
2020-03-23 14:16:10,969 - root - Topic 13: ['dmem', 'fbs', 'fetal', 'supplemented', 'medium', 'seeded', 'grown', 'bovine', 'vero', '37uc']
2020-03-23 14:16:10,969 - root - Topic 14: ['children', 'rsv', 'deaths', 'adults', 'aged', 'hospitalized', 'infants', 'older', 'pneumonia', 'age']
2020-03-23 14:16:10,969 - root - Topic 15: ['icu', 'admission', 'stay', 'admitted', 'ventilation', 'cardiac', 'kg', 'ards', 'therapy', 'patients']
2020-03-23 14:16:10,969 - root - Topic 16: ['rbd', 'residues', 'hydrophobic', 'helix', 'conformation', 'crystal', 'residue', 'catalytic', 'conformational', 'ace2']
2020-03-23 14:16:10,969 - root - Topic 17: ['multiplex', 'specimens', 'diagnostic', 'swabs', 'sensitivity', 'swab', 'lamp', 'pcr', 'nucleic', 'detection']
2020-03-23 14:16:10,969 - root - Topic 18: ['vaccines', 'immunogenicity', 'vaccine', 'epitopes', 'humoral', 'neutralizing', 'epitope', 'delivery', 'antigens', 'trials']
2020-03-23 14:16:10,969 - root - Topic 19: ['transfected', 'luciferase', 'western', 'blot', 'flag', 'transfection', 'knockdown', 'blotting', 'phosphorylation', 'reporter']
2020-03-23 14:16:56,126 - root - Epoch 20: Loss = 346.3112082946097
2020-03-23 14:16:56,126 - root - [Rec loss = 341.4646] [KL loss =   4.8466] [Entropy loss =   0.0000] [Coh. loss =   0.0000] [Red. loss =   0.0000]
2020-03-23 14:17:01,553 - root - TEST/VALIDATION Perplexity = 657.6084289942469 [ Rec Loss = 21022861.046875 + KL loss = 314542.50830078125 / Total test words = 3288440.0]
2020-03-23 14:17:04,571 - root - Test Coherence: 0.3086088161739394
2020-03-23 14:17:04,572 - root - Test Redundancy at 5: 0.0
2020-03-23 14:17:04,572 - root - Topic 0: ['preparedness', 'policy', 'public', 'communication', 'government', 'health', 'services', 'emergency', 'pandemic', 'resources']
2020-03-23 14:17:04,572 - root - Topic 1: ['codon', 'codons', 'frameshifting', 'orf', 'frame', 'reading', 'orfs', 'utr', 'translation', 'nt']
2020-03-23 14:17:04,573 - root - Topic 2: ['inflammation', 'cancer', 'oxidative', 'inflammatory', 'injury', 'ang', 'endothelial', 'differentiation', 'tumor', 'nf']
2020-03-23 14:17:04,573 - root - Topic 3: ['reproduction', 'interval', 'contacts', 'parameter', 'probability', 'wuhan', 'simulated', 'assumed', 'epidemic', 'susceptible']
2020-03-23 14:17:04,573 - root - Topic 4: ['goat', 'sds', 'rabbit', 'page', 'tris', 'conjugated', 'polyclonal', 'membranes', 'blocked', 'buffer']
2020-03-23 14:17:04,573 - root - Topic 5: ['consent', 'committee', 'approved', 'manuscript', 'informed', 'university', 'accordance', 'review', 'research', 'authors']
2020-03-23 14:17:04,573 - root - Topic 6: ['kg', 'piglets', 'dpi', 'pigs', 'vaccinated', 'challenged', 'immunized', 'weight', 'inoculated', 'challenge']
2020-03-23 14:17:04,573 - root - Topic 7: ['mix', 'cycles', 'cdna', 'qiagen', 'primer', 'forward', 'reverse', 'μl', 'primers', 'µl']
2020-03-23 14:17:04,573 - root - Topic 8: ['anova', 'statistical', 'student', 'variables', 'variance', 'software', 'significance', 'package', 'regression', 'statistically']
2020-03-23 14:17:04,574 - root - Topic 9: ['bats', 'zoonotic', 'reservoir', 'bat', 'hosts', 'humans', 'covs', 'east', 'domestic', 'livestock']
2020-03-23 14:17:04,574 - root - Topic 10: ['phylogenetic', 'reads', 'genbank', 'contigs', 'ncbi', 'identity', 'trees', 'tree', 'aligned', 'strains']
2020-03-23 14:17:04,574 - root - Topic 11: ['rig', 'autophagy', 'er', 'endosomal', 'κb', 'vesicles', 'enveloped', 'ifns', 'kinase', 'assembly']
2020-03-23 14:17:04,574 - root - Topic 12: ['cd8', 'ifn', 'cd4', 'cns', 'il', 'nk', 'wt', 'ifns', 'chemokines', 'ko']
2020-03-23 14:17:04,574 - root - Topic 13: ['dmem', 'fbs', 'fetal', 'supplemented', 'medium', 'seeded', 'grown', 'bovine', 'cultured', 'vero']
2020-03-23 14:17:04,574 - root - Topic 14: ['children', 'rsv', 'deaths', 'adults', 'aged', 'hospitalized', 'infants', 'older', 'pneumonia', 'age']
2020-03-23 14:17:04,574 - root - Topic 15: ['icu', 'stay', 'admission', 'admitted', 'ventilation', 'cardiac', 'kg', 'ards', 'therapy', 'patients']
2020-03-23 14:17:04,574 - root - Topic 16: ['rbd', 'residues', 'hydrophobic', 'helix', 'conformation', 'crystal', 'residue', 'catalytic', 'ace2', 'conformational']
2020-03-23 14:17:04,575 - root - Topic 17: ['multiplex', 'specimens', 'diagnostic', 'swabs', 'sensitivity', 'swab', 'lamp', 'pcr', 'nucleic', 'detection']
2020-03-23 14:17:04,575 - root - Topic 18: ['vaccines', 'immunogenicity', 'vaccine', 'epitopes', 'humoral', 'neutralizing', 'epitope', 'delivery', 'antigens', 'trials']
2020-03-23 14:17:04,575 - root - Topic 19: ['transfected', 'luciferase', 'western', 'flag', 'blot', 'transfection', 'knockdown', 'blotting', 'phosphorylation', 'reporter']
2020-03-23 14:17:10,055 - root - TEST/VALIDATION Perplexity = 658.4002627101453 [ Rec Loss = 21026818.3125 + KL loss = 314542.50830078125 / Total test words = 3288440.0]
2020-03-23 14:17:13,049 - root - Test Coherence: 0.3086088161739394
2020-03-23 14:17:13,049 - root - Test Redundancy at 5: 0.0
2020-03-23 14:17:13,049 - root - Topic 0: ['preparedness', 'policy', 'public', 'communication', 'government', 'health', 'services', 'emergency', 'pandemic', 'resources']
2020-03-23 14:17:13,050 - root - Topic 1: ['codon', 'codons', 'frameshifting', 'orf', 'frame', 'reading', 'orfs', 'utr', 'translation', 'nt']
2020-03-23 14:17:13,050 - root - Topic 2: ['inflammation', 'cancer', 'oxidative', 'inflammatory', 'injury', 'ang', 'endothelial', 'differentiation', 'tumor', 'nf']
2020-03-23 14:17:13,050 - root - Topic 3: ['reproduction', 'interval', 'contacts', 'parameter', 'probability', 'wuhan', 'simulated', 'assumed', 'epidemic', 'susceptible']
2020-03-23 14:17:13,050 - root - Topic 4: ['goat', 'sds', 'rabbit', 'page', 'tris', 'conjugated', 'polyclonal', 'membranes', 'blocked', 'buffer']
2020-03-23 14:17:13,050 - root - Topic 5: ['consent', 'committee', 'approved', 'manuscript', 'informed', 'university', 'accordance', 'review', 'research', 'authors']
2020-03-23 14:17:13,050 - root - Topic 6: ['kg', 'piglets', 'dpi', 'pigs', 'vaccinated', 'challenged', 'immunized', 'weight', 'inoculated', 'challenge']
2020-03-23 14:17:13,050 - root - Topic 7: ['mix', 'cycles', 'cdna', 'qiagen', 'primer', 'forward', 'reverse', 'μl', 'primers', 'µl']
2020-03-23 14:17:13,051 - root - Topic 8: ['anova', 'statistical', 'student', 'variables', 'variance', 'software', 'significance', 'package', 'regression', 'statistically']
2020-03-23 14:17:13,051 - root - Topic 9: ['bats', 'zoonotic', 'reservoir', 'bat', 'hosts', 'humans', 'covs', 'east', 'domestic', 'livestock']
2020-03-23 14:17:13,051 - root - Topic 10: ['phylogenetic', 'reads', 'genbank', 'contigs', 'ncbi', 'identity', 'trees', 'tree', 'aligned', 'strains']
2020-03-23 14:17:13,051 - root - Topic 11: ['rig', 'autophagy', 'er', 'endosomal', 'κb', 'vesicles', 'enveloped', 'ifns', 'kinase', 'assembly']
2020-03-23 14:17:13,051 - root - Topic 12: ['cd8', 'ifn', 'cd4', 'cns', 'il', 'nk', 'wt', 'ifns', 'chemokines', 'ko']
2020-03-23 14:17:13,051 - root - Topic 13: ['dmem', 'fbs', 'fetal', 'supplemented', 'medium', 'seeded', 'grown', 'bovine', 'cultured', 'vero']
2020-03-23 14:17:13,051 - root - Topic 14: ['children', 'rsv', 'deaths', 'adults', 'aged', 'hospitalized', 'infants', 'older', 'pneumonia', 'age']
2020-03-23 14:17:13,051 - root - Topic 15: ['icu', 'stay', 'admission', 'admitted', 'ventilation', 'cardiac', 'kg', 'ards', 'therapy', 'patients']
2020-03-23 14:17:13,052 - root - Topic 16: ['rbd', 'residues', 'hydrophobic', 'helix', 'conformation', 'crystal', 'residue', 'catalytic', 'ace2', 'conformational']
2020-03-23 14:17:13,052 - root - Topic 17: ['multiplex', 'specimens', 'diagnostic', 'swabs', 'sensitivity', 'swab', 'lamp', 'pcr', 'nucleic', 'detection']
2020-03-23 14:17:13,052 - root - Topic 18: ['vaccines', 'immunogenicity', 'vaccine', 'epitopes', 'humoral', 'neutralizing', 'epitope', 'delivery', 'antigens', 'trials']
2020-03-23 14:17:13,052 - root - Topic 19: ['transfected', 'luciferase', 'western', 'flag', 'blot', 'transfection', 'knockdown', 'blotting', 'phosphorylation', 'reporter']
2020-03-23 14:17:13,078 - root - ******************************************
2020-03-23 14:17:13,078 - root - Final VALIDATATION NPMI         ==> 0.3086088161739394
2020-03-23 14:17:13,078 - root - Final VALIDATATION Perplexity   ==> 658.4002627101453
2020-03-23 14:17:13,078 - root - Final VALIDATATION Redundancy   ==> 0.0
2020-03-23 14:17:13,079 - root - Final VALIDATATION Encoder NPMI ==> 0.0
2020-03-23 14:17:13,079 - root - Model parameters, configuration and vocabulary written to /Users/sheetskristen/covid/data/tmnt/_experiments/train_2020_3_23_13_56_30_762161/MODEL
2020-03-23 14:17:13,121 - root - Model training FINISHED. Time: 0:20:42.359342
